C:\USERS\TUOPELO\DESKTOP\TURBOSPHERESRC64\LIB\GETKEYSTRING.DLL
C:\Users\Tuopelo\Desktop\turbospheresrc64\lib\getkeystring.exp
C:\Users\Tuopelo\Desktop\turbospheresrc64\lib\getkeystring.lib
C:\USERS\TUOPELO\DESKTOP\TURBOSPHERESRC64\LIB\GETKEYSTRING.PDB
C:\Users\Tuopelo\Desktop\turbospheresrc64\plugins\getkeystring\x64\Release\cl.command.1.tlog
C:\Users\Tuopelo\Desktop\turbospheresrc64\plugins\getkeystring\x64\Release\CL.read.1.tlog
C:\Users\Tuopelo\Desktop\turbospheresrc64\plugins\getkeystring\x64\Release\CL.write.1.tlog
C:\USERS\TUOPELO\DESKTOP\TURBOSPHERESRC64\PLUGINS\GETKEYSTRING\X64\RELEASE\GETKEYSTRING.DLL.INTERMEDIATE.MANIFEST
C:\USERS\TUOPELO\DESKTOP\TURBOSPHERESRC64\PLUGINS\GETKEYSTRING\X64\RELEASE\GETKEYSTRING.OBJ
C:\Users\Tuopelo\Desktop\turbospheresrc64\plugins\getkeystring\x64\Release\getkeystring.write.1.tlog
C:\Users\Tuopelo\Desktop\turbospheresrc64\plugins\getkeystring\x64\Release\link.command.1.tlog
C:\Users\Tuopelo\Desktop\turbospheresrc64\plugins\getkeystring\x64\Release\link.read.1.tlog
C:\Users\Tuopelo\Desktop\turbospheresrc64\plugins\getkeystring\x64\Release\link.write.1.tlog
C:\Users\Tuopelo\Desktop\turbospheresrc64\plugins\getkeystring\x64\Release\mt.command.1.tlog
C:\Users\Tuopelo\Desktop\turbospheresrc64\plugins\getkeystring\x64\Release\mt.read.1.tlog
C:\Users\Tuopelo\Desktop\turbospheresrc64\plugins\getkeystring\x64\Release\mt.write.1.tlog
C:\USERS\TUOPELO\DESKTOP\TURBOSPHERESRC64\PLUGINS\GETKEYSTRING\X64\RELEASE\VC100.PDB
C:\USERS\TUOPELO\DESKTOP\TURBOSPHERESRC64\PLUGINS\GETKEYSTRING\X64\RELEASE\VCWINDOWS7.1SDK.PDB
C:\Users\Tuopelo\Desktop\turbospheresrc64\turbosphere\\..\lib\getkeystring.dll
C:\Users\Tuopelo\Desktop\turbospheresrc64\turbosphere\\..\lib\getkeystring.pdb
