Build started 3/29/2013 5:29:31 PM.
     1>Project "C:\Users\Tuopelo\Desktop\turbospheresrc64\plugins\getkeystring\getkeystring.vcxproj" on node 2 (rebuild target(s)).
     1>Building with tools version "4.0".
     1>Target "_CheckForInvalidConfigurationAndPlatform" in file "C:\Windows\Microsoft.NET\Framework\v4.0.30319\Microsoft.Common.Targets" from project "C:\Users\Tuopelo\Desktop\turbospheresrc64\plugins\getkeystring\getkeystring.vcxproj" (entry point):
       Task "Error" skipped, due to false condition; ( '$(_InvalidConfigurationError)' == 'true' ) was evaluated as ( '' == 'true' ).
       Task "Warning" skipped, due to false condition; ( '$(_InvalidConfigurationWarning)' == 'true' ) was evaluated as ( '' == 'true' ).
       Task "Message"
         Configuration=Release
       Done executing task "Message".
       Task "Message"
         Platform=x64
       Done executing task "Message".
       Task "Error" skipped, due to false condition; ('$(OutDir)' != '' and !HasTrailingSlash('$(OutDir)')) was evaluated as ('C:\Users\Tuopelo\Desktop\turbospheresrc64\turbosphere\\..\lib\' != '' and !HasTrailingSlash('C:\Users\Tuopelo\Desktop\turbospheresrc64\turbosphere\\..\lib\')).
       Task "Error" skipped, due to false condition; ('$(BaseIntermediateOutputPath)' != '' and !HasTrailingSlash('$(BaseIntermediateOutputPath)')) was evaluated as ('obj\' != '' and !HasTrailingSlash('obj\')).
       Task "Error" skipped, due to false condition; ('$(IntermediateOutputPath)' != '' and !HasTrailingSlash('$(IntermediateOutputPath)')) was evaluated as ('x64\Release\' != '' and !HasTrailingSlash('x64\Release\')).
     1>Done building target "_CheckForInvalidConfigurationAndPlatform" in project "getkeystring.vcxproj".
     1>Target "_DetermineManagedStateFromCL" in file "C:\Program Files (x86)\MSBuild\Microsoft.Cpp\v4.0\Microsoft.CppBuild.targets" from project "C:\Users\Tuopelo\Desktop\turbospheresrc64\plugins\getkeystring\getkeystring.vcxproj" (target "Rebuild" depends on it):
     1>Done building target "_DetermineManagedStateFromCL" in project "getkeystring.vcxproj".
     1>Target "_PrepareForRebuild" in file "C:\Program Files (x86)\MSBuild\Microsoft.Cpp\v4.0\Microsoft.BuildSteps.Targets" from project "C:\Users\Tuopelo\Desktop\turbospheresrc64\plugins\getkeystring\getkeystring.vcxproj" (target "Rebuild" depends on it):
     1>Done building target "_PrepareForRebuild" in project "getkeystring.vcxproj".
     1>Target "BeforeRebuild" in file "C:\Windows\Microsoft.NET\Framework\v4.0.30319\Microsoft.Common.Targets" from project "C:\Users\Tuopelo\Desktop\turbospheresrc64\plugins\getkeystring\getkeystring.vcxproj" (target "Rebuild" depends on it):
     1>Done building target "BeforeRebuild" in project "getkeystring.vcxproj".
     1>Target "_PrepareForClean" in file "C:\Program Files (x86)\MSBuild\Microsoft.Cpp\v4.0\Microsoft.BuildSteps.Targets" from project "C:\Users\Tuopelo\Desktop\turbospheresrc64\plugins\getkeystring\getkeystring.vcxproj" (target "Clean" depends on it):
       Task "Delete"
         Deleting file "x64\Release\getkeystring.lastbuildstate".
       Done executing task "Delete".
     1>Done building target "_PrepareForClean" in project "getkeystring.vcxproj".
     1>Target "BeforeClean" in file "C:\Windows\Microsoft.NET\Framework\v4.0.30319\Microsoft.Common.Targets" from project "C:\Users\Tuopelo\Desktop\turbospheresrc64\plugins\getkeystring\getkeystring.vcxproj" (target "Clean" depends on it):
     1>Done building target "BeforeClean" in project "getkeystring.vcxproj".
       Target "UnmanagedUnregistration" skipped, due to false condition; ((('$(_AssemblyTimestampBeforeCompile)' != '$(_AssemblyTimestampAfterCompile)' or '$(RegisterForComInterop)' != 'true' or '$(OutputType)' != 'library') or
                           ('$(_AssemblyTimestampBeforeCompile)' == '')) and
                          Exists('@(_UnmanagedRegistrationCache)')) was evaluated as ((('' != '' or '' != 'true' or 'library' != 'library') or
                           ('' == '')) and
                          Exists('obj\getkeystring.vcxproj.UnmanagedRegistration.cache')).
     1>Target "CoreClean" in file "C:\Windows\Microsoft.NET\Framework\v4.0.30319\Microsoft.Common.Targets" from project "C:\Users\Tuopelo\Desktop\turbospheresrc64\plugins\getkeystring\getkeystring.vcxproj" (target "Clean" depends on it):
       Task "Delete"
       Done executing task "Delete".
       Task "ReadLinesFromFile"
       Done executing task "ReadLinesFromFile".
       Task "FindUnderPath"
         Comparison path is "C:\Users\Tuopelo\Desktop\turbospheresrc64\turbosphere\\..\lib\".
       Done executing task "FindUnderPath".
       Task "FindUnderPath"
         Comparison path is "x64\Release\".
       Done executing task "FindUnderPath".
       Task "Delete"
       Done executing task "Delete".
       Task "RemoveDuplicates"
       Done executing task "RemoveDuplicates".
       Task "MakeDir"
       Done executing task "MakeDir".
       Task "WriteLinesToFile"
       Done executing task "WriteLinesToFile".
     1>Done building target "CoreClean" in project "getkeystring.vcxproj".
       Target "AssignProjectConfiguration" skipped, due to false condition; ('@(ProjectReference)'!='') was evaluated as (''!='').
     1>Target "_SplitProjectReferencesByFileExistence" in file "C:\Windows\Microsoft.NET\Framework\v4.0.30319\Microsoft.Common.Targets" from project "C:\Users\Tuopelo\Desktop\turbospheresrc64\plugins\getkeystring\getkeystring.vcxproj" (target "CleanReferencedProjects" depends on it):
       Task "ResolveNonMSBuildProjectOutput" skipped, due to false condition; ('$(BuildingInsideVisualStudio)'=='true' and '@(ProjectReferenceWithConfiguration)'!='') was evaluated as ('true'=='true' and ''!='').
     1>Done building target "_SplitProjectReferencesByFileExistence" in project "getkeystring.vcxproj".
     1>Target "CleanReferencedProjects" in file "C:\Windows\Microsoft.NET\Framework\v4.0.30319\Microsoft.Common.Targets" from project "C:\Users\Tuopelo\Desktop\turbospheresrc64\plugins\getkeystring\getkeystring.vcxproj" (target "Clean" depends on it):
       Task "MSBuild" skipped, due to false condition; ('$(BuildingInsideVisualStudio)' != 'true' and '$(BuildProjectReferences)' == 'true' and '@(_MSBuildProjectReferenceExistent)' != '') was evaluated as ('true' != 'true' and 'true' == 'true' and '' != '').
     1>Done building target "CleanReferencedProjects" in project "getkeystring.vcxproj".
     1>Target "CleanPublishFolder" in file "C:\Windows\Microsoft.NET\Framework\v4.0.30319\Microsoft.Common.Targets" from project "C:\Users\Tuopelo\Desktop\turbospheresrc64\plugins\getkeystring\getkeystring.vcxproj" (target "Clean" depends on it):
       Task "RemoveDir" skipped, due to false condition; ('$(PublishDir)'=='$(OutputPath)app.publish\' and Exists('$(PublishDir)')) was evaluated as ('C:\Users\Tuopelo\Desktop\turbospheresrc64\turbosphere\x64\Release\app.publish\'=='C:\Users\Tuopelo\Desktop\turbospheresrc64\turbosphere\x64\Release\app.publish\' and Exists('C:\Users\Tuopelo\Desktop\turbospheresrc64\turbosphere\x64\Release\app.publish\')).
     1>Done building target "CleanPublishFolder" in project "getkeystring.vcxproj".
     1>Target "AfterClean" in file "C:\Windows\Microsoft.NET\Framework\v4.0.30319\Microsoft.Common.Targets" from project "C:\Users\Tuopelo\Desktop\turbospheresrc64\plugins\getkeystring\getkeystring.vcxproj" (target "Clean" depends on it):
     1>Done building target "AfterClean" in project "getkeystring.vcxproj".
       Target "EntityClean" skipped, due to false condition; ('@(EntityDeploy)' != '') was evaluated as ('' != '').
     1>Target "BeforeCppClean" in file "C:\Program Files (x86)\MSBuild\Microsoft.Cpp\v4.0\Microsoft.CppClean.targets" from project "C:\Users\Tuopelo\Desktop\turbospheresrc64\plugins\getkeystring\getkeystring.vcxproj" (target "CppClean" depends on it):
     1>Done building target "BeforeCppClean" in project "getkeystring.vcxproj".
     1>Target "CoreCppClean" in file "C:\Program Files (x86)\MSBuild\Microsoft.Cpp\v4.0\Microsoft.CppClean.targets" from project "C:\Users\Tuopelo\Desktop\turbospheresrc64\plugins\getkeystring\getkeystring.vcxproj" (target "CppClean" depends on it):
       Task "MakeDir"
       Done executing task "MakeDir".
       Using "CppClean" task from assembly "Microsoft.Build.CppTasks.Common, Version=4.0.0.0, Culture=neutral, PublicKeyToken=b03f5f7f11d50a3a".
       Task "CppClean"
       Done executing task "CppClean".
       Task "WriteLinesToFile"
       Done executing task "WriteLinesToFile".
     1>Done building target "CoreCppClean" in project "getkeystring.vcxproj".
     1>Target "AfterCppClean" in file "C:\Program Files (x86)\MSBuild\Microsoft.Cpp\v4.0\Microsoft.CppClean.targets" from project "C:\Users\Tuopelo\Desktop\turbospheresrc64\plugins\getkeystring\getkeystring.vcxproj" (target "CppClean" depends on it):
     1>Done building target "AfterCppClean" in project "getkeystring.vcxproj".
     1>Target "PGInstrumentedClean" in file "C:\Program Files (x86)\MSBuild\Microsoft.Cpp\v4.0\Microsoft.CppClean.targets" from project "C:\Users\Tuopelo\Desktop\turbospheresrc64\plugins\getkeystring\getkeystring.vcxproj" (target "CppClean" depends on it):
       Task "Delete"
       Done executing task "Delete".
     1>Done building target "PGInstrumentedClean" in project "getkeystring.vcxproj".
     1>Target "CppClean" in file "C:\Program Files (x86)\MSBuild\Microsoft.Cpp\v4.0\Microsoft.CppClean.targets" from project "C:\Users\Tuopelo\Desktop\turbospheresrc64\plugins\getkeystring\getkeystring.vcxproj" (target "Clean" depends on it):
     1>Done building target "CppClean" in project "getkeystring.vcxproj".
     1>Target "Clean" in file "C:\Windows\Microsoft.NET\Framework\v4.0.30319\Microsoft.Common.Targets" from project "C:\Users\Tuopelo\Desktop\turbospheresrc64\plugins\getkeystring\getkeystring.vcxproj" (target "Rebuild" depends on it):
     1>Done building target "Clean" in project "getkeystring.vcxproj".
       Target "_DetermineManagedStateFromCL" skipped. Previously built successfully.
     1>Target "_WindowsSDKPrepareForBuild" in file "C:\Program Files (x86)\MSBuild\Microsoft.Cpp\v4.0\Platforms\x64\PlatformToolsets\Windows7.1SDK\Microsoft.Cpp.x64.Windows7.1SDK.targets" from project "C:\Users\Tuopelo\Desktop\turbospheresrc64\plugins\getkeystring\getkeystring.vcxproj" (target "_PrepareForBuild" depends on it):
       Task "Error" skipped, due to false condition; ('$(Registry:HKEY_LOCAL_MACHINE\SOFTWARE\Microsoft\Microsoft SDKs\Windows\v7.1@InstallationFolder)'=='') was evaluated as ('C:\Program Files\Microsoft SDKs\Windows\v7.1\'=='').
       Task "Error" skipped, due to false condition; ('$(WindowsSDKVersionOverride)' != '' and '$(TARGET_CPU)' == 'x86') was evaluated as ('v7.1' != '' and '' == 'x86').
       Task "Error" skipped, due to false condition; ('$(WindowsSDKVersionOverride)' != '' and '$(TARGET_CPU)' == 'IA64') was evaluated as ('v7.1' != '' and '' == 'IA64').
     1>Done building target "_WindowsSDKPrepareForBuild" in project "getkeystring.vcxproj".
     1>Target "_PrepareForBuild" in file "C:\Program Files (x86)\MSBuild\Microsoft.Cpp\v4.0\Microsoft.BuildSteps.Targets" from project "C:\Users\Tuopelo\Desktop\turbospheresrc64\plugins\getkeystring\getkeystring.vcxproj" (target "Build" depends on it):
     1>Done building target "_PrepareForBuild" in project "getkeystring.vcxproj".
     1>Target "SetBuildDefaultEnvironmentVariables" in file "C:\Program Files (x86)\MSBuild\Microsoft.Cpp\v4.0\Microsoft.Cpp.targets" from project "C:\Users\Tuopelo\Desktop\turbospheresrc64\plugins\getkeystring\getkeystring.vcxproj" (target "Build" depends on it):
       Using "SetEnv" task from assembly "Microsoft.Build.CppTasks.Common, Version=4.0.0.0, Culture=neutral, PublicKeyToken=b03f5f7f11d50a3a".
       Task "SetEnv"
         PATH=C:\Program Files\Microsoft SDKs\Windows\v7.1\bin\NETFX 4.0 Tools;C:\Program Files\Microsoft SDKs\Windows\v7.1\bin;C:\Program Files (x86)\Microsoft Visual Studio 10.0\VC\bin\x86_amd64;C:\Program Files (x86)\Microsoft Visual Studio 10.0\Common7\tools;C:\Program Files (x86)\Microsoft Visual Studio 10.0\Common7\ide;C:\Windows\Microsoft.NET\Framework\v4.0.30319\;C:\Windows\SysWow64;;C:\Program Files (x86)\NVIDIA Corporation\PhysX\Common;C:\Windows\system32;C:\Windows;C:\Windows\System32\Wbem;C:\Windows\System32\WindowsPowerShell\v1.0\;C:\Program Files (x86)\Subversion\bin;C:\Program Files\Microsoft Windows Performance Toolkit\;;
       Done executing task "SetEnv".
       Task "SetEnv" skipped, due to false condition; ('$(_IsNativeEnvironment)' == 'true') was evaluated as ('' == 'true').
       Task "SetEnv"
         LIB=C:\Program Files\Microsoft SDKs\Windows\v7.1\lib\x64;C:\Program Files (x86)\Microsoft Visual Studio 10.0\VC\lib\amd64;C:\Program Files (x86)\Microsoft Visual Studio 10.0\;C:\Program Files (x86)\Microsoft Visual Studio 10.0\lib\amd64
       Done executing task "SetEnv".
       Task "SetEnv"
         LIBPATH=
       Done executing task "SetEnv".
       Task "SetEnv"
         INCLUDE=C:\Program Files\Microsoft SDKs\Windows\v7.1\\include;C:\Program Files (x86)\Microsoft Visual Studio 10.0\VC\include
       Done executing task "SetEnv".
     1>Done building target "SetBuildDefaultEnvironmentVariables" in project "getkeystring.vcxproj".
       Target "SetUserMacroEnvironmentVariables" skipped, due to false condition; ('@(BuildMacro)' != '') was evaluated as ('' != '').
     1>Target "BeforeResolveReferences" in file "C:\Windows\Microsoft.NET\Framework\v4.0.30319\Microsoft.Common.Targets" from project "C:\Users\Tuopelo\Desktop\turbospheresrc64\plugins\getkeystring\getkeystring.vcxproj" (target "ResolveReferences" depends on it):
     1>Done building target "BeforeResolveReferences" in project "getkeystring.vcxproj".
       Target "AssignProjectConfiguration" skipped, due to false condition; ('@(ProjectReference)'!='') was evaluated as (''!='').
       Target "AssignProjectConfiguration" skipped, due to false condition; ('@(ProjectReference)'!='') was evaluated as (''!='').
       Target "_SplitProjectReferencesByFileExistence" skipped. Previously built successfully.
       Target "_RemoveNameMetadataFromProjectReferenceItems" skipped, due to false condition; ('@(ProjectReference)'!='') was evaluated as (''!='').
     1>Target "ResolveProjectReferences" in file "C:\Windows\Microsoft.NET\Framework\v4.0.30319\Microsoft.Common.Targets" from project "C:\Users\Tuopelo\Desktop\turbospheresrc64\plugins\getkeystring\getkeystring.vcxproj" (target "ResolveReferences" depends on it):
       Task "MSBuild" skipped, due to false condition; ('%(_MSBuildProjectReferenceExistent.BuildReference)' == 'true' and '@(ProjectReferenceWithConfiguration)' != '' and ('$(BuildingInsideVisualStudio)' == 'true' or '$(BuildProjectReferences)' != 'true') and '@(_MSBuildProjectReferenceExistent)' != '') was evaluated as ('' == 'true' and '' != '' and ('true' == 'true' or 'true' != 'true') and '' != '').
       Task "MSBuild" skipped, due to false condition; ('%(_MSBuildProjectReferenceExistent.BuildReference)' == 'true' and '@(ProjectReferenceWithConfiguration)' != '' and '$(BuildingInsideVisualStudio)' != 'true' and '$(BuildProjectReferences)' == 'true' and '@(_MSBuildProjectReferenceExistent)' != '') was evaluated as ('' == 'true' and '' != '' and 'true' != 'true' and 'true' == 'true' and '' != '').
       Task "MSBuild" skipped, due to false condition; ('%(_MSBuildProjectReferenceExistent.BuildReference)' == 'true' and '@(ProjectReferenceWithConfiguration)' != '' and '$(BuildingProject)' == 'true' and '@(_MSBuildProjectReferenceExistent)' != '') was evaluated as ('' == 'true' and '' != '' and 'true' == 'true' and '' != '').
       Task "Warning" skipped, due to false condition; ('@(ProjectReferenceWithConfiguration)' != '' and '@(_MSBuildProjectReferenceNonexistent)' != '') was evaluated as ('' != '' and '' != '').
     1>Done building target "ResolveProjectReferences" in project "getkeystring.vcxproj".
       Target "ResolveNativeReferences" skipped, due to false condition; ('@(NativeReference)'!='') was evaluated as (''!='').
       Target "ResolveAssemblyReferences" skipped, due to false condition; ('@(Reference)'!='' or '@(_ResolvedProjectReferencePaths)'!='' or '@(_ExplicitReference)' != '') was evaluated as (''!='' or ''!='' or '' != '').
       Target "ResolveComReferences" skipped, due to false condition; ('@(COMReference)'!='' or '@(COMFileReference)'!='') was evaluated as (''!='' or ''!='').
     1>Target "AfterResolveReferences" in file "C:\Windows\Microsoft.NET\Framework\v4.0.30319\Microsoft.Common.Targets" from project "C:\Users\Tuopelo\Desktop\turbospheresrc64\plugins\getkeystring\getkeystring.vcxproj" (target "ResolveReferences" depends on it):
     1>Done building target "AfterResolveReferences" in project "getkeystring.vcxproj".
     1>Target "ResolveReferences" in file "C:\Windows\Microsoft.NET\Framework\v4.0.30319\Microsoft.Common.Targets" from project "C:\Users\Tuopelo\Desktop\turbospheresrc64\plugins\getkeystring\getkeystring.vcxproj" (target "Build" depends on it):
     1>Done building target "ResolveReferences" in project "getkeystring.vcxproj".
     1>Target "PlatformPrepareForBuild" in file "C:\Program Files (x86)\MSBuild\Microsoft.Cpp\v4.0\Platforms\x64\Microsoft.Cpp.x64.Targets" from project "C:\Users\Tuopelo\Desktop\turbospheresrc64\plugins\getkeystring\getkeystring.vcxproj" (target "PrepareForBuild" depends on it):
       Task "VCMessage" skipped, due to false condition; (!(exists('$(VCTargetsPath)\Platforms\x64\PlatformToolsets\$(PlatformToolset)\Microsoft.Cpp.x64.$(PlatformToolset).targets'))) was evaluated as (!(exists('C:\Program Files (x86)\MSBuild\Microsoft.Cpp\v4.0\\Platforms\x64\PlatformToolsets\Windows7.1SDK\Microsoft.Cpp.x64.Windows7.1SDK.targets'))).
     1>Done building target "PlatformPrepareForBuild" in project "getkeystring.vcxproj".
     1>Target "GetFrameworkPaths" in file "C:\Windows\Microsoft.NET\Framework\v4.0.30319\Microsoft.NETFramework.targets" from project "C:\Users\Tuopelo\Desktop\turbospheresrc64\plugins\getkeystring\getkeystring.vcxproj" (target "PrepareForBuild" depends on it):
     1>Done building target "GetFrameworkPaths" in project "getkeystring.vcxproj".
       Target "GetWinFXPath" skipped, due to false condition; (('@(Page)' != '' or '@(ApplicationDefinition)' != '' or '@(Resource)' != '') and ('$(GetWinFXNativePath)' != '' or '$(GetWinFXWoWPath)' != '' )) was evaluated as (('' != '' or '' != '' or '' != '') and ('' != '' or '' != '' )).
     1>Target "GetReferenceAssemblyPaths" in file "C:\Windows\Microsoft.NET\Framework\v4.0.30319\Microsoft.Common.Targets" from project "C:\Users\Tuopelo\Desktop\turbospheresrc64\plugins\getkeystring\getkeystring.vcxproj" (target "PrepareForBuild" depends on it):
       Task "GetReferenceAssemblyPaths" skipped, due to false condition; ('$(TargetFrameworkMoniker)' != '' and ('$(_TargetFrameworkDirectories)' == '' or '$(_FullFrameworkReferenceAssemblyPaths)' == '')) was evaluated as ('.NETFramework,Version=v4.0' != '' and ('C:\Program Files (x86)\Reference Assemblies\Microsoft\Framework\.NETFramework\v4.0' == '' or 'C:\Program Files (x86)\Reference Assemblies\Microsoft\Framework\.NETFramework\v4.0' == '')).
     1>Done building target "GetReferenceAssemblyPaths" in project "getkeystring.vcxproj".
     1>Target "PrepareForBuild" in file "C:\Program Files (x86)\MSBuild\Microsoft.Cpp\v4.0\Microsoft.CppBuild.targets" from project "C:\Users\Tuopelo\Desktop\turbospheresrc64\plugins\getkeystring\getkeystring.vcxproj" (target "Build" depends on it):
       Task "VCMessage" skipped, due to false condition; ('$(DesignTimeBuild)'!='true' and '$(ConfigurationPlatformExists)' != 'true') was evaluated as (''!='true' and 'true' != 'true').
       Task "MakeDir"
       Done executing task "MakeDir".
       Task "VCMessage" skipped, due to false condition; ('$(DesignTimeBuild)'!='true' and '$(VCInstallDir)'=='' and '$(UseEnv)' != 'true' and ($(TargetFrameworkVersion)=='v3.5' or $(TargetFrameworkVersion)=='v3.0' or $(TargetFrameworkVersion)=='v2.0' )) was evaluated as (''!='true' and 'C:\Program Files (x86)\Microsoft Visual Studio 10.0\VC\'=='' and '' != 'true' and (v4.0=='v3.5' or v4.0=='v3.0' or v4.0=='v2.0' )).
       Task "VCMessage" skipped, due to false condition; ('$(DesignTimeBuild)'!='true' and '$(VCInstallDir)'=='' and '$(UseEnv)' != 'true' and '$(PlatformToolset)'=='v90') was evaluated as (''!='true' and 'C:\Program Files (x86)\Microsoft Visual Studio 10.0\VC\'=='' and '' != 'true' and 'Windows7.1SDK'=='v90').
       Task "VCMessage" skipped, due to false condition; ('$(VCInstallDir)'=='' and '$(UseEnv)' != 'true') was evaluated as ('C:\Program Files (x86)\Microsoft Visual Studio 10.0\VC\'=='' and '' != 'true').
       Task "VCMessage" skipped, due to false condition; ('$(WindowsSDKDir)'=='' and '$(UseEnv)' != 'true') was evaluated as ('C:\Program Files\Microsoft SDKs\Windows\v7.1\'=='' and '' != 'true').
       Task "VCMessage" skipped, due to false condition; ('$(IntDirTrailingSlashWarning)'=='true') was evaluated as (''=='true').
       Task "VCMessage" skipped, due to false condition; ('$(OutDirTrailingSlashWarning)'=='true') was evaluated as (''=='true').
       Task "MakeDir"
       Done executing task "MakeDir".
     1>Done building target "PrepareForBuild" in project "getkeystring.vcxproj".
       Target "PrepareForBuild" skipped. Previously built successfully.
     1>Target "InitializeBuildStatus" in file "C:\Program Files (x86)\MSBuild\Microsoft.Cpp\v4.0\Microsoft.CppBuild.targets" from project "C:\Users\Tuopelo\Desktop\turbospheresrc64\plugins\getkeystring\getkeystring.vcxproj" (target "Build" depends on it):
       Task "ReadLinesFromFile"
       Done executing task "ReadLinesFromFile".
       Task "WriteLinesToFile"
       Done executing task "WriteLinesToFile".
       Task "Touch"
         Creating "x64\Release\getkeystring.unsuccessfulbuild" because "AlwaysCreate" was specified.
       Done executing task "Touch".
     1>Done building target "InitializeBuildStatus" in project "getkeystring.vcxproj".
       Target "AssignProjectConfiguration" skipped, due to false condition; ('@(ProjectReference)'!='') was evaluated as (''!='').
       Target "_SplitProjectReferencesByFileExistence" skipped. Previously built successfully.
     1>Target "BuildGenerateSourcesTraverse" in file "C:\Windows\Microsoft.NET\Framework\v4.0.30319\Microsoft.Common.Targets" from project "C:\Users\Tuopelo\Desktop\turbospheresrc64\plugins\getkeystring\getkeystring.vcxproj" (target "BuildGenerateSources" depends on it):
       Task "MSBuild" skipped, due to false condition; ('$(BuildPassReferences)' == 'true' and '@(ProjectReferenceWithConfiguration)' != '' and '@(_MSBuildProjectReferenceExistent)' != '' and '%(_MSBuildProjectReferenceExistent.BuildReference)' == 'true') was evaluated as ('' == 'true' and '' != '' and '' != '' and '' == 'true').
     1>Done building target "BuildGenerateSourcesTraverse" in project "getkeystring.vcxproj".
       Target "SetBuildDefaultEnvironmentVariables" skipped. Previously built successfully.
       Target "SetUserMacroEnvironmentVariables" skipped, due to false condition; ('@(BuildMacro)' != '') was evaluated as ('' != '').
       Target "PrepareForBuild" skipped. Previously built successfully.
       Target "ResolveReferences" skipped. Previously built successfully.
     1>Target "BeforeBuildGenerateSources" in file "C:\Program Files (x86)\MSBuild\Microsoft.Cpp\v4.0\Microsoft.BuildSteps.Targets" from project "C:\Users\Tuopelo\Desktop\turbospheresrc64\plugins\getkeystring\getkeystring.vcxproj" (target "BuildGenerateSources" depends on it):
     1>Done building target "BeforeBuildGenerateSources" in project "getkeystring.vcxproj".
     1>Target "PreBuildEvent" in file "C:\Program Files (x86)\MSBuild\Microsoft.Cpp\v4.0\Microsoft.CppCommon.targets" from project "C:\Users\Tuopelo\Desktop\turbospheresrc64\plugins\getkeystring\getkeystring.vcxproj" (target "BuildGenerateSources" depends on it):
       Task "Message" skipped, due to false condition; ('%(PreBuildEvent.Message)' != '' and '%(PreBuildEvent.Command)' != '') was evaluated as ('' != '' and '' != '').
       Task "Exec" skipped, due to false condition; ('%(PreBuildEvent.Command)' != '') was evaluated as ('' != '').
     1>Done building target "PreBuildEvent" in project "getkeystring.vcxproj".
       Target "CustomBuild" skipped, due to false condition; ('@(CustomBuild)' != '') was evaluated as ('' != '').
     1>Target "_GenerateXMLData" in file "C:\Program Files (x86)\MSBuild\Microsoft.Cpp\v4.0\Microsoft.CppBuild.targets" from project "C:\Users\Tuopelo\Desktop\turbospheresrc64\plugins\getkeystring\getkeystring.vcxproj" (target "BuildGenerateSources" depends on it):
     1>Done building target "_GenerateXMLData" in project "getkeystring.vcxproj".
     1>Target "_GenerateWebServiceProxy" in file "C:\Program Files (x86)\MSBuild\Microsoft.Cpp\v4.0\Microsoft.CppBuild.targets" from project "C:\Users\Tuopelo\Desktop\turbospheresrc64\plugins\getkeystring\getkeystring.vcxproj" (target "BuildGenerateSources" depends on it):
     1>Done building target "_GenerateWebServiceProxy" in project "getkeystring.vcxproj".
       Target "Xsd" skipped, due to false condition; ('@(Xsd)' != '') was evaluated as ('' != '').
     1>Target "_Xsd" in file "C:\Program Files (x86)\MSBuild\Microsoft.Cpp\v4.0\Microsoft.CppBuild.targets" from project "C:\Users\Tuopelo\Desktop\turbospheresrc64\plugins\getkeystring\getkeystring.vcxproj" (target "BuildGenerateSources" depends on it):
     1>Done building target "_Xsd" in project "getkeystring.vcxproj".
     1>Target "MakeDirsForMidl" in file "C:\Program Files (x86)\MSBuild\Microsoft.Cpp\v4.0\Microsoft.CppBuild.targets" from project "C:\Users\Tuopelo\Desktop\turbospheresrc64\plugins\getkeystring\getkeystring.vcxproj" (target "_Midl" depends on it):
       Task "Makedir"
       Done executing task "Makedir".
     1>Done building target "MakeDirsForMidl" in project "getkeystring.vcxproj".
       Target "Midl" skipped, due to false condition; ('@(Midl)' != '') was evaluated as ('' != '').
       Target "CustomBuild" skipped, due to false condition; ('@(CustomBuild)' != '') was evaluated as ('' != '').
     1>Target "ComputeMIDLGeneratedCompileInputs" in file "C:\Program Files (x86)\MSBuild\Microsoft.Cpp\v4.0\Microsoft.CppBuild.targets" from project "C:\Users\Tuopelo\Desktop\turbospheresrc64\plugins\getkeystring\getkeystring.vcxproj" (target "_Midl" depends on it):
     1>Done building target "ComputeMIDLGeneratedCompileInputs" in project "getkeystring.vcxproj".
     1>Target "AfterMidl" in file "C:\Program Files (x86)\MSBuild\Microsoft.Cpp\v4.0\Microsoft.CppBuild.targets" from project "C:\Users\Tuopelo\Desktop\turbospheresrc64\plugins\getkeystring\getkeystring.vcxproj" (target "_Midl" depends on it):
     1>Done building target "AfterMidl" in project "getkeystring.vcxproj".
     1>Target "_Midl" in file "C:\Program Files (x86)\MSBuild\Microsoft.Cpp\v4.0\Microsoft.CppBuild.targets" from project "C:\Users\Tuopelo\Desktop\turbospheresrc64\plugins\getkeystring\getkeystring.vcxproj" (target "BuildGenerateSources" depends on it):
     1>Done building target "_Midl" in project "getkeystring.vcxproj".
     1>Target "AfterBuildGenerateSources" in file "C:\Program Files (x86)\MSBuild\Microsoft.Cpp\v4.0\Microsoft.BuildSteps.Targets" from project "C:\Users\Tuopelo\Desktop\turbospheresrc64\plugins\getkeystring\getkeystring.vcxproj" (target "BuildGenerateSources" depends on it):
     1>Done building target "AfterBuildGenerateSources" in project "getkeystring.vcxproj".
     1>Target "AfterBuildGenerateSourcesEvent" in file "C:\Program Files (x86)\MSBuild\Microsoft.Cpp\v4.0\Microsoft.CppBuild.targets" from project "C:\Users\Tuopelo\Desktop\turbospheresrc64\plugins\getkeystring\getkeystring.vcxproj" (target "BuildGenerateSources" depends on it):
     1>Done building target "AfterBuildGenerateSourcesEvent" in project "getkeystring.vcxproj".
     1>Target "BuildGenerateSources" in file "C:\Windows\Microsoft.NET\Framework\v4.0.30319\Microsoft.Common.Targets" from project "C:\Users\Tuopelo\Desktop\turbospheresrc64\plugins\getkeystring\getkeystring.vcxproj" (target "Build" depends on it):
     1>Done building target "BuildGenerateSources" in project "getkeystring.vcxproj".
       Target "AssignProjectConfiguration" skipped, due to false condition; ('@(ProjectReference)'!='') was evaluated as (''!='').
       Target "_SplitProjectReferencesByFileExistence" skipped. Previously built successfully.
     1>Target "BuildCompileTraverse" in file "C:\Windows\Microsoft.NET\Framework\v4.0.30319\Microsoft.Common.Targets" from project "C:\Users\Tuopelo\Desktop\turbospheresrc64\plugins\getkeystring\getkeystring.vcxproj" (target "BuildCompile" depends on it):
       Task "MSBuild" skipped, due to false condition; ('$(BuildPassReferences)' == 'true' and '@(ProjectReferenceWithConfiguration)' != '' and '@(_MSBuildProjectReferenceExistent)' != ''  and '%(_MSBuildProjectReferenceExistent.BuildReference)' == 'true') was evaluated as ('' == 'true' and '' != '' and '' != ''  and '' == 'true').
     1>Done building target "BuildCompileTraverse" in project "getkeystring.vcxproj".
       Target "SetBuildDefaultEnvironmentVariables" skipped. Previously built successfully.
       Target "SetUserMacroEnvironmentVariables" skipped, due to false condition; ('@(BuildMacro)' != '') was evaluated as ('' != '').
       Target "PrepareForBuild" skipped. Previously built successfully.
       Target "ResolveReferences" skipped. Previously built successfully.
     1>Target "BeforeClCompile" in file "C:\Program Files (x86)\MSBuild\Microsoft.Cpp\v4.0\Microsoft.CppBuild.targets" from project "C:\Users\Tuopelo\Desktop\turbospheresrc64\plugins\getkeystring\getkeystring.vcxproj" (target "_ClCompile" depends on it):
     1>Done building target "BeforeClCompile" in project "getkeystring.vcxproj".
       Target "ComputeMIDLGeneratedCompileInputs" skipped. Previously built successfully.
     1>Target "ComputeCLInputPDBName" in file "C:\Program Files (x86)\MSBuild\Microsoft.Cpp\v4.0\Microsoft.CppBuild.targets" from project "C:\Users\Tuopelo\Desktop\turbospheresrc64\plugins\getkeystring\getkeystring.vcxproj" (target "_ClCompile" depends on it):
     1>Done building target "ComputeCLInputPDBName" in project "getkeystring.vcxproj".
       Target "ResolveReferences" skipped. Previously built successfully.
     1>Target "ComputeReferenceCLInput" in file "C:\Program Files (x86)\MSBuild\Microsoft.Cpp\v4.0\Microsoft.CppBuild.targets" from project "C:\Users\Tuopelo\Desktop\turbospheresrc64\plugins\getkeystring\getkeystring.vcxproj" (target "_ClCompile" depends on it):
       Task "WriteLinesToFile" skipped, due to false condition; (('@(ProjectReference)'!='' or '@(Reference)'!='')) was evaluated as ((''!='' or ''!='')).
       Task "Message" skipped, due to false condition; ('$(_REFERENCE_DEBUG)'=='true' and '%(ClCompile.CompileAsManaged)' != 'false' and '%(ClCompile.CompileAsManaged)' != '') was evaluated as (''=='true' and '' != 'false' and '' != '').
     1>Done building target "ComputeReferenceCLInput" in project "getkeystring.vcxproj".
     1>Target "MakeDirsForCl" in file "C:\Program Files (x86)\MSBuild\Microsoft.Cpp\v4.0\Microsoft.CppBuild.targets" from project "C:\Users\Tuopelo\Desktop\turbospheresrc64\plugins\getkeystring\getkeystring.vcxproj" (target "_ClCompile" depends on it):
       Task "MakeDir"
       Done executing task "MakeDir".
     1>Done building target "MakeDirsForCl" in project "getkeystring.vcxproj".
       Target "PrepareForBuild" skipped. Previously built successfully.
       Target "SetBuildDefaultEnvironmentVariables" skipped. Previously built successfully.
       Target "SetUserMacroEnvironmentVariables" skipped, due to false condition; ('@(BuildMacro)' != '') was evaluated as ('' != '').
     1>Target "_SelectedFiles" in file "C:\Program Files (x86)\MSBuild\Microsoft.Cpp\v4.0\Microsoft.CppBuild.targets" from project "C:\Users\Tuopelo\Desktop\turbospheresrc64\plugins\getkeystring\getkeystring.vcxproj" (target "SelectClCompile" depends on it):
     1>Done building target "_SelectedFiles" in project "getkeystring.vcxproj".
       Target "ComputeMIDLGeneratedCompileInputs" skipped. Previously built successfully.
       Target "ComputeCLInputPDBName" skipped. Previously built successfully.
       Target "ComputeReferenceCLInput" skipped. Previously built successfully.
       Target "_SelectedFiles" skipped. Previously built successfully.
     1>Target "SelectCustomBuild" in file "C:\Program Files (x86)\MSBuild\Microsoft.Cpp\v4.0\Microsoft.CppBuild.targets" from project "C:\Users\Tuopelo\Desktop\turbospheresrc64\plugins\getkeystring\getkeystring.vcxproj" (target "SelectClCompile" depends on it):
     1>Done building target "SelectCustomBuild" in project "getkeystring.vcxproj".
     1>Target "SelectClCompile" in file "C:\Program Files (x86)\MSBuild\Microsoft.Cpp\v4.0\Microsoft.CppBuild.targets" from project "C:\Users\Tuopelo\Desktop\turbospheresrc64\plugins\getkeystring\getkeystring.vcxproj" (target "ClCompile" depends on it):
     1>Done building target "SelectClCompile" in project "getkeystring.vcxproj".
       Target "GenerateTargetFrameworkMonikerAttribute" skipped, due to false condition; ('$(GenerateTargetFrameworkAttribute)' == 'true') was evaluated as ('false' == 'true').
     1>Target "ClCompile" in file "C:\Program Files (x86)\MSBuild\Microsoft.Cpp\v4.0\Platforms\x64\Microsoft.Cpp.x64.Targets" from project "C:\Users\Tuopelo\Desktop\turbospheresrc64\plugins\getkeystring\getkeystring.vcxproj" (target "_ClCompile" depends on it):
       Task "Delete"
       Done executing task "Delete".
       Task "CL" skipped, due to false condition; ('%(ClCompile.PrecompiledHeader)' == 'Create' and '%(ClCompile.ExcludedFromBuild)'!='true') was evaluated as ('NotUsing' == 'Create' and ''!='true').
       Using "CL" task from assembly "Microsoft.Build.CppTasks.x64, Version=4.0.0.0, Culture=neutral, PublicKeyToken=b03f5f7f11d50a3a".
       Task "CL"
         Environment Variables passed to tool:
           VS_UNICODE_OUTPUT=1436
         C:\Program Files (x86)\Microsoft Visual Studio 10.0\VC\bin\x86_amd64\CL.exe /c /Zi /nologo /W3 /WX- /O1 /Ob2 /Oi /Os /Oy /GL /D _WINDLL /D _MBCS /GF /Gm- /MD /GS /Gy /fp:fast /Zc:wchar_t /Zc:forScope /GR- /Fo"x64\Release\\" /Fd"x64\Release\vcWindows7.1SDK.pdb" /Gd /TP /errorReport:prompt getkeystring.cpp
         Tracking command:
         C:\Program Files\Microsoft SDKs\Windows\v7.1\bin\NETFX 4.0 Tools\Tracker.exe /d C:\Windows\Microsoft.NET\Framework\v4.0.30319\FileTracker.dll /i C:\Users\Tuopelo\Desktop\turbospheresrc64\plugins\getkeystring\x64\Release /r C:\USERS\TUOPELO\DESKTOP\TURBOSPHERESRC64\PLUGINS\GETKEYSTRING\GETKEYSTRING.CPP /b MSBuildConsole_CancelEvent0190b0909f724450a8286160e007f1fc  /c "C:\Program Files (x86)\Microsoft Visual Studio 10.0\VC\bin\x86_amd64\CL.exe"  /c /Zi /nologo /W3 /WX- /O1 /Ob2 /Oi /Os /Oy /GL /D _WINDLL /D _MBCS /GF /Gm- /MD /GS /Gy /fp:fast /Zc:wchar_t /Zc:forScope /GR- /Fo"x64\Release\\" /Fd"x64\Release\vcWindows7.1SDK.pdb" /Gd /TP /errorReport:prompt getkeystring.cpp
         getkeystring.cpp
     1>C:\Program Files (x86)\Microsoft Visual Studio 10.0\VC\include\xlocale(323): warning C4530: C++ exception handler used, but unwind semantics are not enabled. Specify /EHsc
       Done executing task "CL".
     1>Done building target "ClCompile" in project "getkeystring.vcxproj".
     1>Target "AfterClCompile" in file "C:\Program Files (x86)\MSBuild\Microsoft.Cpp\v4.0\Microsoft.CppBuild.targets" from project "C:\Users\Tuopelo\Desktop\turbospheresrc64\plugins\getkeystring\getkeystring.vcxproj" (target "_ClCompile" depends on it):
     1>Done building target "AfterClCompile" in project "getkeystring.vcxproj".
     1>Target "_ClCompile" in file "C:\Program Files (x86)\MSBuild\Microsoft.Cpp\v4.0\Microsoft.CppBuild.targets" from project "C:\Users\Tuopelo\Desktop\turbospheresrc64\plugins\getkeystring\getkeystring.vcxproj" (target "BuildCompile" depends on it):
     1>Done building target "_ClCompile" in project "getkeystring.vcxproj".
       Target "_ResGen" skipped, due to false condition; ('@(EmbeddedResource)'!='') was evaluated as (''!='').
     1>Target "BeforeResourceCompile" in file "C:\Program Files (x86)\MSBuild\Microsoft.Cpp\v4.0\Microsoft.CppBuild.targets" from project "C:\Users\Tuopelo\Desktop\turbospheresrc64\plugins\getkeystring\getkeystring.vcxproj" (target "_ResourceCompile" depends on it):
     1>Done building target "BeforeResourceCompile" in project "getkeystring.vcxproj".
     1>Target "MakeDirsForResourceCompile" in file "C:\Program Files (x86)\MSBuild\Microsoft.Cpp\v4.0\Microsoft.CppBuild.targets" from project "C:\Users\Tuopelo\Desktop\turbospheresrc64\plugins\getkeystring\getkeystring.vcxproj" (target "_ResourceCompile" depends on it):
       Task "MakeDir"
       Done executing task "MakeDir".
     1>Done building target "MakeDirsForResourceCompile" in project "getkeystring.vcxproj".
       Target "ResourceCompile" skipped, due to false condition; ('@(ResourceCompile)' != '') was evaluated as ('' != '').
     1>Target "AfterResourceCompile" in file "C:\Program Files (x86)\MSBuild\Microsoft.Cpp\v4.0\Microsoft.CppBuild.targets" from project "C:\Users\Tuopelo\Desktop\turbospheresrc64\plugins\getkeystring\getkeystring.vcxproj" (target "_ResourceCompile" depends on it):
     1>Done building target "AfterResourceCompile" in project "getkeystring.vcxproj".
     1>Target "_ResourceCompile" in file "C:\Program Files (x86)\MSBuild\Microsoft.Cpp\v4.0\Microsoft.CppBuild.targets" from project "C:\Users\Tuopelo\Desktop\turbospheresrc64\plugins\getkeystring\getkeystring.vcxproj" (target "BuildCompile" depends on it):
     1>Done building target "_ResourceCompile" in project "getkeystring.vcxproj".
       Target "_ImpLib" skipped, due to false condition; ('$(ImpLibCompiled)' == 'true') was evaluated as ('' == 'true').
       Target "_Lib" skipped, due to false condition; ('$(LibCompiled)' == 'true') was evaluated as ('' == 'true').
     1>Target "AfterBuildCompileEvent" in file "C:\Program Files (x86)\MSBuild\Microsoft.Cpp\v4.0\Microsoft.CppBuild.targets" from project "C:\Users\Tuopelo\Desktop\turbospheresrc64\plugins\getkeystring\getkeystring.vcxproj" (target "BuildCompile" depends on it):
     1>Done building target "AfterBuildCompileEvent" in project "getkeystring.vcxproj".
     1>Target "BuildCompile" in file "C:\Windows\Microsoft.NET\Framework\v4.0.30319\Microsoft.Common.Targets" from project "C:\Users\Tuopelo\Desktop\turbospheresrc64\plugins\getkeystring\getkeystring.vcxproj" (target "Build" depends on it):
     1>Done building target "BuildCompile" in project "getkeystring.vcxproj".
       Target "AssignProjectConfiguration" skipped, due to false condition; ('@(ProjectReference)'!='') was evaluated as (''!='').
       Target "_SplitProjectReferencesByFileExistence" skipped. Previously built successfully.
     1>Target "BuildLinkTraverse" in file "C:\Windows\Microsoft.NET\Framework\v4.0.30319\Microsoft.Common.Targets" from project "C:\Users\Tuopelo\Desktop\turbospheresrc64\plugins\getkeystring\getkeystring.vcxproj" (target "BuildLink" depends on it):
       Task "MSBuild" skipped, due to false condition; ('$(BuildPassReferences)' == 'true' and '@(ProjectReferenceWithConfiguration)' != '' and '@(_MSBuildProjectReferenceExistent)' != ''  and '%(_MSBuildProjectReferenceExistent.BuildReference)' == 'true') was evaluated as ('' == 'true' and '' != '' and '' != ''  and '' == 'true').
     1>Done building target "BuildLinkTraverse" in project "getkeystring.vcxproj".
       Target "SetBuildDefaultEnvironmentVariables" skipped. Previously built successfully.
       Target "SetUserMacroEnvironmentVariables" skipped, due to false condition; ('@(BuildMacro)' != '') was evaluated as ('' != '').
       Target "PrepareForBuild" skipped. Previously built successfully.
       Target "ResolveReferences" skipped. Previously built successfully.
     1>Target "BeforeLink" in file "C:\Program Files (x86)\MSBuild\Microsoft.Cpp\v4.0\Microsoft.CppBuild.targets" from project "C:\Users\Tuopelo\Desktop\turbospheresrc64\plugins\getkeystring\getkeystring.vcxproj" (target "_Link" depends on it):
     1>Done building target "BeforeLink" in project "getkeystring.vcxproj".
     1>Target "ComputeRCOutputs" in file "C:\Program Files (x86)\MSBuild\Microsoft.Cpp\v4.0\Microsoft.CppBuild.targets" from project "C:\Users\Tuopelo\Desktop\turbospheresrc64\plugins\getkeystring\getkeystring.vcxproj" (target "ComputeRCGeneratedLinkInputs" depends on it):
     1>Done building target "ComputeRCOutputs" in project "getkeystring.vcxproj".
     1>Target "ComputeRCGeneratedLinkInputs" in file "C:\Program Files (x86)\MSBuild\Microsoft.Cpp\v4.0\Microsoft.CppBuild.targets" from project "C:\Users\Tuopelo\Desktop\turbospheresrc64\plugins\getkeystring\getkeystring.vcxproj" (target "_Link" depends on it):
     1>Done building target "ComputeRCGeneratedLinkInputs" in project "getkeystring.vcxproj".
     1>Target "ComputeManifestGeneratedLinkerInputs" in file "C:\Program Files (x86)\MSBuild\Microsoft.Cpp\v4.0\Microsoft.CppBuild.targets" from project "C:\Users\Tuopelo\Desktop\turbospheresrc64\plugins\getkeystring\getkeystring.vcxproj" (target "_Link" depends on it):
     1>Done building target "ComputeManifestGeneratedLinkerInputs" in project "getkeystring.vcxproj".
     1>Target "ComputeCustomBuildOutput" in file "C:\Program Files (x86)\MSBuild\Microsoft.Cpp\v4.0\Microsoft.CppBuild.targets" from project "C:\Users\Tuopelo\Desktop\turbospheresrc64\plugins\getkeystring\getkeystring.vcxproj" (target "_Link" depends on it):
       Task "MakeDir"
       Done executing task "MakeDir".
     1>Done building target "ComputeCustomBuildOutput" in project "getkeystring.vcxproj".
       Target "ComputeMIDLGeneratedCompileInputs" skipped. Previously built successfully.
       Target "ComputeCLInputPDBName" skipped. Previously built successfully.
       Target "ComputeReferenceCLInput" skipped. Previously built successfully.
     1>Target "ComputeCLOutputs" in file "C:\Program Files (x86)\MSBuild\Microsoft.Cpp\v4.0\Microsoft.CppBuild.targets" from project "C:\Users\Tuopelo\Desktop\turbospheresrc64\plugins\getkeystring\getkeystring.vcxproj" (target "ComputeCLGeneratedLinkInputs" depends on it):
     1>Done building target "ComputeCLOutputs" in project "getkeystring.vcxproj".
     1>Target "ComputeCLGeneratedLinkInputs" in file "C:\Program Files (x86)\MSBuild\Microsoft.Cpp\v4.0\Microsoft.CppBuild.targets" from project "C:\Users\Tuopelo\Desktop\turbospheresrc64\plugins\getkeystring\getkeystring.vcxproj" (target "_Link" depends on it):
     1>Done building target "ComputeCLGeneratedLinkInputs" in project "getkeystring.vcxproj".
     1>Target "ComputeLinkInputsFromProject" in file "C:\Program Files (x86)\MSBuild\Microsoft.Cpp\v4.0\Microsoft.CppBuild.targets" from project "C:\Users\Tuopelo\Desktop\turbospheresrc64\plugins\getkeystring\getkeystring.vcxproj" (target "_Link" depends on it):
     1>Done building target "ComputeLinkInputsFromProject" in project "getkeystring.vcxproj".
       Target "ComputeReferenceLinkInputs" skipped, due to false condition; (@(ProjectReference) != '') was evaluated as ( != '').
     1>Target "ComputeManifestInputsTargets" in file "C:\Program Files (x86)\MSBuild\Microsoft.Cpp\v4.0\Microsoft.CppBuild.targets" from project "C:\Users\Tuopelo\Desktop\turbospheresrc64\plugins\getkeystring\getkeystring.vcxproj" (target "_Link" depends on it):
     1>Done building target "ComputeManifestInputsTargets" in project "getkeystring.vcxproj".
       Target "ManifestResourceCompile" skipped, due to false condition; ('$(EmbedManifestBy)' == 'LINK') was evaluated as ('MT' == 'LINK').
       Target "AssignWinFXEmbeddedResource" skipped, due to false condition; ('@(WinFXEmbeddedResource)' != '') was evaluated as ('' != '').
     1>Target "AssignTargetPaths" in file "C:\Windows\Microsoft.NET\Framework\v4.0.30319\Microsoft.Common.Targets" from project "C:\Users\Tuopelo\Desktop\turbospheresrc64\plugins\getkeystring\getkeystring.vcxproj" (target "PrepareResourceNames" depends on it):
       Task "AssignTargetPath"
       Done executing task "AssignTargetPath".
       Task "AssignTargetPath"
       Done executing task "AssignTargetPath".
       Task "AssignTargetPath"
       Done executing task "AssignTargetPath".
       Task "AssignTargetPath"
       Done executing task "AssignTargetPath".
       Task "AssignTargetPath" skipped, due to false condition; ('@(_DeploymentBaseManifestWithTargetPath)'=='' and '%(None.Extension)'=='.manifest') was evaluated as (''=='' and ''=='.manifest').
     1>Done building target "AssignTargetPaths" in project "getkeystring.vcxproj".
       Target "AssignTargetPaths" skipped. Previously built successfully.
     1>Target "SplitResourcesByCulture" in file "C:\Windows\Microsoft.NET\Framework\v4.0.30319\Microsoft.Common.Targets" from project "C:\Users\Tuopelo\Desktop\turbospheresrc64\plugins\getkeystring\getkeystring.vcxproj" (target "PrepareResourceNames" depends on it):
       Task "Warning" skipped, due to false condition; ('@(ResxWithNoCulture)'!='') was evaluated as (''!='').
       Task "Warning" skipped, due to false condition; ('@(ResxWithCulture)'!='') was evaluated as (''!='').
       Task "Warning" skipped, due to false condition; ('@(NonResxWithCulture)'!='') was evaluated as (''!='').
       Task "Warning" skipped, due to false condition; ('@(NonResxWithNoCulture)'!='') was evaluated as (''!='').
       Task "AssignCulture"
       Done executing task "AssignCulture".
     1>Done building target "SplitResourcesByCulture" in project "getkeystring.vcxproj".
       Target "CreateManifestResourceNames" skipped, due to false condition; ('@(EmbeddedResource)' != '') was evaluated as ('' != '').
     1>Target "CreateCustomManifestResourceNames" in file "C:\Windows\Microsoft.NET\Framework\v4.0.30319\Microsoft.Common.Targets" from project "C:\Users\Tuopelo\Desktop\turbospheresrc64\plugins\getkeystring\getkeystring.vcxproj" (target "PrepareResourceNames" depends on it):
     1>Done building target "CreateCustomManifestResourceNames" in project "getkeystring.vcxproj".
     1>Target "PrepareResourceNames" in file "C:\Windows\Microsoft.NET\Framework\v4.0.30319\Microsoft.Common.Targets" from project "C:\Users\Tuopelo\Desktop\turbospheresrc64\plugins\getkeystring\getkeystring.vcxproj" (target "_Link" depends on it):
     1>Done building target "PrepareResourceNames" in project "getkeystring.vcxproj".
     1>Target "MakeDirsForLink" in file "C:\Program Files (x86)\MSBuild\Microsoft.Cpp\v4.0\Microsoft.CppBuild.targets" from project "C:\Users\Tuopelo\Desktop\turbospheresrc64\plugins\getkeystring\getkeystring.vcxproj" (target "_Link" depends on it):
       Task "MakeDir"
       Done executing task "MakeDir".
     1>Done building target "MakeDirsForLink" in project "getkeystring.vcxproj".
     1>Target "DoLinkOutputFilesMatch" in file "C:\Program Files (x86)\MSBuild\Microsoft.Cpp\v4.0\Microsoft.CppBuild.targets" from project "C:\Users\Tuopelo\Desktop\turbospheresrc64\plugins\getkeystring\getkeystring.vcxproj" (target "_Link" depends on it):
       Task "VCMessage" skipped, due to false condition; ('%(_OutputFileFromLink.FullPath)' != '$([System.IO.Path]::GetFullPath($(TargetPath)))') was evaluated as ('C:\Users\Tuopelo\Desktop\turbospheresrc64\lib\getkeystring.dll' != 'C:\Users\Tuopelo\Desktop\turbospheresrc64\lib\getkeystring.dll').
       Task "VCMessage" skipped, due to false condition; ('%(_OutputFileFromLink.Extension)' != '$(TargetExt)') was evaluated as ('.dll' != '.dll').
       Task "VCMessage" skipped, due to false condition; ('%(_OutputFileFromLink.Filename)' != '$(TargetName)') was evaluated as ('getkeystring' != 'getkeystring').
     1>Done building target "DoLinkOutputFilesMatch" in project "getkeystring.vcxproj".
     1>Target "PreLinkEvent" in file "C:\Program Files (x86)\MSBuild\Microsoft.Cpp\v4.0\Microsoft.CppCommon.targets" from project "C:\Users\Tuopelo\Desktop\turbospheresrc64\plugins\getkeystring\getkeystring.vcxproj" (target "_Link" depends on it):
       Task "Message" skipped, due to false condition; ('%(PreLinkEvent.Message)' != '' and '%(PreLinkEvent.Command)' != '') was evaluated as ('' != '' and '' != '').
       Task "Exec" skipped, due to false condition; ('%(PreLinkEvent.Command)' != '') was evaluated as ('' != '').
     1>Done building target "PreLinkEvent" in project "getkeystring.vcxproj".
     1>Target "Link" in file "C:\Program Files (x86)\MSBuild\Microsoft.Cpp\v4.0\Platforms\x64\Microsoft.Cpp.x64.Targets" from project "C:\Users\Tuopelo\Desktop\turbospheresrc64\plugins\getkeystring\getkeystring.vcxproj" (target "_Link" depends on it):
       Using "Link" task from assembly "Microsoft.Build.CppTasks.x64, Version=4.0.0.0, Culture=neutral, PublicKeyToken=b03f5f7f11d50a3a".
       Task "Link"
         Environment Variables passed to tool:
           VS_UNICODE_OUTPUT=1440
         C:\Program Files (x86)\Microsoft Visual Studio 10.0\VC\bin\x86_amd64\link.exe /ERRORREPORT:PROMPT /OUT:"C:\Users\Tuopelo\Desktop\turbospheresrc64\turbosphere\\..\lib\getkeystring.dll" /NOLOGO ../../lib/v8.lib ../../lib/SDL.lib kernel32.lib user32.lib gdi32.lib winspool.lib comdlg32.lib advapi32.lib shell32.lib ole32.lib oleaut32.lib uuid.lib odbc32.lib odbccp32.lib Delayimp.lib /DELAYLOAD:SDL.dll /MANIFEST /ManifestFile:"x64\Release\getkeystring.dll.intermediate.manifest" /MANIFESTUAC:"level='asInvoker' uiAccess='false'" /DEBUG /PDB:"C:\Users\Tuopelo\Desktop\turbospheresrc64\lib\getkeystring.pdb" /OPT:REF /OPT:ICF /LTCG /TLBID:1 /DYNAMICBASE /NXCOMPAT /IMPLIB:"C:\Users\Tuopelo\Desktop\turbospheresrc64\turbosphere\\..\lib\getkeystring.lib" /MACHINE:X64 /DLL x64\Release\getkeystring.obj
         Tracking command:
         C:\Program Files\Microsoft SDKs\Windows\v7.1\bin\NETFX 4.0 Tools\Tracker.exe /a /d C:\Windows\Microsoft.NET\Framework\v4.0.30319\FileTracker.dll /i C:\Users\Tuopelo\Desktop\turbospheresrc64\plugins\getkeystring\x64\Release /r C:\USERS\TUOPELO\DESKTOP\TURBOSPHERESRC64\PLUGINS\GETKEYSTRING\X64\RELEASE\GETKEYSTRING.OBJ /b MSBuildConsole_CancelEventf3b55fd092e547699f8b918d47a21847  /c "C:\Program Files (x86)\Microsoft Visual Studio 10.0\VC\bin\x86_amd64\link.exe"  /ERRORREPORT:PROMPT /OUT:"C:\Users\Tuopelo\Desktop\turbospheresrc64\turbosphere\\..\lib\getkeystring.dll" /NOLOGO ../../lib/v8.lib ../../lib/SDL.lib kernel32.lib user32.lib gdi32.lib winspool.lib comdlg32.lib advapi32.lib shell32.lib ole32.lib oleaut32.lib uuid.lib odbc32.lib odbccp32.lib Delayimp.lib /DELAYLOAD:SDL.dll /MANIFEST /ManifestFile:"x64\Release\getkeystring.dll.intermediate.manifest" /MANIFESTUAC:"level='asInvoker' uiAccess='false'" /DEBUG /PDB:"C:\Users\Tuopelo\Desktop\turbospheresrc64\lib\getkeystring.pdb" /OPT:REF /OPT:ICF /LTCG /TLBID:1 /DYNAMICBASE /NXCOMPAT /IMPLIB:"C:\Users\Tuopelo\Desktop\turbospheresrc64\turbosphere\\..\lib\getkeystring.lib" /MACHINE:X64 /DLL x64\Release\getkeystring.obj
            Creating library C:\Users\Tuopelo\Desktop\turbospheresrc64\turbosphere\\..\lib\getkeystring.lib and object C:\Users\Tuopelo\Desktop\turbospheresrc64\turbosphere\\..\lib\getkeystring.exp
         Generating code
         Finished generating code
     1>LINK : warning LNK4199: /DELAYLOAD:SDL.dll ignored; no imports found from SDL.dll
       Done executing task "Link".
       Task "Message"
         getkeystring.vcxproj -> C:\Users\Tuopelo\Desktop\turbospheresrc64\turbosphere\\..\lib\getkeystring.dll
       Done executing task "Message".
     1>Done building target "Link" in project "getkeystring.vcxproj".
     1>Target "_DetermineManagedStateForLink" in file "C:\Program Files (x86)\MSBuild\Microsoft.Cpp\v4.0\Microsoft.CppBuild.targets" from project "C:\Users\Tuopelo\Desktop\turbospheresrc64\plugins\getkeystring\getkeystring.vcxproj" (target "_Link" depends on it):
     1>Done building target "_DetermineManagedStateForLink" in project "getkeystring.vcxproj".
     1>Target "ComputeLinkImportLibraryOutputsForClean" in file "C:\Program Files (x86)\MSBuild\Microsoft.Cpp\v4.0\Microsoft.CppBuild.targets" from project "C:\Users\Tuopelo\Desktop\turbospheresrc64\plugins\getkeystring\getkeystring.vcxproj" (target "_Link" depends on it):
       Task "WriteLinesToFile"
       Done executing task "WriteLinesToFile".
     1>Done building target "ComputeLinkImportLibraryOutputsForClean" in project "getkeystring.vcxproj".
     1>Target "AfterLink" in file "C:\Program Files (x86)\MSBuild\Microsoft.Cpp\v4.0\Microsoft.CppBuild.targets" from project "C:\Users\Tuopelo\Desktop\turbospheresrc64\plugins\getkeystring\getkeystring.vcxproj" (target "_Link" depends on it):
     1>Done building target "AfterLink" in project "getkeystring.vcxproj".
     1>Target "_Link" in file "C:\Program Files (x86)\MSBuild\Microsoft.Cpp\v4.0\Microsoft.CppBuild.targets" from project "C:\Users\Tuopelo\Desktop\turbospheresrc64\plugins\getkeystring\getkeystring.vcxproj" (target "BuildLink" depends on it):
     1>Done building target "_Link" in project "getkeystring.vcxproj".
     1>Target "_ALink" in file "C:\Program Files (x86)\MSBuild\Microsoft.Cpp\v4.0\Microsoft.CppBuild.targets" from project "C:\Users\Tuopelo\Desktop\turbospheresrc64\plugins\getkeystring\getkeystring.vcxproj" (target "BuildLink" depends on it):
     1>Done building target "_ALink" in project "getkeystring.vcxproj".
       Target "ComputeManifestInputsTargets" skipped. Previously built successfully.
     1>Target "MakeDirsForManifest" in file "C:\Program Files (x86)\MSBuild\Microsoft.Cpp\v4.0\Microsoft.CppCommon.targets" from project "C:\Users\Tuopelo\Desktop\turbospheresrc64\plugins\getkeystring\getkeystring.vcxproj" (target "Manifest" depends on it):
       Task "MakeDir"
       Done executing task "MakeDir".
     1>Done building target "MakeDirsForManifest" in project "getkeystring.vcxproj".
     1>Target "Manifest" in file "C:\Program Files (x86)\MSBuild\Microsoft.Cpp\v4.0\Microsoft.CppCommon.targets" from project "C:\Users\Tuopelo\Desktop\turbospheresrc64\plugins\getkeystring\getkeystring.vcxproj" (target "_Manifest" depends on it):
       Task "Delete" skipped, due to false condition; (('$(BuildType)' != 'Build' or '$(ForceRebuild)' == 'true') and '$(EmbedManifestby)'=='LINK') was evaluated as (('Rebuild' != 'Build' or '' == 'true') and 'MT'=='LINK').
       Using "Mt" task from assembly "Microsoft.Build.CppTasks.Common, Version=4.0.0.0, Culture=neutral, PublicKeyToken=b03f5f7f11d50a3a".
       Task "Mt"
         C:\Program Files\Microsoft SDKs\Windows\v7.1\bin\mt.exe /nologo /verbose /outputresource:"C:\Users\Tuopelo\Desktop\turbospheresrc64\turbosphere\\..\lib\getkeystring.dll;#2" /manifest x64\Release\getkeystring.dll.intermediate.manifest
         Tracking command:
         C:\Program Files\Microsoft SDKs\Windows\v7.1\bin\NETFX 4.0 Tools\Tracker.exe /d C:\Windows\Microsoft.NET\Framework\v4.0.30319\FileTracker.dll /i C:\Users\Tuopelo\Desktop\turbospheresrc64\plugins\getkeystring\x64\Release /r C:\USERS\TUOPELO\DESKTOP\TURBOSPHERESRC64\PLUGINS\GETKEYSTRING\X64\RELEASE\GETKEYSTRING.DLL.INTERMEDIATE.MANIFEST /b MSBuildConsole_CancelEventb9383e2fcf8c4ab0a5739ba978b3dd05  /c "C:\Program Files\Microsoft SDKs\Windows\v7.1\bin\mt.exe"  /nologo /verbose /outputresource:"C:\Users\Tuopelo\Desktop\turbospheresrc64\turbosphere\\..\lib\getkeystring.dll;#2" /manifest x64\Release\getkeystring.dll.intermediate.manifest
       Done executing task "Mt".
       Task "RC" skipped, due to false condition; ('$(EmbedManifestby)'=='LINK') was evaluated as ('MT'=='LINK').
     1>Done building target "Manifest" in project "getkeystring.vcxproj".
       Target "ComputeManifestGeneratedLinkerInputs" skipped. Previously built successfully.
     1>Target "_Manifest" in file "C:\Program Files (x86)\MSBuild\Microsoft.Cpp\v4.0\Microsoft.CppBuild.targets" from project "C:\Users\Tuopelo\Desktop\turbospheresrc64\plugins\getkeystring\getkeystring.vcxproj" (target "BuildLink" depends on it):
     1>Done building target "_Manifest" in project "getkeystring.vcxproj".
     1>Target "RegisterOutput" in file "C:\Program Files (x86)\MSBuild\Microsoft.Cpp\v4.0\Microsoft.CppCommon.targets" from project "C:\Users\Tuopelo\Desktop\turbospheresrc64\plugins\getkeystring\getkeystring.vcxproj" (target "BuildLink" depends on it):
       Task "Exec" skipped, due to false condition; ('$(ConfigurationType)'=='DynamicLibrary' and '%(Link.RegisterOutput)'=='true' and '%(Link.PerUserRedirection)'!='true') was evaluated as ('DynamicLibrary'=='DynamicLibrary' and 'false'=='true' and 'false'!='true').
       Task "Exec" skipped, due to false condition; ('$(ConfigurationType)'=='DynamicLibrary' and '%(Link.RegisterOutput)'=='true' and '%(Link.PerUserRedirection)'=='true') was evaluated as ('DynamicLibrary'=='DynamicLibrary' and 'false'=='true' and 'false'=='true').
       Task "Exec" skipped, due to false condition; ('$(ConfigurationType)'=='Application' and '%(Link.RegisterOutput)'=='true' and '%(Link.PerUserRedirection)'!='true') was evaluated as ('DynamicLibrary'=='Application' and 'false'=='true' and 'false'!='true').
       Task "Exec" skipped, due to false condition; ('$(ConfigurationType)'=='Application' and '%(Link.RegisterOutput)'=='true' and '%(Link.PerUserRedirection)'=='true') was evaluated as ('DynamicLibrary'=='Application' and 'false'=='true' and 'false'=='true').
       Task "VCMessage" skipped, due to false condition; ('$(_RegisterOutputExitCode)' != '' and '$(_RegisterOutputExitCode)' != '0') was evaluated as ('' != '' and '' != '0').
     1>Done building target "RegisterOutput" in project "getkeystring.vcxproj".
     1>Target "ComputeCLCompileGeneratedXDCFiles" in file "C:\Program Files (x86)\MSBuild\Microsoft.Cpp\v4.0\Microsoft.CppBuild.targets" from project "C:\Users\Tuopelo\Desktop\turbospheresrc64\plugins\getkeystring\getkeystring.vcxproj" (target "_XdcMake" depends on it):
     1>Done building target "ComputeCLCompileGeneratedXDCFiles" in project "getkeystring.vcxproj".
       Target "SetBuildDefaultEnvironmentVariables" skipped. Previously built successfully.
       Target "SetUserMacroEnvironmentVariables" skipped, due to false condition; ('@(BuildMacro)' != '') was evaluated as ('' != '').
       Target "PrepareForBuild" skipped. Previously built successfully.
       Target "ResolveReferences" skipped. Previously built successfully.
     1>Target "ResolvedXDCMake" in file "C:\Program Files (x86)\MSBuild\Microsoft.Cpp\v4.0\Microsoft.CppBuild.targets" from project "C:\Users\Tuopelo\Desktop\turbospheresrc64\plugins\getkeystring\getkeystring.vcxproj" (target "_XdcMake" depends on it):
       Task "MSBuild" skipped, due to false condition; ('%(_MSBuildProjectReferenceExistent.Extension)' == '.vcxproj' and '@(ProjectReferenceWithConfiguration)' != '' and '@(_MSBuildProjectReferenceExistent)' != '' and '$(_ClCompileGenerateXMLDocumentationFiles)' == 'true') was evaluated as ('' == '.vcxproj' and '' != '' and '' != '' and '' == 'true').
     1>Done building target "ResolvedXDCMake" in project "getkeystring.vcxproj".
     1>Target "MakeDirsForXdcMake" in file "C:\Program Files (x86)\MSBuild\Microsoft.Cpp\v4.0\Microsoft.CppBuild.targets" from project "C:\Users\Tuopelo\Desktop\turbospheresrc64\plugins\getkeystring\getkeystring.vcxproj" (target "_XdcMake" depends on it):
       Task "MakeDir"
       Done executing task "MakeDir".
     1>Done building target "MakeDirsForXdcMake" in project "getkeystring.vcxproj".
       Target "XdcMake" skipped, due to false condition; ('@(XdcMake)' != '') was evaluated as ('' != '').
     1>Target "_XdcMake" in file "C:\Program Files (x86)\MSBuild\Microsoft.Cpp\v4.0\Microsoft.CppBuild.targets" from project "C:\Users\Tuopelo\Desktop\turbospheresrc64\plugins\getkeystring\getkeystring.vcxproj" (target "BuildLink" depends on it):
     1>Done building target "_XdcMake" in project "getkeystring.vcxproj".
     1>Target "ComputeCLCompileGeneratedSbrFiles" in file "C:\Program Files (x86)\MSBuild\Microsoft.Cpp\v4.0\Microsoft.CppBuild.targets" from project "C:\Users\Tuopelo\Desktop\turbospheresrc64\plugins\getkeystring\getkeystring.vcxproj" (target "_BscMake" depends on it):
     1>Done building target "ComputeCLCompileGeneratedSbrFiles" in project "getkeystring.vcxproj".
     1>Target "MakeDirsForBscMake" in file "C:\Program Files (x86)\MSBuild\Microsoft.Cpp\v4.0\Microsoft.CppBuild.targets" from project "C:\Users\Tuopelo\Desktop\turbospheresrc64\plugins\getkeystring\getkeystring.vcxproj" (target "_BscMake" depends on it):
       Task "MakeDir"
       Done executing task "MakeDir".
     1>Done building target "MakeDirsForBscMake" in project "getkeystring.vcxproj".
       Target "BscMake" skipped, due to false condition; ('@(BscMake)' != '') was evaluated as ('' != '').
       Target "CustomBuildStep" skipped, due to false condition; ('@(CustomBuildStep)' != '' and '$(SelectedFiles)'=='') was evaluated as ('' != '' and ''=='').
     1>Target "_BscMake" in file "C:\Program Files (x86)\MSBuild\Microsoft.Cpp\v4.0\Microsoft.CppBuild.targets" from project "C:\Users\Tuopelo\Desktop\turbospheresrc64\plugins\getkeystring\getkeystring.vcxproj" (target "BuildLink" depends on it):
     1>Done building target "_BscMake" in project "getkeystring.vcxproj".
     1>Target "_GenerateSatelliteAssemblyInputs" in file "C:\Windows\Microsoft.NET\Framework\v4.0.30319\Microsoft.Common.Targets" from project "C:\Users\Tuopelo\Desktop\turbospheresrc64\plugins\getkeystring\getkeystring.vcxproj" (target "CreateSatelliteAssemblies" depends on it):
       Task "Warning" skipped, due to false condition; ('@(ManifestResourceWithCulture)'!='' and '%(ManifestResourceWithCulture.EmittedForCompatibilityOnly)'=='') was evaluated as (''!='' and ''=='').
       Task "Warning" skipped, due to false condition; ('@(ManifestNonResxWithCultureOnDisk)'!='' and '%(ManifestNonResxWithCultureOnDisk.EmittedForCompatibilityOnly)'=='') was evaluated as (''!='' and ''=='').
     1>Done building target "_GenerateSatelliteAssemblyInputs" in project "getkeystring.vcxproj".
       Target "ComputeIntermediateSatelliteAssemblies" skipped, due to false condition; (@(ReferenceSatellitePaths->'%(DestinationSubDirectory)') != '') was evaluated as ( != '').
       Target "GenerateSatelliteAssemblies" skipped, due to false condition; ('@(_SatelliteAssemblyResourceInputs)' != '') was evaluated as ('' != '').
     1>Target "CreateSatelliteAssemblies" in file "C:\Windows\Microsoft.NET\Framework\v4.0.30319\Microsoft.Common.Targets" from project "C:\Users\Tuopelo\Desktop\turbospheresrc64\plugins\getkeystring\getkeystring.vcxproj" (target "BuildLink" depends on it):
     1>Done building target "CreateSatelliteAssemblies" in project "getkeystring.vcxproj".
     1>Target "_Appverifier" in file "C:\Program Files (x86)\MSBuild\Microsoft.Cpp\v4.0\Microsoft.CppBuild.targets" from project "C:\Users\Tuopelo\Desktop\turbospheresrc64\plugins\getkeystring\getkeystring.vcxproj" (target "BuildLink" depends on it):
     1>Done building target "_Appverifier" in project "getkeystring.vcxproj".
     1>Target "_Deploy" in file "C:\Program Files (x86)\MSBuild\Microsoft.Cpp\v4.0\Microsoft.CppBuild.targets" from project "C:\Users\Tuopelo\Desktop\turbospheresrc64\plugins\getkeystring\getkeystring.vcxproj" (target "BuildLink" depends on it):
     1>Done building target "_Deploy" in project "getkeystring.vcxproj".
       Target "ComputeIntermediateSatelliteAssemblies" skipped, due to false condition; (@(ReferenceSatellitePaths->'%(DestinationSubDirectory)') != '') was evaluated as ( != '').
       Target "_CopyFilesMarkedCopyLocal" skipped, due to false condition; ('@(ReferenceCopyLocalPaths)' != '') was evaluated as ('' != '').
       Target "AssignTargetPaths" skipped. Previously built successfully.
       Target "_SplitProjectReferencesByFileExistence" skipped. Previously built successfully.
     1>Target "GetCopyToOutputDirectoryItems" in file "C:\Windows\Microsoft.NET\Framework\v4.0.30319\Microsoft.Common.Targets" from project "C:\Users\Tuopelo\Desktop\turbospheresrc64\plugins\getkeystring\getkeystring.vcxproj" (target "_CopySourceItemsToOutputDirectory" depends on it):
       Task "MSBuild" skipped, due to false condition; ('@(_MSBuildProjectReferenceExistent)' != '' and '$(_GetChildProjectCopyToOutputDirectoryItems)' == 'true' and '%(_MSBuildProjectReferenceExistent.Private)' != 'false' and '$(UseCommonOutputDirectory)' != 'true') was evaluated as ('' != '' and 'true' == 'true' and '' != 'false' and 'false' != 'true').
       Task "AssignTargetPath"
       Done executing task "AssignTargetPath".
     1>Done building target "GetCopyToOutputDirectoryItems" in project "getkeystring.vcxproj".
       Target "_CopyOutOfDateSourceItemsToOutputDirectory" skipped, due to false condition; ( '@(_SourceItemsToCopyToOutputDirectory)' != '' ) was evaluated as ( '' != '' ).
       Target "_CopyOutOfDateSourceItemsToOutputDirectoryAlways" skipped, due to false condition; ( '@(_SourceItemsToCopyToOutputDirectoryAlways)' != '' ) was evaluated as ( '' != '' ).
     1>Target "_CopySourceItemsToOutputDirectory" in file "C:\Windows\Microsoft.NET\Framework\v4.0.30319\Microsoft.Common.Targets" from project "C:\Users\Tuopelo\Desktop\turbospheresrc64\plugins\getkeystring\getkeystring.vcxproj" (target "CopyFilesToOutputDirectory" depends on it):
     1>Done building target "_CopySourceItemsToOutputDirectory" in project "getkeystring.vcxproj".
       Target "_CopyAppConfigFile" skipped, due to false condition; ( '@(AppConfigWithTargetPath)' != '' ) was evaluated as ( '' != '' ).
       Target "_CopyManifestFiles" skipped, due to false condition; ( '$(_DeploymentCopyApplicationManifest)'=='true' or '$(GenerateClickOnceManifests)'=='true' ) was evaluated as ( ''=='true' or ''=='true' ).
     1>Target "_CheckForCompileOutputs" in file "C:\Windows\Microsoft.NET\Framework\v4.0.30319\Microsoft.Common.Targets" from project "C:\Users\Tuopelo\Desktop\turbospheresrc64\plugins\getkeystring\getkeystring.vcxproj" (target "CopyFilesToOutputDirectory" depends on it):
     1>Done building target "_CheckForCompileOutputs" in project "getkeystring.vcxproj".
       Target "_SGenCheckForOutputs" skipped, due to false condition; ('$(_SGenGenerateSerializationAssembliesConfig)' == 'On' or ('@(WebReferenceUrl)'!='' and '$(_SGenGenerateSerializationAssembliesConfig)' == 'Auto')) was evaluated as ('Auto' == 'On' or (''!='' and 'Auto' == 'Auto')).
     1>Target "CopyFilesToOutputDirectory" in file "C:\Windows\Microsoft.NET\Framework\v4.0.30319\Microsoft.Common.Targets" from project "C:\Users\Tuopelo\Desktop\turbospheresrc64\plugins\getkeystring\getkeystring.vcxproj" (target "BuildLink" depends on it):
       Task "Copy" skipped, due to false condition; ('$(CopyBuildOutputToOutputDirectory)' == 'true' and '$(SkipCopyBuildProduct)' != 'true') was evaluated as ('true' == 'true' and 'true' != 'true').
       Task "Message" skipped, due to false condition; ('$(SkipCopyBuildProduct)'!='true') was evaluated as ('true'!='true').
       Task "Copy" skipped, due to false condition; ('@(AddModules)' != '') was evaluated as ('' != '').
       Task "Copy" skipped, due to false condition; ('$(_SGenDllCreated)'=='true') was evaluated as ('false'=='true').
       Task "Copy" skipped, due to false condition; ('$(_DebugSymbolsProduced)'=='true' and '$(SkipCopyingSymbolsToOutputDirectory)' != 'true' and '$(CopyOutputSymbolsToOutputDirectory)'=='true') was evaluated as ('false'=='true' and '' != 'true' and 'true'=='true').
       Task "Copy" skipped, due to false condition; ('$(_DocumentationFileProduced)'=='true') was evaluated as ('false'=='true').
       Task "Copy" skipped, due to false condition; ('@(IntermediateSatelliteAssembliesWithTargetPath)' != '') was evaluated as ('' != '').
       Task "Copy" skipped, due to false condition; ('@(ReferenceComWrappersToCopyLocal)' != '' or '@(ResolvedIsolatedComModules)' != '' or '@(_DeploymentLooseManifestFile)' != '' or '@(NativeReferenceFile)' != '' ) was evaluated as ('' != '' or '' != '' or '' != '' or '' != '' ).
     1>Done building target "CopyFilesToOutputDirectory" in project "getkeystring.vcxproj".
       Target "CustomBuildStep" skipped, due to false condition; ('@(CustomBuildStep)' != '' and '$(SelectedFiles)'=='') was evaluated as ('' != '' and ''=='').
     1>Target "PostBuildEvent" in file "C:\Program Files (x86)\MSBuild\Microsoft.Cpp\v4.0\Microsoft.CppCommon.targets" from project "C:\Users\Tuopelo\Desktop\turbospheresrc64\plugins\getkeystring\getkeystring.vcxproj" (target "BuildLink" depends on it):
       Task "Message" skipped, due to false condition; ('%(PostBuildEvent.Message)' != '' and '%(PostBuildEvent.Command)' != '') was evaluated as ('' != '' and '' != '').
       Task "Exec" skipped, due to false condition; ('%(PostBuildEvent.Command)' != '') was evaluated as ('' != '').
     1>Done building target "PostBuildEvent" in project "getkeystring.vcxproj".
     1>Target "BuildLink" in file "C:\Windows\Microsoft.NET\Framework\v4.0.30319\Microsoft.Common.Targets" from project "C:\Users\Tuopelo\Desktop\turbospheresrc64\plugins\getkeystring\getkeystring.vcxproj" (target "Build" depends on it):
     1>Done building target "BuildLink" in project "getkeystring.vcxproj".
     1>Target "AfterBuild" in file "C:\Program Files (x86)\MSBuild\Microsoft.Cpp\v4.0\Microsoft.BuildSteps.Targets" from project "C:\Users\Tuopelo\Desktop\turbospheresrc64\plugins\getkeystring\getkeystring.vcxproj" (target "Build" depends on it):
     1>Done building target "AfterBuild" in project "getkeystring.vcxproj".
     1>Target "FinalizeBuildStatus" in file "C:\Program Files (x86)\MSBuild\Microsoft.Cpp\v4.0\Microsoft.CppBuild.targets" from project "C:\Users\Tuopelo\Desktop\turbospheresrc64\plugins\getkeystring\getkeystring.vcxproj" (target "Build" depends on it):
       Task "Delete"
         Deleting file "x64\Release\getkeystring.unsuccessfulbuild".
       Done executing task "Delete".
       Task "Touch"
         Touching "x64\Release\getkeystring.lastbuildstate".
       Done executing task "Touch".
     1>Done building target "FinalizeBuildStatus" in project "getkeystring.vcxproj".
     1>Target "Build" in file "C:\Program Files (x86)\MSBuild\Microsoft.Cpp\v4.0\Microsoft.BuildSteps.Targets" from project "C:\Users\Tuopelo\Desktop\turbospheresrc64\plugins\getkeystring\getkeystring.vcxproj" (target "Rebuild" depends on it):
     1>Done building target "Build" in project "getkeystring.vcxproj".
     1>Target "AfterRebuild" in file "C:\Windows\Microsoft.NET\Framework\v4.0.30319\Microsoft.Common.Targets" from project "C:\Users\Tuopelo\Desktop\turbospheresrc64\plugins\getkeystring\getkeystring.vcxproj" (target "Rebuild" depends on it):
     1>Done building target "AfterRebuild" in project "getkeystring.vcxproj".
     1>Target "Rebuild" in file "C:\Program Files (x86)\MSBuild\Microsoft.Cpp\v4.0\Microsoft.BuildSteps.Targets" from project "C:\Users\Tuopelo\Desktop\turbospheresrc64\plugins\getkeystring\getkeystring.vcxproj" (entry point):
     1>Done building target "Rebuild" in project "getkeystring.vcxproj".
     1>Done Building Project "C:\Users\Tuopelo\Desktop\turbospheresrc64\plugins\getkeystring\getkeystring.vcxproj" (rebuild target(s)).

Build succeeded.

Time Elapsed 00:00:00.66
