Build started 3/29/2013 5:38:57 PM.
     1>Project "C:\Users\Tuopelo\Desktop\turbospheresrc64\turbosphere\turbosphere.vcxproj" on node 2 (build target(s)).
     1>Building with tools version "4.0".
     1>Target "_CheckForInvalidConfigurationAndPlatform" in file "C:\Windows\Microsoft.NET\Framework\v4.0.30319\Microsoft.Common.Targets" from project "C:\Users\Tuopelo\Desktop\turbospheresrc64\turbosphere\turbosphere.vcxproj" (entry point):
       Task "Error" skipped, due to false condition; ( '$(_InvalidConfigurationError)' == 'true' ) was evaluated as ( '' == 'true' ).
       Task "Warning" skipped, due to false condition; ( '$(_InvalidConfigurationWarning)' == 'true' ) was evaluated as ( '' == 'true' ).
       Using "Message" task from assembly "Microsoft.Build.Tasks.v4.0, Version=4.0.0.0, Culture=neutral, PublicKeyToken=b03f5f7f11d50a3a".
       Task "Message"
         Configuration=Release
       Done executing task "Message".
       Task "Message"
         Platform=x64
       Done executing task "Message".
       Task "Error" skipped, due to false condition; ('$(OutDir)' != '' and !HasTrailingSlash('$(OutDir)')) was evaluated as ('C:\Users\Tuopelo\Desktop\turbospheresrc64\turbosphere\x64\Release\' != '' and !HasTrailingSlash('C:\Users\Tuopelo\Desktop\turbospheresrc64\turbosphere\x64\Release\')).
       Task "Error" skipped, due to false condition; ('$(BaseIntermediateOutputPath)' != '' and !HasTrailingSlash('$(BaseIntermediateOutputPath)')) was evaluated as ('obj\' != '' and !HasTrailingSlash('obj\')).
       Task "Error" skipped, due to false condition; ('$(IntermediateOutputPath)' != '' and !HasTrailingSlash('$(IntermediateOutputPath)')) was evaluated as ('x64\Release\' != '' and !HasTrailingSlash('x64\Release\')).
     1>Done building target "_CheckForInvalidConfigurationAndPlatform" in project "turbosphere.vcxproj".
     1>Target "_DetermineManagedStateFromCL" in file "C:\Program Files (x86)\MSBuild\Microsoft.Cpp\v4.0\Microsoft.CppBuild.targets" from project "C:\Users\Tuopelo\Desktop\turbospheresrc64\turbosphere\turbosphere.vcxproj" (target "Build" depends on it):
     1>Done building target "_DetermineManagedStateFromCL" in project "turbosphere.vcxproj".
     1>Target "_WindowsSDKPrepareForBuild" in file "C:\Program Files (x86)\MSBuild\Microsoft.Cpp\v4.0\Platforms\x64\PlatformToolsets\Windows7.1SDK\Microsoft.Cpp.x64.Windows7.1SDK.targets" from project "C:\Users\Tuopelo\Desktop\turbospheresrc64\turbosphere\turbosphere.vcxproj" (target "_PrepareForBuild" depends on it):
       Task "Error" skipped, due to false condition; ('$(Registry:HKEY_LOCAL_MACHINE\SOFTWARE\Microsoft\Microsoft SDKs\Windows\v7.1@InstallationFolder)'=='') was evaluated as ('C:\Program Files\Microsoft SDKs\Windows\v7.1\'=='').
       Task "Error" skipped, due to false condition; ('$(WindowsSDKVersionOverride)' != '' and '$(TARGET_CPU)' == 'x86') was evaluated as ('v7.1' != '' and '' == 'x86').
       Task "Error" skipped, due to false condition; ('$(WindowsSDKVersionOverride)' != '' and '$(TARGET_CPU)' == 'IA64') was evaluated as ('v7.1' != '' and '' == 'IA64').
     1>Done building target "_WindowsSDKPrepareForBuild" in project "turbosphere.vcxproj".
     1>Target "_PrepareForBuild" in file "C:\Program Files (x86)\MSBuild\Microsoft.Cpp\v4.0\Microsoft.BuildSteps.Targets" from project "C:\Users\Tuopelo\Desktop\turbospheresrc64\turbosphere\turbosphere.vcxproj" (target "Build" depends on it):
     1>Done building target "_PrepareForBuild" in project "turbosphere.vcxproj".
     1>Target "SetBuildDefaultEnvironmentVariables" in file "C:\Program Files (x86)\MSBuild\Microsoft.Cpp\v4.0\Microsoft.Cpp.targets" from project "C:\Users\Tuopelo\Desktop\turbospheresrc64\turbosphere\turbosphere.vcxproj" (target "Build" depends on it):
       Using "SetEnv" task from assembly "Microsoft.Build.CppTasks.Common, Version=4.0.0.0, Culture=neutral, PublicKeyToken=b03f5f7f11d50a3a".
       Task "SetEnv"
         PATH=C:\Program Files\Microsoft SDKs\Windows\v7.1\bin\NETFX 4.0 Tools;C:\Program Files\Microsoft SDKs\Windows\v7.1\bin;C:\Program Files (x86)\Microsoft Visual Studio 10.0\VC\bin\x86_amd64;C:\Program Files (x86)\Microsoft Visual Studio 10.0\Common7\tools;C:\Program Files (x86)\Microsoft Visual Studio 10.0\Common7\ide;C:\Windows\Microsoft.NET\Framework\v4.0.30319\;C:\Windows\SysWow64;;C:\Program Files (x86)\NVIDIA Corporation\PhysX\Common;C:\Windows\system32;C:\Windows;C:\Windows\System32\Wbem;C:\Windows\System32\WindowsPowerShell\v1.0\;C:\Program Files (x86)\Subversion\bin;C:\Program Files\Microsoft Windows Performance Toolkit\;;
       Done executing task "SetEnv".
       Task "SetEnv" skipped, due to false condition; ('$(_IsNativeEnvironment)' == 'true') was evaluated as ('' == 'true').
       Task "SetEnv"
         LIB=C:\Program Files\Microsoft SDKs\Windows\v7.1\lib\x64;C:\Program Files (x86)\Microsoft Visual Studio 10.0\VC\lib\amd64;C:\Program Files (x86)\Microsoft Visual Studio 10.0\;C:\Program Files (x86)\Microsoft Visual Studio 10.0\lib\amd64
       Done executing task "SetEnv".
       Task "SetEnv"
         LIBPATH=
       Done executing task "SetEnv".
       Task "SetEnv"
         INCLUDE=C:\Program Files\Microsoft SDKs\Windows\v7.1\\include;C:\Program Files (x86)\Microsoft Visual Studio 10.0\VC\include
       Done executing task "SetEnv".
     1>Done building target "SetBuildDefaultEnvironmentVariables" in project "turbosphere.vcxproj".
       Target "SetUserMacroEnvironmentVariables" skipped, due to false condition; ('@(BuildMacro)' != '') was evaluated as ('' != '').
     1>Target "BeforeResolveReferences" in file "C:\Windows\Microsoft.NET\Framework\v4.0.30319\Microsoft.Common.Targets" from project "C:\Users\Tuopelo\Desktop\turbospheresrc64\turbosphere\turbosphere.vcxproj" (target "ResolveReferences" depends on it):
     1>Done building target "BeforeResolveReferences" in project "turbosphere.vcxproj".
       Target "AssignProjectConfiguration" skipped, due to false condition; ('@(ProjectReference)'!='') was evaluated as (''!='').
       Target "AssignProjectConfiguration" skipped, due to false condition; ('@(ProjectReference)'!='') was evaluated as (''!='').
     1>Target "_SplitProjectReferencesByFileExistence" in file "C:\Windows\Microsoft.NET\Framework\v4.0.30319\Microsoft.Common.Targets" from project "C:\Users\Tuopelo\Desktop\turbospheresrc64\turbosphere\turbosphere.vcxproj" (target "ResolveProjectReferences" depends on it):
       Task "ResolveNonMSBuildProjectOutput" skipped, due to false condition; ('$(BuildingInsideVisualStudio)'=='true' and '@(ProjectReferenceWithConfiguration)'!='') was evaluated as ('true'=='true' and ''!='').
     1>Done building target "_SplitProjectReferencesByFileExistence" in project "turbosphere.vcxproj".
       Target "_RemoveNameMetadataFromProjectReferenceItems" skipped, due to false condition; ('@(ProjectReference)'!='') was evaluated as (''!='').
     1>Target "ResolveProjectReferences" in file "C:\Windows\Microsoft.NET\Framework\v4.0.30319\Microsoft.Common.Targets" from project "C:\Users\Tuopelo\Desktop\turbospheresrc64\turbosphere\turbosphere.vcxproj" (target "ResolveReferences" depends on it):
       Task "MSBuild" skipped, due to false condition; ('%(_MSBuildProjectReferenceExistent.BuildReference)' == 'true' and '@(ProjectReferenceWithConfiguration)' != '' and ('$(BuildingInsideVisualStudio)' == 'true' or '$(BuildProjectReferences)' != 'true') and '@(_MSBuildProjectReferenceExistent)' != '') was evaluated as ('' == 'true' and '' != '' and ('true' == 'true' or 'true' != 'true') and '' != '').
       Task "MSBuild" skipped, due to false condition; ('%(_MSBuildProjectReferenceExistent.BuildReference)' == 'true' and '@(ProjectReferenceWithConfiguration)' != '' and '$(BuildingInsideVisualStudio)' != 'true' and '$(BuildProjectReferences)' == 'true' and '@(_MSBuildProjectReferenceExistent)' != '') was evaluated as ('' == 'true' and '' != '' and 'true' != 'true' and 'true' == 'true' and '' != '').
       Task "MSBuild" skipped, due to false condition; ('%(_MSBuildProjectReferenceExistent.BuildReference)' == 'true' and '@(ProjectReferenceWithConfiguration)' != '' and '$(BuildingProject)' == 'true' and '@(_MSBuildProjectReferenceExistent)' != '') was evaluated as ('' == 'true' and '' != '' and 'true' == 'true' and '' != '').
       Task "Warning" skipped, due to false condition; ('@(ProjectReferenceWithConfiguration)' != '' and '@(_MSBuildProjectReferenceNonexistent)' != '') was evaluated as ('' != '' and '' != '').
     1>Done building target "ResolveProjectReferences" in project "turbosphere.vcxproj".
       Target "ResolveNativeReferences" skipped, due to false condition; ('@(NativeReference)'!='') was evaluated as (''!='').
       Target "ResolveAssemblyReferences" skipped, due to false condition; ('@(Reference)'!='' or '@(_ResolvedProjectReferencePaths)'!='' or '@(_ExplicitReference)' != '') was evaluated as (''!='' or ''!='' or '' != '').
       Target "ResolveComReferences" skipped, due to false condition; ('@(COMReference)'!='' or '@(COMFileReference)'!='') was evaluated as (''!='' or ''!='').
     1>Target "AfterResolveReferences" in file "C:\Windows\Microsoft.NET\Framework\v4.0.30319\Microsoft.Common.Targets" from project "C:\Users\Tuopelo\Desktop\turbospheresrc64\turbosphere\turbosphere.vcxproj" (target "ResolveReferences" depends on it):
     1>Done building target "AfterResolveReferences" in project "turbosphere.vcxproj".
     1>Target "ResolveReferences" in file "C:\Windows\Microsoft.NET\Framework\v4.0.30319\Microsoft.Common.Targets" from project "C:\Users\Tuopelo\Desktop\turbospheresrc64\turbosphere\turbosphere.vcxproj" (target "Build" depends on it):
     1>Done building target "ResolveReferences" in project "turbosphere.vcxproj".
     1>Target "PlatformPrepareForBuild" in file "C:\Program Files (x86)\MSBuild\Microsoft.Cpp\v4.0\Platforms\x64\Microsoft.Cpp.x64.Targets" from project "C:\Users\Tuopelo\Desktop\turbospheresrc64\turbosphere\turbosphere.vcxproj" (target "PrepareForBuild" depends on it):
       Task "VCMessage" skipped, due to false condition; (!(exists('$(VCTargetsPath)\Platforms\x64\PlatformToolsets\$(PlatformToolset)\Microsoft.Cpp.x64.$(PlatformToolset).targets'))) was evaluated as (!(exists('C:\Program Files (x86)\MSBuild\Microsoft.Cpp\v4.0\\Platforms\x64\PlatformToolsets\Windows7.1SDK\Microsoft.Cpp.x64.Windows7.1SDK.targets'))).
     1>Done building target "PlatformPrepareForBuild" in project "turbosphere.vcxproj".
     1>Target "GetFrameworkPaths" in file "C:\Windows\Microsoft.NET\Framework\v4.0.30319\Microsoft.NETFramework.targets" from project "C:\Users\Tuopelo\Desktop\turbospheresrc64\turbosphere\turbosphere.vcxproj" (target "PrepareForBuild" depends on it):
     1>Done building target "GetFrameworkPaths" in project "turbosphere.vcxproj".
       Target "GetWinFXPath" skipped, due to false condition; (('@(Page)' != '' or '@(ApplicationDefinition)' != '' or '@(Resource)' != '') and ('$(GetWinFXNativePath)' != '' or '$(GetWinFXWoWPath)' != '' )) was evaluated as (('' != '' or '' != '' or '' != '') and ('' != '' or '' != '' )).
     1>Target "GetReferenceAssemblyPaths" in file "C:\Windows\Microsoft.NET\Framework\v4.0.30319\Microsoft.Common.Targets" from project "C:\Users\Tuopelo\Desktop\turbospheresrc64\turbosphere\turbosphere.vcxproj" (target "PrepareForBuild" depends on it):
       Task "GetReferenceAssemblyPaths" skipped, due to false condition; ('$(TargetFrameworkMoniker)' != '' and ('$(_TargetFrameworkDirectories)' == '' or '$(_FullFrameworkReferenceAssemblyPaths)' == '')) was evaluated as ('.NETFramework,Version=v4.0' != '' and ('C:\Program Files (x86)\Reference Assemblies\Microsoft\Framework\.NETFramework\v4.0' == '' or 'C:\Program Files (x86)\Reference Assemblies\Microsoft\Framework\.NETFramework\v4.0' == '')).
     1>Done building target "GetReferenceAssemblyPaths" in project "turbosphere.vcxproj".
     1>Target "PrepareForBuild" in file "C:\Program Files (x86)\MSBuild\Microsoft.Cpp\v4.0\Microsoft.CppBuild.targets" from project "C:\Users\Tuopelo\Desktop\turbospheresrc64\turbosphere\turbosphere.vcxproj" (target "Build" depends on it):
       Task "VCMessage" skipped, due to false condition; ('$(DesignTimeBuild)'!='true' and '$(ConfigurationPlatformExists)' != 'true') was evaluated as (''!='true' and 'true' != 'true').
       Using "MakeDir" task from assembly "Microsoft.Build.Tasks.v4.0, Version=4.0.0.0, Culture=neutral, PublicKeyToken=b03f5f7f11d50a3a".
       Task "MakeDir"
       Done executing task "MakeDir".
       Task "VCMessage" skipped, due to false condition; ('$(DesignTimeBuild)'!='true' and '$(VCInstallDir)'=='' and '$(UseEnv)' != 'true' and ($(TargetFrameworkVersion)=='v3.5' or $(TargetFrameworkVersion)=='v3.0' or $(TargetFrameworkVersion)=='v2.0' )) was evaluated as (''!='true' and 'C:\Program Files (x86)\Microsoft Visual Studio 10.0\VC\'=='' and '' != 'true' and (v4.0=='v3.5' or v4.0=='v3.0' or v4.0=='v2.0' )).
       Task "VCMessage" skipped, due to false condition; ('$(DesignTimeBuild)'!='true' and '$(VCInstallDir)'=='' and '$(UseEnv)' != 'true' and '$(PlatformToolset)'=='v90') was evaluated as (''!='true' and 'C:\Program Files (x86)\Microsoft Visual Studio 10.0\VC\'=='' and '' != 'true' and 'Windows7.1SDK'=='v90').
       Task "VCMessage" skipped, due to false condition; ('$(VCInstallDir)'=='' and '$(UseEnv)' != 'true') was evaluated as ('C:\Program Files (x86)\Microsoft Visual Studio 10.0\VC\'=='' and '' != 'true').
       Task "VCMessage" skipped, due to false condition; ('$(WindowsSDKDir)'=='' and '$(UseEnv)' != 'true') was evaluated as ('C:\Program Files\Microsoft SDKs\Windows\v7.1\'=='' and '' != 'true').
       Task "VCMessage" skipped, due to false condition; ('$(IntDirTrailingSlashWarning)'=='true') was evaluated as (''=='true').
       Task "VCMessage" skipped, due to false condition; ('$(OutDirTrailingSlashWarning)'=='true') was evaluated as (''=='true').
       Task "MakeDir"
       Done executing task "MakeDir".
     1>Done building target "PrepareForBuild" in project "turbosphere.vcxproj".
       Target "PrepareForBuild" skipped. Previously built successfully.
     1>Target "InitializeBuildStatus" in file "C:\Program Files (x86)\MSBuild\Microsoft.Cpp\v4.0\Microsoft.CppBuild.targets" from project "C:\Users\Tuopelo\Desktop\turbospheresrc64\turbosphere\turbosphere.vcxproj" (target "Build" depends on it):
       Using "ReadLinesFromFile" task from assembly "Microsoft.Build.Tasks.v4.0, Version=4.0.0.0, Culture=neutral, PublicKeyToken=b03f5f7f11d50a3a".
       Task "ReadLinesFromFile"
       Done executing task "ReadLinesFromFile".
       Using "WriteLinesToFile" task from assembly "Microsoft.Build.Tasks.v4.0, Version=4.0.0.0, Culture=neutral, PublicKeyToken=b03f5f7f11d50a3a".
       Task "WriteLinesToFile"
       Done executing task "WriteLinesToFile".
       Using "Touch" task from assembly "Microsoft.Build.Tasks.v4.0, Version=4.0.0.0, Culture=neutral, PublicKeyToken=b03f5f7f11d50a3a".
       Task "Touch"
         Creating "x64\Release\turbosphere.unsuccessfulbuild" because "AlwaysCreate" was specified.
       Done executing task "Touch".
     1>Done building target "InitializeBuildStatus" in project "turbosphere.vcxproj".
       Target "AssignProjectConfiguration" skipped, due to false condition; ('@(ProjectReference)'!='') was evaluated as (''!='').
       Target "_SplitProjectReferencesByFileExistence" skipped. Previously built successfully.
     1>Target "BuildGenerateSourcesTraverse" in file "C:\Windows\Microsoft.NET\Framework\v4.0.30319\Microsoft.Common.Targets" from project "C:\Users\Tuopelo\Desktop\turbospheresrc64\turbosphere\turbosphere.vcxproj" (target "BuildGenerateSources" depends on it):
       Task "MSBuild" skipped, due to false condition; ('$(BuildPassReferences)' == 'true' and '@(ProjectReferenceWithConfiguration)' != '' and '@(_MSBuildProjectReferenceExistent)' != '' and '%(_MSBuildProjectReferenceExistent.BuildReference)' == 'true') was evaluated as ('' == 'true' and '' != '' and '' != '' and '' == 'true').
     1>Done building target "BuildGenerateSourcesTraverse" in project "turbosphere.vcxproj".
       Target "SetBuildDefaultEnvironmentVariables" skipped. Previously built successfully.
       Target "SetUserMacroEnvironmentVariables" skipped, due to false condition; ('@(BuildMacro)' != '') was evaluated as ('' != '').
       Target "PrepareForBuild" skipped. Previously built successfully.
       Target "ResolveReferences" skipped. Previously built successfully.
     1>Target "BeforeBuildGenerateSources" in file "C:\Program Files (x86)\MSBuild\Microsoft.Cpp\v4.0\Microsoft.BuildSteps.Targets" from project "C:\Users\Tuopelo\Desktop\turbospheresrc64\turbosphere\turbosphere.vcxproj" (target "BuildGenerateSources" depends on it):
     1>Done building target "BeforeBuildGenerateSources" in project "turbosphere.vcxproj".
     1>Target "PreBuildEvent" in file "C:\Program Files (x86)\MSBuild\Microsoft.Cpp\v4.0\Microsoft.CppCommon.targets" from project "C:\Users\Tuopelo\Desktop\turbospheresrc64\turbosphere\turbosphere.vcxproj" (target "BuildGenerateSources" depends on it):
       Task "Message" skipped, due to false condition; ('%(PreBuildEvent.Message)' != '' and '%(PreBuildEvent.Command)' != '') was evaluated as ('' != '' and '' != '').
       Task "Exec" skipped, due to false condition; ('%(PreBuildEvent.Command)' != '') was evaluated as ('' != '').
     1>Done building target "PreBuildEvent" in project "turbosphere.vcxproj".
       Target "CustomBuild" skipped, due to false condition; ('@(CustomBuild)' != '') was evaluated as ('' != '').
     1>Target "_GenerateXMLData" in file "C:\Program Files (x86)\MSBuild\Microsoft.Cpp\v4.0\Microsoft.CppBuild.targets" from project "C:\Users\Tuopelo\Desktop\turbospheresrc64\turbosphere\turbosphere.vcxproj" (target "BuildGenerateSources" depends on it):
     1>Done building target "_GenerateXMLData" in project "turbosphere.vcxproj".
     1>Target "_GenerateWebServiceProxy" in file "C:\Program Files (x86)\MSBuild\Microsoft.Cpp\v4.0\Microsoft.CppBuild.targets" from project "C:\Users\Tuopelo\Desktop\turbospheresrc64\turbosphere\turbosphere.vcxproj" (target "BuildGenerateSources" depends on it):
     1>Done building target "_GenerateWebServiceProxy" in project "turbosphere.vcxproj".
       Target "Xsd" skipped, due to false condition; ('@(Xsd)' != '') was evaluated as ('' != '').
     1>Target "_Xsd" in file "C:\Program Files (x86)\MSBuild\Microsoft.Cpp\v4.0\Microsoft.CppBuild.targets" from project "C:\Users\Tuopelo\Desktop\turbospheresrc64\turbosphere\turbosphere.vcxproj" (target "BuildGenerateSources" depends on it):
     1>Done building target "_Xsd" in project "turbosphere.vcxproj".
     1>Target "MakeDirsForMidl" in file "C:\Program Files (x86)\MSBuild\Microsoft.Cpp\v4.0\Microsoft.CppBuild.targets" from project "C:\Users\Tuopelo\Desktop\turbospheresrc64\turbosphere\turbosphere.vcxproj" (target "_Midl" depends on it):
       Task "Makedir"
       Done executing task "Makedir".
     1>Done building target "MakeDirsForMidl" in project "turbosphere.vcxproj".
       Target "Midl" skipped, due to false condition; ('@(Midl)' != '') was evaluated as ('' != '').
       Target "CustomBuild" skipped, due to false condition; ('@(CustomBuild)' != '') was evaluated as ('' != '').
     1>Target "ComputeMIDLGeneratedCompileInputs" in file "C:\Program Files (x86)\MSBuild\Microsoft.Cpp\v4.0\Microsoft.CppBuild.targets" from project "C:\Users\Tuopelo\Desktop\turbospheresrc64\turbosphere\turbosphere.vcxproj" (target "_Midl" depends on it):
     1>Done building target "ComputeMIDLGeneratedCompileInputs" in project "turbosphere.vcxproj".
     1>Target "AfterMidl" in file "C:\Program Files (x86)\MSBuild\Microsoft.Cpp\v4.0\Microsoft.CppBuild.targets" from project "C:\Users\Tuopelo\Desktop\turbospheresrc64\turbosphere\turbosphere.vcxproj" (target "_Midl" depends on it):
     1>Done building target "AfterMidl" in project "turbosphere.vcxproj".
     1>Target "_Midl" in file "C:\Program Files (x86)\MSBuild\Microsoft.Cpp\v4.0\Microsoft.CppBuild.targets" from project "C:\Users\Tuopelo\Desktop\turbospheresrc64\turbosphere\turbosphere.vcxproj" (target "BuildGenerateSources" depends on it):
     1>Done building target "_Midl" in project "turbosphere.vcxproj".
     1>Target "AfterBuildGenerateSources" in file "C:\Program Files (x86)\MSBuild\Microsoft.Cpp\v4.0\Microsoft.BuildSteps.Targets" from project "C:\Users\Tuopelo\Desktop\turbospheresrc64\turbosphere\turbosphere.vcxproj" (target "BuildGenerateSources" depends on it):
     1>Done building target "AfterBuildGenerateSources" in project "turbosphere.vcxproj".
     1>Target "AfterBuildGenerateSourcesEvent" in file "C:\Program Files (x86)\MSBuild\Microsoft.Cpp\v4.0\Microsoft.CppBuild.targets" from project "C:\Users\Tuopelo\Desktop\turbospheresrc64\turbosphere\turbosphere.vcxproj" (target "BuildGenerateSources" depends on it):
     1>Done building target "AfterBuildGenerateSourcesEvent" in project "turbosphere.vcxproj".
     1>Target "BuildGenerateSources" in file "C:\Windows\Microsoft.NET\Framework\v4.0.30319\Microsoft.Common.Targets" from project "C:\Users\Tuopelo\Desktop\turbospheresrc64\turbosphere\turbosphere.vcxproj" (target "Build" depends on it):
     1>Done building target "BuildGenerateSources" in project "turbosphere.vcxproj".
       Target "AssignProjectConfiguration" skipped, due to false condition; ('@(ProjectReference)'!='') was evaluated as (''!='').
       Target "_SplitProjectReferencesByFileExistence" skipped. Previously built successfully.
     1>Target "BuildCompileTraverse" in file "C:\Windows\Microsoft.NET\Framework\v4.0.30319\Microsoft.Common.Targets" from project "C:\Users\Tuopelo\Desktop\turbospheresrc64\turbosphere\turbosphere.vcxproj" (target "BuildCompile" depends on it):
       Task "MSBuild" skipped, due to false condition; ('$(BuildPassReferences)' == 'true' and '@(ProjectReferenceWithConfiguration)' != '' and '@(_MSBuildProjectReferenceExistent)' != ''  and '%(_MSBuildProjectReferenceExistent.BuildReference)' == 'true') was evaluated as ('' == 'true' and '' != '' and '' != ''  and '' == 'true').
     1>Done building target "BuildCompileTraverse" in project "turbosphere.vcxproj".
       Target "SetBuildDefaultEnvironmentVariables" skipped. Previously built successfully.
       Target "SetUserMacroEnvironmentVariables" skipped, due to false condition; ('@(BuildMacro)' != '') was evaluated as ('' != '').
       Target "PrepareForBuild" skipped. Previously built successfully.
       Target "ResolveReferences" skipped. Previously built successfully.
     1>Target "BeforeClCompile" in file "C:\Program Files (x86)\MSBuild\Microsoft.Cpp\v4.0\Microsoft.CppBuild.targets" from project "C:\Users\Tuopelo\Desktop\turbospheresrc64\turbosphere\turbosphere.vcxproj" (target "_ClCompile" depends on it):
     1>Done building target "BeforeClCompile" in project "turbosphere.vcxproj".
       Target "ComputeMIDLGeneratedCompileInputs" skipped. Previously built successfully.
     1>Target "ComputeCLInputPDBName" in file "C:\Program Files (x86)\MSBuild\Microsoft.Cpp\v4.0\Microsoft.CppBuild.targets" from project "C:\Users\Tuopelo\Desktop\turbospheresrc64\turbosphere\turbosphere.vcxproj" (target "_ClCompile" depends on it):
     1>Done building target "ComputeCLInputPDBName" in project "turbosphere.vcxproj".
       Target "ResolveReferences" skipped. Previously built successfully.
     1>Target "ComputeReferenceCLInput" in file "C:\Program Files (x86)\MSBuild\Microsoft.Cpp\v4.0\Microsoft.CppBuild.targets" from project "C:\Users\Tuopelo\Desktop\turbospheresrc64\turbosphere\turbosphere.vcxproj" (target "_ClCompile" depends on it):
       Task "WriteLinesToFile" skipped, due to false condition; (('@(ProjectReference)'!='' or '@(Reference)'!='')) was evaluated as ((''!='' or ''!='')).
       Task "Message" skipped, due to false condition; ('$(_REFERENCE_DEBUG)'=='true' and '%(ClCompile.CompileAsManaged)' != 'false' and '%(ClCompile.CompileAsManaged)' != '') was evaluated as (''=='true' and '' != 'false' and '' != '').
     1>Done building target "ComputeReferenceCLInput" in project "turbosphere.vcxproj".
     1>Target "MakeDirsForCl" in file "C:\Program Files (x86)\MSBuild\Microsoft.Cpp\v4.0\Microsoft.CppBuild.targets" from project "C:\Users\Tuopelo\Desktop\turbospheresrc64\turbosphere\turbosphere.vcxproj" (target "_ClCompile" depends on it):
       Task "MakeDir"
       Done executing task "MakeDir".
     1>Done building target "MakeDirsForCl" in project "turbosphere.vcxproj".
       Target "PrepareForBuild" skipped. Previously built successfully.
       Target "SetBuildDefaultEnvironmentVariables" skipped. Previously built successfully.
       Target "SetUserMacroEnvironmentVariables" skipped, due to false condition; ('@(BuildMacro)' != '') was evaluated as ('' != '').
     1>Target "_SelectedFiles" in file "C:\Program Files (x86)\MSBuild\Microsoft.Cpp\v4.0\Microsoft.CppBuild.targets" from project "C:\Users\Tuopelo\Desktop\turbospheresrc64\turbosphere\turbosphere.vcxproj" (target "SelectClCompile" depends on it):
     1>Done building target "_SelectedFiles" in project "turbosphere.vcxproj".
       Target "ComputeMIDLGeneratedCompileInputs" skipped. Previously built successfully.
       Target "ComputeCLInputPDBName" skipped. Previously built successfully.
       Target "ComputeReferenceCLInput" skipped. Previously built successfully.
       Target "_SelectedFiles" skipped. Previously built successfully.
     1>Target "SelectCustomBuild" in file "C:\Program Files (x86)\MSBuild\Microsoft.Cpp\v4.0\Microsoft.CppBuild.targets" from project "C:\Users\Tuopelo\Desktop\turbospheresrc64\turbosphere\turbosphere.vcxproj" (target "SelectClCompile" depends on it):
     1>Done building target "SelectCustomBuild" in project "turbosphere.vcxproj".
     1>Target "SelectClCompile" in file "C:\Program Files (x86)\MSBuild\Microsoft.Cpp\v4.0\Microsoft.CppBuild.targets" from project "C:\Users\Tuopelo\Desktop\turbospheresrc64\turbosphere\turbosphere.vcxproj" (target "ClCompile" depends on it):
     1>Done building target "SelectClCompile" in project "turbosphere.vcxproj".
       Target "GenerateTargetFrameworkMonikerAttribute" skipped, due to false condition; ('$(GenerateTargetFrameworkAttribute)' == 'true') was evaluated as ('false' == 'true').
     1>Target "ClCompile" in file "C:\Program Files (x86)\MSBuild\Microsoft.Cpp\v4.0\Platforms\x64\Microsoft.Cpp.x64.Targets" from project "C:\Users\Tuopelo\Desktop\turbospheresrc64\turbosphere\turbosphere.vcxproj" (target "_ClCompile" depends on it):
       Task "Delete" skipped, due to false condition; ('%(ClCompile.DebugInformationFormat)' != '' and '%(ClCompile.DebugInformationFormat)' != 'OldStyle' and '%(ClCompile.ProgramDataBaseFileName)' != '' and !Exists(%(ClCompile.ProgramDataBaseFileName))) was evaluated as ('ProgramDatabase' != '' and 'ProgramDatabase' != 'OldStyle' and 'x64\Release\vcWindows7.1SDK.pdb' != '' and !Exists(x64\Release\vcWindows7.1SDK.pdb)).
       Task "CL" skipped, due to false condition; ('%(ClCompile.PrecompiledHeader)' == 'Create' and '%(ClCompile.ExcludedFromBuild)'!='true') was evaluated as ('NotUsing' == 'Create' and ''!='true').
       Using "CL" task from assembly "Microsoft.Build.CppTasks.x64, Version=4.0.0.0, Culture=neutral, PublicKeyToken=b03f5f7f11d50a3a".
       Task "CL"
         Read Tracking Logs:
         	x64\Release\cl.read.1.tlog
         Outputs for C:\USERS\TUOPELO\DESKTOP\TURBOSPHERESRC64\ENGINE.CPP|C:\USERS\TUOPELO\DESKTOP\TURBOSPHERESRC64\FUNCTIONLOAD.CPP|C:\USERS\TUOPELO\DESKTOP\TURBOSPHERESRC64\LOADPLUGINS.CPP|C:\USERS\TUOPELO\DESKTOP\TURBOSPHERESRC64\VARIABLEREGISTER.CPP:
         	C:\USERS\TUOPELO\DESKTOP\TURBOSPHERESRC64\TURBOSPHERE\X64\RELEASE\ENGINE.OBJ
         	C:\USERS\TUOPELO\DESKTOP\TURBOSPHERESRC64\TURBOSPHERE\X64\RELEASE\FUNCTIONLOAD.OBJ
         	C:\USERS\TUOPELO\DESKTOP\TURBOSPHERESRC64\TURBOSPHERE\X64\RELEASE\LOADPLUGINS.OBJ
         	C:\USERS\TUOPELO\DESKTOP\TURBOSPHERESRC64\TURBOSPHERE\X64\RELEASE\VARIABLEREGISTER.OBJ
         All outputs are up-to-date.
         Forcing rebuild of all source files due to a change in the command line since the last build.
         Write Tracking Logs:
         	x64\Release\cl.write.1.tlog
         Environment Variables passed to tool:
           VS_UNICODE_OUTPUT=952
         C:\Program Files (x86)\Microsoft Visual Studio 10.0\VC\bin\x86_amd64\CL.exe /c /Zi /nologo /W3 /WX- /O2 /Oi /GL /D _MBCS /Gm- /EHsc /MT /GS /Gy /fp:fast /Zc:wchar_t /Zc:forScope /Fo"x64\Release\\" /Fd"x64\Release\vcWindows7.1SDK.pdb" /Gd /TP /errorReport:prompt ..\engine.cpp ..\functionload.cpp ..\loadplugins.cpp ..\variableregister.cpp
         Tracking command:
         C:\Program Files\Microsoft SDKs\Windows\v7.1\bin\NETFX 4.0 Tools\Tracker.exe /d C:\Windows\Microsoft.NET\Framework\v4.0.30319\FileTracker.dll /i C:\Users\Tuopelo\Desktop\turbospheresrc64\turbosphere\x64\Release /r "C:\USERS\TUOPELO\DESKTOP\TURBOSPHERESRC64\ENGINE.CPP|C:\USERS\TUOPELO\DESKTOP\TURBOSPHERESRC64\FUNCTIONLOAD.CPP|C:\USERS\TUOPELO\DESKTOP\TURBOSPHERESRC64\LOADPLUGINS.CPP|C:\USERS\TUOPELO\DESKTOP\TURBOSPHERESRC64\VARIABLEREGISTER.CPP" /b MSBuildConsole_CancelEvent3508c8895c7d4e0ba0ce47a820096704  /c "C:\Program Files (x86)\Microsoft Visual Studio 10.0\VC\bin\x86_amd64\CL.exe"  /c /Zi /nologo /W3 /WX- /O2 /Oi /GL /D _MBCS /Gm- /EHsc /MT /GS /Gy /fp:fast /Zc:wchar_t /Zc:forScope /Fo"x64\Release\\" /Fd"x64\Release\vcWindows7.1SDK.pdb" /Gd /TP /errorReport:prompt ..\engine.cpp ..\functionload.cpp ..\loadplugins.cpp ..\variableregister.cpp
         engine.cpp
         functionload.cpp
         loadplugins.cpp
         variableregister.cpp
       Done executing task "CL".
     1>Done building target "ClCompile" in project "turbosphere.vcxproj".
     1>Target "AfterClCompile" in file "C:\Program Files (x86)\MSBuild\Microsoft.Cpp\v4.0\Microsoft.CppBuild.targets" from project "C:\Users\Tuopelo\Desktop\turbospheresrc64\turbosphere\turbosphere.vcxproj" (target "_ClCompile" depends on it):
     1>Done building target "AfterClCompile" in project "turbosphere.vcxproj".
     1>Target "_ClCompile" in file "C:\Program Files (x86)\MSBuild\Microsoft.Cpp\v4.0\Microsoft.CppBuild.targets" from project "C:\Users\Tuopelo\Desktop\turbospheresrc64\turbosphere\turbosphere.vcxproj" (target "BuildCompile" depends on it):
     1>Done building target "_ClCompile" in project "turbosphere.vcxproj".
       Target "_ResGen" skipped, due to false condition; ('@(EmbeddedResource)'!='') was evaluated as (''!='').
     1>Target "BeforeResourceCompile" in file "C:\Program Files (x86)\MSBuild\Microsoft.Cpp\v4.0\Microsoft.CppBuild.targets" from project "C:\Users\Tuopelo\Desktop\turbospheresrc64\turbosphere\turbosphere.vcxproj" (target "_ResourceCompile" depends on it):
     1>Done building target "BeforeResourceCompile" in project "turbosphere.vcxproj".
     1>Target "MakeDirsForResourceCompile" in file "C:\Program Files (x86)\MSBuild\Microsoft.Cpp\v4.0\Microsoft.CppBuild.targets" from project "C:\Users\Tuopelo\Desktop\turbospheresrc64\turbosphere\turbosphere.vcxproj" (target "_ResourceCompile" depends on it):
       Task "MakeDir"
       Done executing task "MakeDir".
     1>Done building target "MakeDirsForResourceCompile" in project "turbosphere.vcxproj".
       Target "ResourceCompile" skipped, due to false condition; ('@(ResourceCompile)' != '') was evaluated as ('' != '').
     1>Target "AfterResourceCompile" in file "C:\Program Files (x86)\MSBuild\Microsoft.Cpp\v4.0\Microsoft.CppBuild.targets" from project "C:\Users\Tuopelo\Desktop\turbospheresrc64\turbosphere\turbosphere.vcxproj" (target "_ResourceCompile" depends on it):
     1>Done building target "AfterResourceCompile" in project "turbosphere.vcxproj".
     1>Target "_ResourceCompile" in file "C:\Program Files (x86)\MSBuild\Microsoft.Cpp\v4.0\Microsoft.CppBuild.targets" from project "C:\Users\Tuopelo\Desktop\turbospheresrc64\turbosphere\turbosphere.vcxproj" (target "BuildCompile" depends on it):
     1>Done building target "_ResourceCompile" in project "turbosphere.vcxproj".
       Target "_ImpLib" skipped, due to false condition; ('$(ImpLibCompiled)' == 'true') was evaluated as ('' == 'true').
       Target "_Lib" skipped, due to false condition; ('$(LibCompiled)' == 'true') was evaluated as ('' == 'true').
     1>Target "AfterBuildCompileEvent" in file "C:\Program Files (x86)\MSBuild\Microsoft.Cpp\v4.0\Microsoft.CppBuild.targets" from project "C:\Users\Tuopelo\Desktop\turbospheresrc64\turbosphere\turbosphere.vcxproj" (target "BuildCompile" depends on it):
     1>Done building target "AfterBuildCompileEvent" in project "turbosphere.vcxproj".
     1>Target "BuildCompile" in file "C:\Windows\Microsoft.NET\Framework\v4.0.30319\Microsoft.Common.Targets" from project "C:\Users\Tuopelo\Desktop\turbospheresrc64\turbosphere\turbosphere.vcxproj" (target "Build" depends on it):
     1>Done building target "BuildCompile" in project "turbosphere.vcxproj".
       Target "AssignProjectConfiguration" skipped, due to false condition; ('@(ProjectReference)'!='') was evaluated as (''!='').
       Target "_SplitProjectReferencesByFileExistence" skipped. Previously built successfully.
     1>Target "BuildLinkTraverse" in file "C:\Windows\Microsoft.NET\Framework\v4.0.30319\Microsoft.Common.Targets" from project "C:\Users\Tuopelo\Desktop\turbospheresrc64\turbosphere\turbosphere.vcxproj" (target "BuildLink" depends on it):
       Task "MSBuild" skipped, due to false condition; ('$(BuildPassReferences)' == 'true' and '@(ProjectReferenceWithConfiguration)' != '' and '@(_MSBuildProjectReferenceExistent)' != ''  and '%(_MSBuildProjectReferenceExistent.BuildReference)' == 'true') was evaluated as ('' == 'true' and '' != '' and '' != ''  and '' == 'true').
     1>Done building target "BuildLinkTraverse" in project "turbosphere.vcxproj".
       Target "SetBuildDefaultEnvironmentVariables" skipped. Previously built successfully.
       Target "SetUserMacroEnvironmentVariables" skipped, due to false condition; ('@(BuildMacro)' != '') was evaluated as ('' != '').
       Target "PrepareForBuild" skipped. Previously built successfully.
       Target "ResolveReferences" skipped. Previously built successfully.
     1>Target "BeforeLink" in file "C:\Program Files (x86)\MSBuild\Microsoft.Cpp\v4.0\Microsoft.CppBuild.targets" from project "C:\Users\Tuopelo\Desktop\turbospheresrc64\turbosphere\turbosphere.vcxproj" (target "_Link" depends on it):
     1>Done building target "BeforeLink" in project "turbosphere.vcxproj".
     1>Target "ComputeRCOutputs" in file "C:\Program Files (x86)\MSBuild\Microsoft.Cpp\v4.0\Microsoft.CppBuild.targets" from project "C:\Users\Tuopelo\Desktop\turbospheresrc64\turbosphere\turbosphere.vcxproj" (target "ComputeRCGeneratedLinkInputs" depends on it):
     1>Done building target "ComputeRCOutputs" in project "turbosphere.vcxproj".
     1>Target "ComputeRCGeneratedLinkInputs" in file "C:\Program Files (x86)\MSBuild\Microsoft.Cpp\v4.0\Microsoft.CppBuild.targets" from project "C:\Users\Tuopelo\Desktop\turbospheresrc64\turbosphere\turbosphere.vcxproj" (target "_Link" depends on it):
     1>Done building target "ComputeRCGeneratedLinkInputs" in project "turbosphere.vcxproj".
     1>Target "ComputeManifestGeneratedLinkerInputs" in file "C:\Program Files (x86)\MSBuild\Microsoft.Cpp\v4.0\Microsoft.CppBuild.targets" from project "C:\Users\Tuopelo\Desktop\turbospheresrc64\turbosphere\turbosphere.vcxproj" (target "_Link" depends on it):
     1>Done building target "ComputeManifestGeneratedLinkerInputs" in project "turbosphere.vcxproj".
     1>Target "ComputeCustomBuildOutput" in file "C:\Program Files (x86)\MSBuild\Microsoft.Cpp\v4.0\Microsoft.CppBuild.targets" from project "C:\Users\Tuopelo\Desktop\turbospheresrc64\turbosphere\turbosphere.vcxproj" (target "_Link" depends on it):
       Task "MakeDir"
       Done executing task "MakeDir".
     1>Done building target "ComputeCustomBuildOutput" in project "turbosphere.vcxproj".
       Target "ComputeMIDLGeneratedCompileInputs" skipped. Previously built successfully.
       Target "ComputeCLInputPDBName" skipped. Previously built successfully.
       Target "ComputeReferenceCLInput" skipped. Previously built successfully.
     1>Target "ComputeCLOutputs" in file "C:\Program Files (x86)\MSBuild\Microsoft.Cpp\v4.0\Microsoft.CppBuild.targets" from project "C:\Users\Tuopelo\Desktop\turbospheresrc64\turbosphere\turbosphere.vcxproj" (target "ComputeCLGeneratedLinkInputs" depends on it):
     1>Done building target "ComputeCLOutputs" in project "turbosphere.vcxproj".
     1>Target "ComputeCLGeneratedLinkInputs" in file "C:\Program Files (x86)\MSBuild\Microsoft.Cpp\v4.0\Microsoft.CppBuild.targets" from project "C:\Users\Tuopelo\Desktop\turbospheresrc64\turbosphere\turbosphere.vcxproj" (target "_Link" depends on it):
     1>Done building target "ComputeCLGeneratedLinkInputs" in project "turbosphere.vcxproj".
     1>Target "ComputeLinkInputsFromProject" in file "C:\Program Files (x86)\MSBuild\Microsoft.Cpp\v4.0\Microsoft.CppBuild.targets" from project "C:\Users\Tuopelo\Desktop\turbospheresrc64\turbosphere\turbosphere.vcxproj" (target "_Link" depends on it):
     1>Done building target "ComputeLinkInputsFromProject" in project "turbosphere.vcxproj".
       Target "ComputeReferenceLinkInputs" skipped, due to false condition; (@(ProjectReference) != '') was evaluated as ( != '').
     1>Target "ComputeManifestInputsTargets" in file "C:\Program Files (x86)\MSBuild\Microsoft.Cpp\v4.0\Microsoft.CppBuild.targets" from project "C:\Users\Tuopelo\Desktop\turbospheresrc64\turbosphere\turbosphere.vcxproj" (target "_Link" depends on it):
     1>Done building target "ComputeManifestInputsTargets" in project "turbosphere.vcxproj".
       Target "ManifestResourceCompile" skipped, due to false condition; ('$(EmbedManifestBy)' == 'LINK') was evaluated as ('MT' == 'LINK').
       Target "AssignWinFXEmbeddedResource" skipped, due to false condition; ('@(WinFXEmbeddedResource)' != '') was evaluated as ('' != '').
     1>Target "AssignTargetPaths" in file "C:\Windows\Microsoft.NET\Framework\v4.0.30319\Microsoft.Common.Targets" from project "C:\Users\Tuopelo\Desktop\turbospheresrc64\turbosphere\turbosphere.vcxproj" (target "PrepareResourceNames" depends on it):
       Using "AssignTargetPath" task from assembly "Microsoft.Build.Tasks.v4.0, Version=4.0.0.0, Culture=neutral, PublicKeyToken=b03f5f7f11d50a3a".
       Task "AssignTargetPath"
       Done executing task "AssignTargetPath".
       Task "AssignTargetPath"
       Done executing task "AssignTargetPath".
       Task "AssignTargetPath"
       Done executing task "AssignTargetPath".
       Task "AssignTargetPath"
       Done executing task "AssignTargetPath".
       Task "AssignTargetPath" skipped, due to false condition; ('@(_DeploymentBaseManifestWithTargetPath)'=='' and '%(None.Extension)'=='.manifest') was evaluated as (''=='' and ''=='.manifest').
     1>Done building target "AssignTargetPaths" in project "turbosphere.vcxproj".
       Target "AssignTargetPaths" skipped. Previously built successfully.
     1>Target "SplitResourcesByCulture" in file "C:\Windows\Microsoft.NET\Framework\v4.0.30319\Microsoft.Common.Targets" from project "C:\Users\Tuopelo\Desktop\turbospheresrc64\turbosphere\turbosphere.vcxproj" (target "PrepareResourceNames" depends on it):
       Task "Warning" skipped, due to false condition; ('@(ResxWithNoCulture)'!='') was evaluated as (''!='').
       Task "Warning" skipped, due to false condition; ('@(ResxWithCulture)'!='') was evaluated as (''!='').
       Task "Warning" skipped, due to false condition; ('@(NonResxWithCulture)'!='') was evaluated as (''!='').
       Task "Warning" skipped, due to false condition; ('@(NonResxWithNoCulture)'!='') was evaluated as (''!='').
       Using "AssignCulture" task from assembly "Microsoft.Build.Tasks.v4.0, Version=4.0.0.0, Culture=neutral, PublicKeyToken=b03f5f7f11d50a3a".
       Task "AssignCulture"
       Done executing task "AssignCulture".
     1>Done building target "SplitResourcesByCulture" in project "turbosphere.vcxproj".
       Target "CreateManifestResourceNames" skipped, due to false condition; ('@(EmbeddedResource)' != '') was evaluated as ('' != '').
     1>Target "CreateCustomManifestResourceNames" in file "C:\Windows\Microsoft.NET\Framework\v4.0.30319\Microsoft.Common.Targets" from project "C:\Users\Tuopelo\Desktop\turbospheresrc64\turbosphere\turbosphere.vcxproj" (target "PrepareResourceNames" depends on it):
     1>Done building target "CreateCustomManifestResourceNames" in project "turbosphere.vcxproj".
     1>Target "PrepareResourceNames" in file "C:\Windows\Microsoft.NET\Framework\v4.0.30319\Microsoft.Common.Targets" from project "C:\Users\Tuopelo\Desktop\turbospheresrc64\turbosphere\turbosphere.vcxproj" (target "_Link" depends on it):
     1>Done building target "PrepareResourceNames" in project "turbosphere.vcxproj".
     1>Target "MakeDirsForLink" in file "C:\Program Files (x86)\MSBuild\Microsoft.Cpp\v4.0\Microsoft.CppBuild.targets" from project "C:\Users\Tuopelo\Desktop\turbospheresrc64\turbosphere\turbosphere.vcxproj" (target "_Link" depends on it):
       Task "MakeDir"
       Done executing task "MakeDir".
     1>Done building target "MakeDirsForLink" in project "turbosphere.vcxproj".
     1>Target "DoLinkOutputFilesMatch" in file "C:\Program Files (x86)\MSBuild\Microsoft.Cpp\v4.0\Microsoft.CppBuild.targets" from project "C:\Users\Tuopelo\Desktop\turbospheresrc64\turbosphere\turbosphere.vcxproj" (target "_Link" depends on it):
       Task "VCMessage" skipped, due to false condition; ('%(_OutputFileFromLink.FullPath)' != '$([System.IO.Path]::GetFullPath($(TargetPath)))') was evaluated as ('C:\Users\Tuopelo\Desktop\turbospheresrc64\turbosphere\x64\Release\turbosphere.exe' != 'C:\Users\Tuopelo\Desktop\turbospheresrc64\turbosphere\x64\Release\turbosphere.exe').
       Task "VCMessage" skipped, due to false condition; ('%(_OutputFileFromLink.Extension)' != '$(TargetExt)') was evaluated as ('.exe' != '.exe').
       Task "VCMessage" skipped, due to false condition; ('%(_OutputFileFromLink.Filename)' != '$(TargetName)') was evaluated as ('turbosphere' != 'turbosphere').
     1>Done building target "DoLinkOutputFilesMatch" in project "turbosphere.vcxproj".
     1>Target "PreLinkEvent" in file "C:\Program Files (x86)\MSBuild\Microsoft.Cpp\v4.0\Microsoft.CppCommon.targets" from project "C:\Users\Tuopelo\Desktop\turbospheresrc64\turbosphere\turbosphere.vcxproj" (target "_Link" depends on it):
       Task "Message" skipped, due to false condition; ('%(PreLinkEvent.Message)' != '' and '%(PreLinkEvent.Command)' != '') was evaluated as ('' != '' and '' != '').
       Task "Exec" skipped, due to false condition; ('%(PreLinkEvent.Command)' != '') was evaluated as ('' != '').
     1>Done building target "PreLinkEvent" in project "turbosphere.vcxproj".
     1>Target "Link" in file "C:\Program Files (x86)\MSBuild\Microsoft.Cpp\v4.0\Platforms\x64\Microsoft.Cpp.x64.Targets" from project "C:\Users\Tuopelo\Desktop\turbospheresrc64\turbosphere\turbosphere.vcxproj" (target "_Link" depends on it):
       Using "Link" task from assembly "Microsoft.Build.CppTasks.x64, Version=4.0.0.0, Culture=neutral, PublicKeyToken=b03f5f7f11d50a3a".
       Task "Link"
         Write Tracking Logs:
         	x64\Release\link.write.1.tlog
         Read Tracking Logs:
         	x64\Release\link.read.1.tlog
         Outputs for C:\USERS\TUOPELO\DESKTOP\TURBOSPHERESRC64\TURBOSPHERE\X64\RELEASE\ENGINE.OBJ|C:\USERS\TUOPELO\DESKTOP\TURBOSPHERESRC64\TURBOSPHERE\X64\RELEASE\FUNCTIONLOAD.OBJ|C:\USERS\TUOPELO\DESKTOP\TURBOSPHERESRC64\TURBOSPHERE\X64\RELEASE\LOADPLUGINS.OBJ|C:\USERS\TUOPELO\DESKTOP\TURBOSPHERESRC64\TURBOSPHERE\X64\RELEASE\VARIABLEREGISTER.OBJ:
         	C:\USERS\TUOPELO\DESKTOP\TURBOSPHERESRC64\TURBOSPHERE\X64\RELEASE\TURBOSPHERE.EXE
         	C:\USERS\TUOPELO\DESKTOP\TURBOSPHERESRC64\TURBOSPHERE\X64\RELEASE\TURBOSPHERE.EXE.INTERMEDIATE.MANIFEST
         	C:\USERS\TUOPELO\DESKTOP\TURBOSPHERESRC64\TURBOSPHERE\X64\RELEASE\TURBOSPHERE.PDB
         Inputs for C:\USERS\TUOPELO\DESKTOP\TURBOSPHERESRC64\TURBOSPHERE\X64\RELEASE\ENGINE.OBJ|C:\USERS\TUOPELO\DESKTOP\TURBOSPHERESRC64\TURBOSPHERE\X64\RELEASE\FUNCTIONLOAD.OBJ|C:\USERS\TUOPELO\DESKTOP\TURBOSPHERESRC64\TURBOSPHERE\X64\RELEASE\LOADPLUGINS.OBJ|C:\USERS\TUOPELO\DESKTOP\TURBOSPHERESRC64\TURBOSPHERE\X64\RELEASE\VARIABLEREGISTER.OBJ:
         	C:\USERS\TUOPELO\DESKTOP\TURBOSPHERESRC64\LIB\V8.LIB
         	C:\USERS\TUOPELO\DESKTOP\TURBOSPHERESRC64\LIB\T5.LIB
         	C:\USERS\TUOPELO\DESKTOP\TURBOSPHERESRC64\LIB\GRAPHICCOMMON.LIB
         	C:\USERS\TUOPELO\DESKTOP\TURBOSPHERESRC64\LIB\CONFIGMANAGER.LIB
         	C:\USERS\TUOPELO\DESKTOP\TURBOSPHERESRC64\LIB\SDL.LIB
         	C:\PROGRAM FILES\MICROSOFT SDKS\WINDOWS\V7.1\LIB\X64\WS2_32.LIB
         	C:\PROGRAM FILES\MICROSOFT SDKS\WINDOWS\V7.1\LIB\X64\WINMM.LIB
         	C:\PROGRAM FILES\MICROSOFT SDKS\WINDOWS\V7.1\LIB\X64\KERNEL32.LIB
         	C:\PROGRAM FILES\MICROSOFT SDKS\WINDOWS\V7.1\LIB\X64\USER32.LIB
         	C:\PROGRAM FILES\MICROSOFT SDKS\WINDOWS\V7.1\LIB\X64\GDI32.LIB
         	C:\PROGRAM FILES\MICROSOFT SDKS\WINDOWS\V7.1\LIB\X64\WINSPOOL.LIB
         	C:\PROGRAM FILES\MICROSOFT SDKS\WINDOWS\V7.1\LIB\X64\COMDLG32.LIB
         	C:\PROGRAM FILES\MICROSOFT SDKS\WINDOWS\V7.1\LIB\X64\ADVAPI32.LIB
         	C:\PROGRAM FILES\MICROSOFT SDKS\WINDOWS\V7.1\LIB\X64\SHELL32.LIB
         	C:\PROGRAM FILES\MICROSOFT SDKS\WINDOWS\V7.1\LIB\X64\OLE32.LIB
         	C:\PROGRAM FILES\MICROSOFT SDKS\WINDOWS\V7.1\LIB\X64\OLEAUT32.LIB
         	C:\PROGRAM FILES\MICROSOFT SDKS\WINDOWS\V7.1\LIB\X64\UUID.LIB
         	C:\PROGRAM FILES\MICROSOFT SDKS\WINDOWS\V7.1\LIB\X64\ODBC32.LIB
         	C:\PROGRAM FILES\MICROSOFT SDKS\WINDOWS\V7.1\LIB\X64\ODBCCP32.LIB
         	C:\USERS\TUOPELO\DESKTOP\TURBOSPHERESRC64\TURBOSPHERE\X64\RELEASE\ENGINE.OBJ
         	C:\USERS\TUOPELO\DESKTOP\TURBOSPHERESRC64\TURBOSPHERE\X64\RELEASE\FUNCTIONLOAD.OBJ
         	C:\USERS\TUOPELO\DESKTOP\TURBOSPHERESRC64\TURBOSPHERE\X64\RELEASE\LOADPLUGINS.OBJ
         	C:\USERS\TUOPELO\DESKTOP\TURBOSPHERESRC64\TURBOSPHERE\X64\RELEASE\VARIABLEREGISTER.OBJ
         	C:\WINDOWS\GLOBALIZATION\SORTING\SORTDEFAULT.NLS
         	C:\PROGRAM FILES (X86)\MICROSOFT VISUAL STUDIO 10.0\VC\BIN\X86_AMD64\C2.DLL
         	C:\PROGRAM FILES (X86)\MICROSOFT VISUAL STUDIO 10.0\VC\LIB\AMD64\LIBCPMT.LIB
         	C:\PROGRAM FILES (X86)\MICROSOFT VISUAL STUDIO 10.0\VC\LIB\AMD64\LIBCMT.LIB
         	C:\PROGRAM FILES (X86)\MICROSOFT VISUAL STUDIO 10.0\VC\LIB\AMD64\OLDNAMES.LIB
         	C:\PROGRAM FILES (X86)\MICROSOFT VISUAL STUDIO 10.0\VC\BIN\X86_AMD64\1033\LINKUI.DLL
         	C:\WINDOWS\SYSTEM32\TZRES.DLL
         Source compilation required: input C:\USERS\TUOPELO\DESKTOP\TURBOSPHERESRC64\TURBOSPHERE\X64\RELEASE\ENGINE.OBJ is newer than output C:\USERS\TUOPELO\DESKTOP\TURBOSPHERESRC64\TURBOSPHERE\X64\RELEASE\TURBOSPHERE.EXE.INTERMEDIATE.MANIFEST.
         Environment Variables passed to tool:
           VS_UNICODE_OUTPUT=1228
         C:\Program Files (x86)\Microsoft Visual Studio 10.0\VC\bin\x86_amd64\link.exe /ERRORREPORT:PROMPT /OUT:"C:\Users\Tuopelo\Desktop\turbospheresrc64\turbosphere\x64\Release\turbosphere.exe" /NOLOGO /LIBPATH:../lib v8.lib t5.lib graphiccommon.lib configmanager.lib SDL.lib Ws2_32.lib WINMM.LIB kernel32.lib user32.lib gdi32.lib winspool.lib comdlg32.lib advapi32.lib shell32.lib ole32.lib oleaut32.lib uuid.lib odbc32.lib odbccp32.lib /NODEFAULTLIB:LIBCMTD /MANIFEST /ManifestFile:"x64\Release\turbosphere.exe.intermediate.manifest" /MANIFESTUAC:"level='asInvoker' uiAccess='false'" /DEBUG /PDB:"C:\Users\Tuopelo\Desktop\turbospheresrc64\turbosphere\x64\Release\turbosphere.pdb" /OPT:REF /OPT:ICF /LTCG /TLBID:1 /DYNAMICBASE /NXCOMPAT /IMPLIB:"C:\Users\Tuopelo\Desktop\turbospheresrc64\turbosphere\x64\Release\turbosphere.lib" /MACHINE:X64 x64\Release\engine.obj
         x64\Release\functionload.obj
         x64\Release\loadplugins.obj
         x64\Release\variableregister.obj
         Tracking command:
         C:\Program Files\Microsoft SDKs\Windows\v7.1\bin\NETFX 4.0 Tools\Tracker.exe /a /d C:\Windows\Microsoft.NET\Framework\v4.0.30319\FileTracker.dll /i C:\Users\Tuopelo\Desktop\turbospheresrc64\turbosphere\x64\Release /r "C:\USERS\TUOPELO\DESKTOP\TURBOSPHERESRC64\TURBOSPHERE\X64\RELEASE\ENGINE.OBJ|C:\USERS\TUOPELO\DESKTOP\TURBOSPHERESRC64\TURBOSPHERE\X64\RELEASE\FUNCTIONLOAD.OBJ|C:\USERS\TUOPELO\DESKTOP\TURBOSPHERESRC64\TURBOSPHERE\X64\RELEASE\LOADPLUGINS.OBJ|C:\USERS\TUOPELO\DESKTOP\TURBOSPHERESRC64\TURBOSPHERE\X64\RELEASE\VARIABLEREGISTER.OBJ" /b MSBuildConsole_CancelEvent920dcf0a1c63434c8e3138e0b0836cb1  /c "C:\Program Files (x86)\Microsoft Visual Studio 10.0\VC\bin\x86_amd64\link.exe"  /ERRORREPORT:PROMPT /OUT:"C:\Users\Tuopelo\Desktop\turbospheresrc64\turbosphere\x64\Release\turbosphere.exe" /NOLOGO /LIBPATH:../lib v8.lib t5.lib graphiccommon.lib configmanager.lib SDL.lib Ws2_32.lib WINMM.LIB kernel32.lib user32.lib gdi32.lib winspool.lib comdlg32.lib advapi32.lib shell32.lib ole32.lib oleaut32.lib uuid.lib odbc32.lib odbccp32.lib /NODEFAULTLIB:LIBCMTD /MANIFEST /ManifestFile:"x64\Release\turbosphere.exe.intermediate.manifest" /MANIFESTUAC:"level='asInvoker' uiAccess='false'" /DEBUG /PDB:"C:\Users\Tuopelo\Desktop\turbospheresrc64\turbosphere\x64\Release\turbosphere.pdb" /OPT:REF /OPT:ICF /LTCG /TLBID:1 /DYNAMICBASE /NXCOMPAT /IMPLIB:"C:\Users\Tuopelo\Desktop\turbospheresrc64\turbosphere\x64\Release\turbosphere.lib" /MACHINE:X64 x64\Release\engine.obj
         x64\Release\functionload.obj
         x64\Release\loadplugins.obj
         x64\Release\variableregister.obj
         Generating code
         Finished generating code
       Done executing task "Link".
       Task "Message"
         turbosphere.vcxproj -> C:\Users\Tuopelo\Desktop\turbospheresrc64\turbosphere\x64\Release\turbosphere.exe
       Done executing task "Message".
     1>Done building target "Link" in project "turbosphere.vcxproj".
     1>Target "_DetermineManagedStateForLink" in file "C:\Program Files (x86)\MSBuild\Microsoft.Cpp\v4.0\Microsoft.CppBuild.targets" from project "C:\Users\Tuopelo\Desktop\turbospheresrc64\turbosphere\turbosphere.vcxproj" (target "_Link" depends on it):
     1>Done building target "_DetermineManagedStateForLink" in project "turbosphere.vcxproj".
     1>Target "ComputeLinkImportLibraryOutputsForClean" in file "C:\Program Files (x86)\MSBuild\Microsoft.Cpp\v4.0\Microsoft.CppBuild.targets" from project "C:\Users\Tuopelo\Desktop\turbospheresrc64\turbosphere\turbosphere.vcxproj" (target "_Link" depends on it):
       Task "WriteLinesToFile" skipped, due to false condition; ('@(_LinkImportLibrary)' != '') was evaluated as ('' != '').
     1>Done building target "ComputeLinkImportLibraryOutputsForClean" in project "turbosphere.vcxproj".
     1>Target "AfterLink" in file "C:\Program Files (x86)\MSBuild\Microsoft.Cpp\v4.0\Microsoft.CppBuild.targets" from project "C:\Users\Tuopelo\Desktop\turbospheresrc64\turbosphere\turbosphere.vcxproj" (target "_Link" depends on it):
     1>Done building target "AfterLink" in project "turbosphere.vcxproj".
     1>Target "_Link" in file "C:\Program Files (x86)\MSBuild\Microsoft.Cpp\v4.0\Microsoft.CppBuild.targets" from project "C:\Users\Tuopelo\Desktop\turbospheresrc64\turbosphere\turbosphere.vcxproj" (target "BuildLink" depends on it):
     1>Done building target "_Link" in project "turbosphere.vcxproj".
     1>Target "_ALink" in file "C:\Program Files (x86)\MSBuild\Microsoft.Cpp\v4.0\Microsoft.CppBuild.targets" from project "C:\Users\Tuopelo\Desktop\turbospheresrc64\turbosphere\turbosphere.vcxproj" (target "BuildLink" depends on it):
     1>Done building target "_ALink" in project "turbosphere.vcxproj".
       Target "ComputeManifestInputsTargets" skipped. Previously built successfully.
     1>Target "MakeDirsForManifest" in file "C:\Program Files (x86)\MSBuild\Microsoft.Cpp\v4.0\Microsoft.CppCommon.targets" from project "C:\Users\Tuopelo\Desktop\turbospheresrc64\turbosphere\turbosphere.vcxproj" (target "Manifest" depends on it):
       Task "MakeDir"
       Done executing task "MakeDir".
     1>Done building target "MakeDirsForManifest" in project "turbosphere.vcxproj".
     1>Target "Manifest" in file "C:\Program Files (x86)\MSBuild\Microsoft.Cpp\v4.0\Microsoft.CppCommon.targets" from project "C:\Users\Tuopelo\Desktop\turbospheresrc64\turbosphere\turbosphere.vcxproj" (target "_Manifest" depends on it):
       Task "Delete" skipped, due to false condition; (('$(BuildType)' != 'Build' or '$(ForceRebuild)' == 'true') and '$(EmbedManifestby)'=='LINK') was evaluated as (('Build' != 'Build' or '' == 'true') and 'MT'=='LINK').
       Using "Mt" task from assembly "Microsoft.Build.CppTasks.Common, Version=4.0.0.0, Culture=neutral, PublicKeyToken=b03f5f7f11d50a3a".
       Task "Mt"
         C:\Program Files\Microsoft SDKs\Windows\v7.1\bin\mt.exe /nologo /verbose /outputresource:"C:\Users\Tuopelo\Desktop\turbospheresrc64\turbosphere\x64\Release\turbosphere.exe;#1" /manifest x64\Release\turbosphere.exe.intermediate.manifest
         Tracking command:
         C:\Program Files\Microsoft SDKs\Windows\v7.1\bin\NETFX 4.0 Tools\Tracker.exe /d C:\Windows\Microsoft.NET\Framework\v4.0.30319\FileTracker.dll /i C:\Users\Tuopelo\Desktop\turbospheresrc64\turbosphere\x64\Release /r C:\USERS\TUOPELO\DESKTOP\TURBOSPHERESRC64\TURBOSPHERE\X64\RELEASE\TURBOSPHERE.EXE.INTERMEDIATE.MANIFEST /b MSBuildConsole_CancelEventf19d4d2079b044ea8411a6c3e053d8e7  /c "C:\Program Files\Microsoft SDKs\Windows\v7.1\bin\mt.exe"  /nologo /verbose /outputresource:"C:\Users\Tuopelo\Desktop\turbospheresrc64\turbosphere\x64\Release\turbosphere.exe;#1" /manifest x64\Release\turbosphere.exe.intermediate.manifest
       Done executing task "Mt".
       Task "RC" skipped, due to false condition; ('$(EmbedManifestby)'=='LINK') was evaluated as ('MT'=='LINK').
     1>Done building target "Manifest" in project "turbosphere.vcxproj".
       Target "ComputeManifestGeneratedLinkerInputs" skipped. Previously built successfully.
     1>Target "_Manifest" in file "C:\Program Files (x86)\MSBuild\Microsoft.Cpp\v4.0\Microsoft.CppBuild.targets" from project "C:\Users\Tuopelo\Desktop\turbospheresrc64\turbosphere\turbosphere.vcxproj" (target "BuildLink" depends on it):
     1>Done building target "_Manifest" in project "turbosphere.vcxproj".
     1>Target "RegisterOutput" in file "C:\Program Files (x86)\MSBuild\Microsoft.Cpp\v4.0\Microsoft.CppCommon.targets" from project "C:\Users\Tuopelo\Desktop\turbospheresrc64\turbosphere\turbosphere.vcxproj" (target "BuildLink" depends on it):
       Task "Exec" skipped, due to false condition; ('$(ConfigurationType)'=='DynamicLibrary' and '%(Link.RegisterOutput)'=='true' and '%(Link.PerUserRedirection)'!='true') was evaluated as ('Application'=='DynamicLibrary' and 'false'=='true' and 'false'!='true').
       Task "Exec" skipped, due to false condition; ('$(ConfigurationType)'=='DynamicLibrary' and '%(Link.RegisterOutput)'=='true' and '%(Link.PerUserRedirection)'=='true') was evaluated as ('Application'=='DynamicLibrary' and 'false'=='true' and 'false'=='true').
       Task "Exec" skipped, due to false condition; ('$(ConfigurationType)'=='Application' and '%(Link.RegisterOutput)'=='true' and '%(Link.PerUserRedirection)'!='true') was evaluated as ('Application'=='Application' and 'false'=='true' and 'false'!='true').
       Task "Exec" skipped, due to false condition; ('$(ConfigurationType)'=='Application' and '%(Link.RegisterOutput)'=='true' and '%(Link.PerUserRedirection)'=='true') was evaluated as ('Application'=='Application' and 'false'=='true' and 'false'=='true').
       Task "VCMessage" skipped, due to false condition; ('$(_RegisterOutputExitCode)' != '' and '$(_RegisterOutputExitCode)' != '0') was evaluated as ('' != '' and '' != '0').
     1>Done building target "RegisterOutput" in project "turbosphere.vcxproj".
     1>Target "ComputeCLCompileGeneratedXDCFiles" in file "C:\Program Files (x86)\MSBuild\Microsoft.Cpp\v4.0\Microsoft.CppBuild.targets" from project "C:\Users\Tuopelo\Desktop\turbospheresrc64\turbosphere\turbosphere.vcxproj" (target "_XdcMake" depends on it):
     1>Done building target "ComputeCLCompileGeneratedXDCFiles" in project "turbosphere.vcxproj".
       Target "SetBuildDefaultEnvironmentVariables" skipped. Previously built successfully.
       Target "SetUserMacroEnvironmentVariables" skipped, due to false condition; ('@(BuildMacro)' != '') was evaluated as ('' != '').
       Target "PrepareForBuild" skipped. Previously built successfully.
       Target "ResolveReferences" skipped. Previously built successfully.
     1>Target "ResolvedXDCMake" in file "C:\Program Files (x86)\MSBuild\Microsoft.Cpp\v4.0\Microsoft.CppBuild.targets" from project "C:\Users\Tuopelo\Desktop\turbospheresrc64\turbosphere\turbosphere.vcxproj" (target "_XdcMake" depends on it):
       Task "MSBuild" skipped, due to false condition; ('%(_MSBuildProjectReferenceExistent.Extension)' == '.vcxproj' and '@(ProjectReferenceWithConfiguration)' != '' and '@(_MSBuildProjectReferenceExistent)' != '' and '$(_ClCompileGenerateXMLDocumentationFiles)' == 'true') was evaluated as ('' == '.vcxproj' and '' != '' and '' != '' and '' == 'true').
     1>Done building target "ResolvedXDCMake" in project "turbosphere.vcxproj".
     1>Target "MakeDirsForXdcMake" in file "C:\Program Files (x86)\MSBuild\Microsoft.Cpp\v4.0\Microsoft.CppBuild.targets" from project "C:\Users\Tuopelo\Desktop\turbospheresrc64\turbosphere\turbosphere.vcxproj" (target "_XdcMake" depends on it):
       Task "MakeDir"
       Done executing task "MakeDir".
     1>Done building target "MakeDirsForXdcMake" in project "turbosphere.vcxproj".
       Target "XdcMake" skipped, due to false condition; ('@(XdcMake)' != '') was evaluated as ('' != '').
     1>Target "_XdcMake" in file "C:\Program Files (x86)\MSBuild\Microsoft.Cpp\v4.0\Microsoft.CppBuild.targets" from project "C:\Users\Tuopelo\Desktop\turbospheresrc64\turbosphere\turbosphere.vcxproj" (target "BuildLink" depends on it):
     1>Done building target "_XdcMake" in project "turbosphere.vcxproj".
     1>Target "ComputeCLCompileGeneratedSbrFiles" in file "C:\Program Files (x86)\MSBuild\Microsoft.Cpp\v4.0\Microsoft.CppBuild.targets" from project "C:\Users\Tuopelo\Desktop\turbospheresrc64\turbosphere\turbosphere.vcxproj" (target "_BscMake" depends on it):
     1>Done building target "ComputeCLCompileGeneratedSbrFiles" in project "turbosphere.vcxproj".
     1>Target "MakeDirsForBscMake" in file "C:\Program Files (x86)\MSBuild\Microsoft.Cpp\v4.0\Microsoft.CppBuild.targets" from project "C:\Users\Tuopelo\Desktop\turbospheresrc64\turbosphere\turbosphere.vcxproj" (target "_BscMake" depends on it):
       Task "MakeDir"
       Done executing task "MakeDir".
     1>Done building target "MakeDirsForBscMake" in project "turbosphere.vcxproj".
       Target "BscMake" skipped, due to false condition; ('@(BscMake)' != '') was evaluated as ('' != '').
       Target "CustomBuildStep" skipped, due to false condition; ('@(CustomBuildStep)' != '' and '$(SelectedFiles)'=='') was evaluated as ('' != '' and ''=='').
     1>Target "_BscMake" in file "C:\Program Files (x86)\MSBuild\Microsoft.Cpp\v4.0\Microsoft.CppBuild.targets" from project "C:\Users\Tuopelo\Desktop\turbospheresrc64\turbosphere\turbosphere.vcxproj" (target "BuildLink" depends on it):
     1>Done building target "_BscMake" in project "turbosphere.vcxproj".
     1>Target "_GenerateSatelliteAssemblyInputs" in file "C:\Windows\Microsoft.NET\Framework\v4.0.30319\Microsoft.Common.Targets" from project "C:\Users\Tuopelo\Desktop\turbospheresrc64\turbosphere\turbosphere.vcxproj" (target "CreateSatelliteAssemblies" depends on it):
       Task "Warning" skipped, due to false condition; ('@(ManifestResourceWithCulture)'!='' and '%(ManifestResourceWithCulture.EmittedForCompatibilityOnly)'=='') was evaluated as (''!='' and ''=='').
       Task "Warning" skipped, due to false condition; ('@(ManifestNonResxWithCultureOnDisk)'!='' and '%(ManifestNonResxWithCultureOnDisk.EmittedForCompatibilityOnly)'=='') was evaluated as (''!='' and ''=='').
     1>Done building target "_GenerateSatelliteAssemblyInputs" in project "turbosphere.vcxproj".
       Target "ComputeIntermediateSatelliteAssemblies" skipped, due to false condition; (@(ReferenceSatellitePaths->'%(DestinationSubDirectory)') != '') was evaluated as ( != '').
       Target "GenerateSatelliteAssemblies" skipped, due to false condition; ('@(_SatelliteAssemblyResourceInputs)' != '') was evaluated as ('' != '').
     1>Target "CreateSatelliteAssemblies" in file "C:\Windows\Microsoft.NET\Framework\v4.0.30319\Microsoft.Common.Targets" from project "C:\Users\Tuopelo\Desktop\turbospheresrc64\turbosphere\turbosphere.vcxproj" (target "BuildLink" depends on it):
     1>Done building target "CreateSatelliteAssemblies" in project "turbosphere.vcxproj".
     1>Target "_Appverifier" in file "C:\Program Files (x86)\MSBuild\Microsoft.Cpp\v4.0\Microsoft.CppBuild.targets" from project "C:\Users\Tuopelo\Desktop\turbospheresrc64\turbosphere\turbosphere.vcxproj" (target "BuildLink" depends on it):
     1>Done building target "_Appverifier" in project "turbosphere.vcxproj".
     1>Target "_Deploy" in file "C:\Program Files (x86)\MSBuild\Microsoft.Cpp\v4.0\Microsoft.CppBuild.targets" from project "C:\Users\Tuopelo\Desktop\turbospheresrc64\turbosphere\turbosphere.vcxproj" (target "BuildLink" depends on it):
     1>Done building target "_Deploy" in project "turbosphere.vcxproj".
       Target "ComputeIntermediateSatelliteAssemblies" skipped, due to false condition; (@(ReferenceSatellitePaths->'%(DestinationSubDirectory)') != '') was evaluated as ( != '').
       Target "_CopyFilesMarkedCopyLocal" skipped, due to false condition; ('@(ReferenceCopyLocalPaths)' != '') was evaluated as ('' != '').
       Target "AssignTargetPaths" skipped. Previously built successfully.
       Target "_SplitProjectReferencesByFileExistence" skipped. Previously built successfully.
     1>Target "GetCopyToOutputDirectoryItems" in file "C:\Windows\Microsoft.NET\Framework\v4.0.30319\Microsoft.Common.Targets" from project "C:\Users\Tuopelo\Desktop\turbospheresrc64\turbosphere\turbosphere.vcxproj" (target "_CopySourceItemsToOutputDirectory" depends on it):
       Task "MSBuild" skipped, due to false condition; ('@(_MSBuildProjectReferenceExistent)' != '' and '$(_GetChildProjectCopyToOutputDirectoryItems)' == 'true' and '%(_MSBuildProjectReferenceExistent.Private)' != 'false' and '$(UseCommonOutputDirectory)' != 'true') was evaluated as ('' != '' and 'true' == 'true' and '' != 'false' and 'false' != 'true').
       Task "AssignTargetPath"
       Done executing task "AssignTargetPath".
     1>Done building target "GetCopyToOutputDirectoryItems" in project "turbosphere.vcxproj".
       Target "_CopyOutOfDateSourceItemsToOutputDirectory" skipped, due to false condition; ( '@(_SourceItemsToCopyToOutputDirectory)' != '' ) was evaluated as ( '' != '' ).
       Target "_CopyOutOfDateSourceItemsToOutputDirectoryAlways" skipped, due to false condition; ( '@(_SourceItemsToCopyToOutputDirectoryAlways)' != '' ) was evaluated as ( '' != '' ).
     1>Target "_CopySourceItemsToOutputDirectory" in file "C:\Windows\Microsoft.NET\Framework\v4.0.30319\Microsoft.Common.Targets" from project "C:\Users\Tuopelo\Desktop\turbospheresrc64\turbosphere\turbosphere.vcxproj" (target "CopyFilesToOutputDirectory" depends on it):
     1>Done building target "_CopySourceItemsToOutputDirectory" in project "turbosphere.vcxproj".
       Target "_CopyAppConfigFile" skipped, due to false condition; ( '@(AppConfigWithTargetPath)' != '' ) was evaluated as ( '' != '' ).
       Target "_CopyManifestFiles" skipped, due to false condition; ( '$(_DeploymentCopyApplicationManifest)'=='true' or '$(GenerateClickOnceManifests)'=='true' ) was evaluated as ( ''=='true' or ''=='true' ).
     1>Target "_CheckForCompileOutputs" in file "C:\Windows\Microsoft.NET\Framework\v4.0.30319\Microsoft.Common.Targets" from project "C:\Users\Tuopelo\Desktop\turbospheresrc64\turbosphere\turbosphere.vcxproj" (target "CopyFilesToOutputDirectory" depends on it):
     1>Done building target "_CheckForCompileOutputs" in project "turbosphere.vcxproj".
       Target "_SGenCheckForOutputs" skipped, due to false condition; ('$(_SGenGenerateSerializationAssembliesConfig)' == 'On' or ('@(WebReferenceUrl)'!='' and '$(_SGenGenerateSerializationAssembliesConfig)' == 'Auto')) was evaluated as ('Auto' == 'On' or (''!='' and 'Auto' == 'Auto')).
     1>Target "CopyFilesToOutputDirectory" in file "C:\Windows\Microsoft.NET\Framework\v4.0.30319\Microsoft.Common.Targets" from project "C:\Users\Tuopelo\Desktop\turbospheresrc64\turbosphere\turbosphere.vcxproj" (target "BuildLink" depends on it):
       Task "Copy" skipped, due to false condition; ('$(CopyBuildOutputToOutputDirectory)' == 'true' and '$(SkipCopyBuildProduct)' != 'true') was evaluated as ('true' == 'true' and 'true' != 'true').
       Task "Message" skipped, due to false condition; ('$(SkipCopyBuildProduct)'!='true') was evaluated as ('true'!='true').
       Task "Copy" skipped, due to false condition; ('@(AddModules)' != '') was evaluated as ('' != '').
       Task "Copy" skipped, due to false condition; ('$(_SGenDllCreated)'=='true') was evaluated as ('false'=='true').
       Task "Copy" skipped, due to false condition; ('$(_DebugSymbolsProduced)'=='true' and '$(SkipCopyingSymbolsToOutputDirectory)' != 'true' and '$(CopyOutputSymbolsToOutputDirectory)'=='true') was evaluated as ('false'=='true' and '' != 'true' and 'true'=='true').
       Task "Copy" skipped, due to false condition; ('$(_DocumentationFileProduced)'=='true') was evaluated as ('false'=='true').
       Task "Copy" skipped, due to false condition; ('@(IntermediateSatelliteAssembliesWithTargetPath)' != '') was evaluated as ('' != '').
       Task "Copy" skipped, due to false condition; ('@(ReferenceComWrappersToCopyLocal)' != '' or '@(ResolvedIsolatedComModules)' != '' or '@(_DeploymentLooseManifestFile)' != '' or '@(NativeReferenceFile)' != '' ) was evaluated as ('' != '' or '' != '' or '' != '' or '' != '' ).
     1>Done building target "CopyFilesToOutputDirectory" in project "turbosphere.vcxproj".
       Target "CustomBuildStep" skipped, due to false condition; ('@(CustomBuildStep)' != '' and '$(SelectedFiles)'=='') was evaluated as ('' != '' and ''=='').
     1>Target "PostBuildEvent" in file "C:\Program Files (x86)\MSBuild\Microsoft.Cpp\v4.0\Microsoft.CppCommon.targets" from project "C:\Users\Tuopelo\Desktop\turbospheresrc64\turbosphere\turbosphere.vcxproj" (target "BuildLink" depends on it):
       Task "Message" skipped, due to false condition; ('%(PostBuildEvent.Message)' != '' and '%(PostBuildEvent.Command)' != '') was evaluated as ('' != '' and '' != '').
       Task "Exec" skipped, due to false condition; ('%(PostBuildEvent.Command)' != '') was evaluated as ('' != '').
     1>Done building target "PostBuildEvent" in project "turbosphere.vcxproj".
     1>Target "BuildLink" in file "C:\Windows\Microsoft.NET\Framework\v4.0.30319\Microsoft.Common.Targets" from project "C:\Users\Tuopelo\Desktop\turbospheresrc64\turbosphere\turbosphere.vcxproj" (target "Build" depends on it):
     1>Done building target "BuildLink" in project "turbosphere.vcxproj".
     1>Target "AfterBuild" in file "C:\Program Files (x86)\MSBuild\Microsoft.Cpp\v4.0\Microsoft.BuildSteps.Targets" from project "C:\Users\Tuopelo\Desktop\turbospheresrc64\turbosphere\turbosphere.vcxproj" (target "Build" depends on it):
     1>Done building target "AfterBuild" in project "turbosphere.vcxproj".
     1>Target "FinalizeBuildStatus" in file "C:\Program Files (x86)\MSBuild\Microsoft.Cpp\v4.0\Microsoft.CppBuild.targets" from project "C:\Users\Tuopelo\Desktop\turbospheresrc64\turbosphere\turbosphere.vcxproj" (target "Build" depends on it):
       Using "Delete" task from assembly "Microsoft.Build.Tasks.v4.0, Version=4.0.0.0, Culture=neutral, PublicKeyToken=b03f5f7f11d50a3a".
       Task "Delete"
         Deleting file "x64\Release\turbosphere.unsuccessfulbuild".
       Done executing task "Delete".
       Task "Touch"
         Touching "x64\Release\turbosphere.lastbuildstate".
       Done executing task "Touch".
     1>Done building target "FinalizeBuildStatus" in project "turbosphere.vcxproj".
     1>Target "Build" in file "C:\Program Files (x86)\MSBuild\Microsoft.Cpp\v4.0\Microsoft.BuildSteps.Targets" from project "C:\Users\Tuopelo\Desktop\turbospheresrc64\turbosphere\turbosphere.vcxproj" (entry point):
     1>Done building target "Build" in project "turbosphere.vcxproj".
     1>Done Building Project "C:\Users\Tuopelo\Desktop\turbospheresrc64\turbosphere\turbosphere.vcxproj" (build target(s)).

Build succeeded.

Time Elapsed 00:00:02.34
