Build started 3/28/2013 10:09:43 PM.
     1>Project "C:\Users\Tuopelo\Desktop\turbospheresrc\plugins\bmpfontSDL\bmpfontSDL.vcxproj" on node 4 (build target(s)).
     1>Building with tools version "4.0".
     1>Target "_CheckForInvalidConfigurationAndPlatform" in file "C:\Windows\Microsoft.NET\Framework\v4.0.30319\Microsoft.Common.Targets" from project "C:\Users\Tuopelo\Desktop\turbospheresrc\plugins\bmpfontSDL\bmpfontSDL.vcxproj" (entry point):
       Task "Error" skipped, due to false condition; ( '$(_InvalidConfigurationError)' == 'true' ) was evaluated as ( '' == 'true' ).
       Task "Warning" skipped, due to false condition; ( '$(_InvalidConfigurationWarning)' == 'true' ) was evaluated as ( '' == 'true' ).
       Using "Message" task from assembly "Microsoft.Build.Tasks.v4.0, Version=4.0.0.0, Culture=neutral, PublicKeyToken=b03f5f7f11d50a3a".
       Task "Message"
         Configuration=Release
       Done executing task "Message".
       Task "Message"
         Platform=Win32
       Done executing task "Message".
       Task "Error" skipped, due to false condition; ('$(OutDir)' != '' and !HasTrailingSlash('$(OutDir)')) was evaluated as ('C:\Users\Tuopelo\Desktop\turbospheresrc\turbosphere\\..\lib\' != '' and !HasTrailingSlash('C:\Users\Tuopelo\Desktop\turbospheresrc\turbosphere\\..\lib\')).
       Task "Error" skipped, due to false condition; ('$(BaseIntermediateOutputPath)' != '' and !HasTrailingSlash('$(BaseIntermediateOutputPath)')) was evaluated as ('obj\' != '' and !HasTrailingSlash('obj\')).
       Task "Error" skipped, due to false condition; ('$(IntermediateOutputPath)' != '' and !HasTrailingSlash('$(IntermediateOutputPath)')) was evaluated as ('Release\' != '' and !HasTrailingSlash('Release\')).
     1>Done building target "_CheckForInvalidConfigurationAndPlatform" in project "bmpfontSDL.vcxproj".
     1>Target "_DetermineManagedStateFromCL" in file "C:\Program Files (x86)\MSBuild\Microsoft.Cpp\v4.0\Microsoft.CppBuild.targets" from project "C:\Users\Tuopelo\Desktop\turbospheresrc\plugins\bmpfontSDL\bmpfontSDL.vcxproj" (target "Build" depends on it):
     1>Done building target "_DetermineManagedStateFromCL" in project "bmpfontSDL.vcxproj".
     1>Target "_PrepareForBuild" in file "C:\Program Files (x86)\MSBuild\Microsoft.Cpp\v4.0\Microsoft.BuildSteps.Targets" from project "C:\Users\Tuopelo\Desktop\turbospheresrc\plugins\bmpfontSDL\bmpfontSDL.vcxproj" (target "Build" depends on it):
     1>Done building target "_PrepareForBuild" in project "bmpfontSDL.vcxproj".
     1>Target "SetBuildDefaultEnvironmentVariables" in file "C:\Program Files (x86)\MSBuild\Microsoft.Cpp\v4.0\Microsoft.Cpp.targets" from project "C:\Users\Tuopelo\Desktop\turbospheresrc\plugins\bmpfontSDL\bmpfontSDL.vcxproj" (target "Build" depends on it):
       Using "SetEnv" task from assembly "Microsoft.Build.CppTasks.Common, Version=4.0.0.0, Culture=neutral, PublicKeyToken=b03f5f7f11d50a3a".
       Task "SetEnv"
         PATH=C:\Program Files (x86)\Microsoft Visual Studio 10.0\VC\bin;C:\Program Files (x86)\Microsoft SDKs\Windows\v7.0A\bin\NETFX 4.0 Tools;C:\Program Files (x86)\Microsoft SDKs\Windows\v7.0A\bin;C:\Program Files (x86)\Microsoft Visual Studio 10.0\Common7\Tools\bin;C:\Program Files (x86)\Microsoft Visual Studio 10.0\Common7\tools;C:\Program Files (x86)\Microsoft Visual Studio 10.0\Common7\ide;C:\Program Files (x86)\HTML Help Workshop;C:\Program Files (x86)\Microsoft SDKs\Windows\v7.0A\\bin;C:\Windows\Microsoft.NET\Framework\v4.0.30319\;C:\Program Files (x86)\Microsoft Visual Studio 10.0\;C:\Windows\SysWow64;;C:\Program Files (x86)\NVIDIA Corporation\PhysX\Common;C:\Windows\system32;C:\Windows;C:\Windows\System32\Wbem;C:\Windows\System32\WindowsPowerShell\v1.0\;C:\Program Files (x86)\Subversion\bin;;
       Done executing task "SetEnv".
       Task "SetEnv" skipped, due to false condition; ('$(_IsNativeEnvironment)' == 'true') was evaluated as ('' == 'true').
       Task "SetEnv"
         LIB=C:\Program Files (x86)\Microsoft Visual Studio 10.0\VC\lib;C:\Program Files (x86)\Microsoft Visual Studio 10.0\VC\atlmfc\lib;C:\Program Files (x86)\Microsoft SDKs\Windows\v7.0A\lib;C:\Program Files (x86)\Microsoft SDKs\Windows\v7.0A\\lib
       Done executing task "SetEnv".
       Task "SetEnv"
         LIBPATH=C:\Program Files (x86)\Microsoft Visual Studio 10.0\VC\atlmfc\lib;C:\Program Files (x86)\Microsoft Visual Studio 10.0\VC\lib
       Done executing task "SetEnv".
       Task "SetEnv"
         INCLUDE=C:\Program Files (x86)\Microsoft Visual Studio 10.0\VC\include;C:\Program Files (x86)\Microsoft Visual Studio 10.0\VC\atlmfc\include;C:\Program Files (x86)\Microsoft SDKs\Windows\v7.0A\include;C:\Program Files (x86)\Microsoft SDKs\Windows\v7.0A\\include;
       Done executing task "SetEnv".
     1>Done building target "SetBuildDefaultEnvironmentVariables" in project "bmpfontSDL.vcxproj".
       Target "SetUserMacroEnvironmentVariables" skipped, due to false condition; ('@(BuildMacro)' != '') was evaluated as ('' != '').
     1>Target "BeforeResolveReferences" in file "C:\Windows\Microsoft.NET\Framework\v4.0.30319\Microsoft.Common.Targets" from project "C:\Users\Tuopelo\Desktop\turbospheresrc\plugins\bmpfontSDL\bmpfontSDL.vcxproj" (target "ResolveReferences" depends on it):
     1>Done building target "BeforeResolveReferences" in project "bmpfontSDL.vcxproj".
       Target "AssignProjectConfiguration" skipped, due to false condition; ('@(ProjectReference)'!='') was evaluated as (''!='').
       Target "AssignProjectConfiguration" skipped, due to false condition; ('@(ProjectReference)'!='') was evaluated as (''!='').
     1>Target "_SplitProjectReferencesByFileExistence" in file "C:\Windows\Microsoft.NET\Framework\v4.0.30319\Microsoft.Common.Targets" from project "C:\Users\Tuopelo\Desktop\turbospheresrc\plugins\bmpfontSDL\bmpfontSDL.vcxproj" (target "ResolveProjectReferences" depends on it):
       Task "ResolveNonMSBuildProjectOutput" skipped, due to false condition; ('$(BuildingInsideVisualStudio)'=='true' and '@(ProjectReferenceWithConfiguration)'!='') was evaluated as ('true'=='true' and ''!='').
     1>Done building target "_SplitProjectReferencesByFileExistence" in project "bmpfontSDL.vcxproj".
       Target "_RemoveNameMetadataFromProjectReferenceItems" skipped, due to false condition; ('@(ProjectReference)'!='') was evaluated as (''!='').
     1>Target "ResolveProjectReferences" in file "C:\Windows\Microsoft.NET\Framework\v4.0.30319\Microsoft.Common.Targets" from project "C:\Users\Tuopelo\Desktop\turbospheresrc\plugins\bmpfontSDL\bmpfontSDL.vcxproj" (target "ResolveReferences" depends on it):
       Task "MSBuild" skipped, due to false condition; ('%(_MSBuildProjectReferenceExistent.BuildReference)' == 'true' and '@(ProjectReferenceWithConfiguration)' != '' and ('$(BuildingInsideVisualStudio)' == 'true' or '$(BuildProjectReferences)' != 'true') and '@(_MSBuildProjectReferenceExistent)' != '') was evaluated as ('' == 'true' and '' != '' and ('true' == 'true' or 'true' != 'true') and '' != '').
       Task "MSBuild" skipped, due to false condition; ('%(_MSBuildProjectReferenceExistent.BuildReference)' == 'true' and '@(ProjectReferenceWithConfiguration)' != '' and '$(BuildingInsideVisualStudio)' != 'true' and '$(BuildProjectReferences)' == 'true' and '@(_MSBuildProjectReferenceExistent)' != '') was evaluated as ('' == 'true' and '' != '' and 'true' != 'true' and 'true' == 'true' and '' != '').
       Task "MSBuild" skipped, due to false condition; ('%(_MSBuildProjectReferenceExistent.BuildReference)' == 'true' and '@(ProjectReferenceWithConfiguration)' != '' and '$(BuildingProject)' == 'true' and '@(_MSBuildProjectReferenceExistent)' != '') was evaluated as ('' == 'true' and '' != '' and 'true' == 'true' and '' != '').
       Task "Warning" skipped, due to false condition; ('@(ProjectReferenceWithConfiguration)' != '' and '@(_MSBuildProjectReferenceNonexistent)' != '') was evaluated as ('' != '' and '' != '').
     1>Done building target "ResolveProjectReferences" in project "bmpfontSDL.vcxproj".
       Target "ResolveNativeReferences" skipped, due to false condition; ('@(NativeReference)'!='') was evaluated as (''!='').
       Target "ResolveAssemblyReferences" skipped, due to false condition; ('@(Reference)'!='' or '@(_ResolvedProjectReferencePaths)'!='' or '@(_ExplicitReference)' != '') was evaluated as (''!='' or ''!='' or '' != '').
       Target "ResolveComReferences" skipped, due to false condition; ('@(COMReference)'!='' or '@(COMFileReference)'!='') was evaluated as (''!='' or ''!='').
     1>Target "AfterResolveReferences" in file "C:\Windows\Microsoft.NET\Framework\v4.0.30319\Microsoft.Common.Targets" from project "C:\Users\Tuopelo\Desktop\turbospheresrc\plugins\bmpfontSDL\bmpfontSDL.vcxproj" (target "ResolveReferences" depends on it):
     1>Done building target "AfterResolveReferences" in project "bmpfontSDL.vcxproj".
     1>Target "ResolveReferences" in file "C:\Windows\Microsoft.NET\Framework\v4.0.30319\Microsoft.Common.Targets" from project "C:\Users\Tuopelo\Desktop\turbospheresrc\plugins\bmpfontSDL\bmpfontSDL.vcxproj" (target "Build" depends on it):
     1>Done building target "ResolveReferences" in project "bmpfontSDL.vcxproj".
     1>Target "PlatformPrepareForBuild" in file "C:\Program Files (x86)\MSBuild\Microsoft.Cpp\v4.0\Platforms\Win32\Microsoft.Cpp.Win32.Targets" from project "C:\Users\Tuopelo\Desktop\turbospheresrc\plugins\bmpfontSDL\bmpfontSDL.vcxproj" (target "PrepareForBuild" depends on it):
       Task "VCMessage" skipped, due to false condition; (!(exists('$(VCTargetsPath)\Platforms\Win32\PlatformToolsets\$(PlatformToolset)\Microsoft.Cpp.Win32.$(PlatformToolset).targets'))) was evaluated as (!(exists('C:\Program Files (x86)\MSBuild\Microsoft.Cpp\v4.0\\Platforms\Win32\PlatformToolsets\v100\Microsoft.Cpp.Win32.v100.targets'))).
     1>Done building target "PlatformPrepareForBuild" in project "bmpfontSDL.vcxproj".
     1>Target "GetFrameworkPaths" in file "C:\Windows\Microsoft.NET\Framework\v4.0.30319\Microsoft.NETFramework.targets" from project "C:\Users\Tuopelo\Desktop\turbospheresrc\plugins\bmpfontSDL\bmpfontSDL.vcxproj" (target "PrepareForBuild" depends on it):
     1>Done building target "GetFrameworkPaths" in project "bmpfontSDL.vcxproj".
       Target "GetWinFXPath" skipped, due to false condition; (('@(Page)' != '' or '@(ApplicationDefinition)' != '' or '@(Resource)' != '') and ('$(GetWinFXNativePath)' != '' or '$(GetWinFXWoWPath)' != '' )) was evaluated as (('' != '' or '' != '' or '' != '') and ('' != '' or '' != '' )).
     1>Target "GetReferenceAssemblyPaths" in file "C:\Windows\Microsoft.NET\Framework\v4.0.30319\Microsoft.Common.Targets" from project "C:\Users\Tuopelo\Desktop\turbospheresrc\plugins\bmpfontSDL\bmpfontSDL.vcxproj" (target "PrepareForBuild" depends on it):
       Task "GetReferenceAssemblyPaths" skipped, due to false condition; ('$(TargetFrameworkMoniker)' != '' and ('$(_TargetFrameworkDirectories)' == '' or '$(_FullFrameworkReferenceAssemblyPaths)' == '')) was evaluated as ('.NETFramework,Version=v4.0' != '' and ('C:\Program Files (x86)\Reference Assemblies\Microsoft\Framework\.NETFramework\v4.0' == '' or 'C:\Program Files (x86)\Reference Assemblies\Microsoft\Framework\.NETFramework\v4.0' == '')).
     1>Done building target "GetReferenceAssemblyPaths" in project "bmpfontSDL.vcxproj".
     1>Target "PrepareForBuild" in file "C:\Program Files (x86)\MSBuild\Microsoft.Cpp\v4.0\Microsoft.CppBuild.targets" from project "C:\Users\Tuopelo\Desktop\turbospheresrc\plugins\bmpfontSDL\bmpfontSDL.vcxproj" (target "Build" depends on it):
       Task "VCMessage" skipped, due to false condition; ('$(DesignTimeBuild)'!='true' and '$(ConfigurationPlatformExists)' != 'true') was evaluated as (''!='true' and 'true' != 'true').
       Using "MakeDir" task from assembly "Microsoft.Build.Tasks.v4.0, Version=4.0.0.0, Culture=neutral, PublicKeyToken=b03f5f7f11d50a3a".
       Task "MakeDir"
       Done executing task "MakeDir".
       Task "VCMessage" skipped, due to false condition; ('$(DesignTimeBuild)'!='true' and '$(VCInstallDir)'=='' and '$(UseEnv)' != 'true' and ($(TargetFrameworkVersion)=='v3.5' or $(TargetFrameworkVersion)=='v3.0' or $(TargetFrameworkVersion)=='v2.0' )) was evaluated as (''!='true' and 'C:\Program Files (x86)\Microsoft Visual Studio 10.0\VC\'=='' and '' != 'true' and (v4.0=='v3.5' or v4.0=='v3.0' or v4.0=='v2.0' )).
       Task "VCMessage" skipped, due to false condition; ('$(DesignTimeBuild)'!='true' and '$(VCInstallDir)'=='' and '$(UseEnv)' != 'true' and '$(PlatformToolset)'=='v90') was evaluated as (''!='true' and 'C:\Program Files (x86)\Microsoft Visual Studio 10.0\VC\'=='' and '' != 'true' and 'v100'=='v90').
       Task "VCMessage" skipped, due to false condition; ('$(VCInstallDir)'=='' and '$(UseEnv)' != 'true') was evaluated as ('C:\Program Files (x86)\Microsoft Visual Studio 10.0\VC\'=='' and '' != 'true').
       Task "VCMessage" skipped, due to false condition; ('$(WindowsSDKDir)'=='' and '$(UseEnv)' != 'true') was evaluated as ('C:\Program Files (x86)\Microsoft SDKs\Windows\v7.0A\'=='' and '' != 'true').
       Task "VCMessage" skipped, due to false condition; ('$(IntDirTrailingSlashWarning)'=='true') was evaluated as (''=='true').
       Task "VCMessage" skipped, due to false condition; ('$(OutDirTrailingSlashWarning)'=='true') was evaluated as (''=='true').
       Task "MakeDir"
       Done executing task "MakeDir".
     1>Done building target "PrepareForBuild" in project "bmpfontSDL.vcxproj".
       Target "PrepareForBuild" skipped. Previously built successfully.
     1>Target "InitializeBuildStatus" in file "C:\Program Files (x86)\MSBuild\Microsoft.Cpp\v4.0\Microsoft.CppBuild.targets" from project "C:\Users\Tuopelo\Desktop\turbospheresrc\plugins\bmpfontSDL\bmpfontSDL.vcxproj" (target "Build" depends on it):
       Using "ReadLinesFromFile" task from assembly "Microsoft.Build.Tasks.v4.0, Version=4.0.0.0, Culture=neutral, PublicKeyToken=b03f5f7f11d50a3a".
       Task "ReadLinesFromFile"
       Done executing task "ReadLinesFromFile".
       Using "WriteLinesToFile" task from assembly "Microsoft.Build.Tasks.v4.0, Version=4.0.0.0, Culture=neutral, PublicKeyToken=b03f5f7f11d50a3a".
       Task "WriteLinesToFile"
       Done executing task "WriteLinesToFile".
       Using "Touch" task from assembly "Microsoft.Build.Tasks.v4.0, Version=4.0.0.0, Culture=neutral, PublicKeyToken=b03f5f7f11d50a3a".
       Task "Touch"
         Creating "Release\bmpfontSDL.unsuccessfulbuild" because "AlwaysCreate" was specified.
       Done executing task "Touch".
     1>Done building target "InitializeBuildStatus" in project "bmpfontSDL.vcxproj".
       Target "AssignProjectConfiguration" skipped, due to false condition; ('@(ProjectReference)'!='') was evaluated as (''!='').
       Target "_SplitProjectReferencesByFileExistence" skipped. Previously built successfully.
     1>Target "BuildGenerateSourcesTraverse" in file "C:\Windows\Microsoft.NET\Framework\v4.0.30319\Microsoft.Common.Targets" from project "C:\Users\Tuopelo\Desktop\turbospheresrc\plugins\bmpfontSDL\bmpfontSDL.vcxproj" (target "BuildGenerateSources" depends on it):
       Task "MSBuild" skipped, due to false condition; ('$(BuildPassReferences)' == 'true' and '@(ProjectReferenceWithConfiguration)' != '' and '@(_MSBuildProjectReferenceExistent)' != '' and '%(_MSBuildProjectReferenceExistent.BuildReference)' == 'true') was evaluated as ('' == 'true' and '' != '' and '' != '' and '' == 'true').
     1>Done building target "BuildGenerateSourcesTraverse" in project "bmpfontSDL.vcxproj".
       Target "SetBuildDefaultEnvironmentVariables" skipped. Previously built successfully.
       Target "SetUserMacroEnvironmentVariables" skipped, due to false condition; ('@(BuildMacro)' != '') was evaluated as ('' != '').
       Target "PrepareForBuild" skipped. Previously built successfully.
       Target "ResolveReferences" skipped. Previously built successfully.
     1>Target "BeforeBuildGenerateSources" in file "C:\Program Files (x86)\MSBuild\Microsoft.Cpp\v4.0\Microsoft.BuildSteps.Targets" from project "C:\Users\Tuopelo\Desktop\turbospheresrc\plugins\bmpfontSDL\bmpfontSDL.vcxproj" (target "BuildGenerateSources" depends on it):
     1>Done building target "BeforeBuildGenerateSources" in project "bmpfontSDL.vcxproj".
     1>Target "PreBuildEvent" in file "C:\Program Files (x86)\MSBuild\Microsoft.Cpp\v4.0\Microsoft.CppCommon.targets" from project "C:\Users\Tuopelo\Desktop\turbospheresrc\plugins\bmpfontSDL\bmpfontSDL.vcxproj" (target "BuildGenerateSources" depends on it):
       Task "Message" skipped, due to false condition; ('%(PreBuildEvent.Message)' != '' and '%(PreBuildEvent.Command)' != '') was evaluated as ('' != '' and '' != '').
       Task "Exec" skipped, due to false condition; ('%(PreBuildEvent.Command)' != '') was evaluated as ('' != '').
     1>Done building target "PreBuildEvent" in project "bmpfontSDL.vcxproj".
       Target "CustomBuild" skipped, due to false condition; ('@(CustomBuild)' != '') was evaluated as ('' != '').
     1>Target "_GenerateXMLData" in file "C:\Program Files (x86)\MSBuild\Microsoft.Cpp\v4.0\Microsoft.CppBuild.targets" from project "C:\Users\Tuopelo\Desktop\turbospheresrc\plugins\bmpfontSDL\bmpfontSDL.vcxproj" (target "BuildGenerateSources" depends on it):
     1>Done building target "_GenerateXMLData" in project "bmpfontSDL.vcxproj".
     1>Target "_GenerateWebServiceProxy" in file "C:\Program Files (x86)\MSBuild\Microsoft.Cpp\v4.0\Microsoft.CppBuild.targets" from project "C:\Users\Tuopelo\Desktop\turbospheresrc\plugins\bmpfontSDL\bmpfontSDL.vcxproj" (target "BuildGenerateSources" depends on it):
     1>Done building target "_GenerateWebServiceProxy" in project "bmpfontSDL.vcxproj".
       Target "Xsd" skipped, due to false condition; ('@(Xsd)' != '') was evaluated as ('' != '').
     1>Target "_Xsd" in file "C:\Program Files (x86)\MSBuild\Microsoft.Cpp\v4.0\Microsoft.CppBuild.targets" from project "C:\Users\Tuopelo\Desktop\turbospheresrc\plugins\bmpfontSDL\bmpfontSDL.vcxproj" (target "BuildGenerateSources" depends on it):
     1>Done building target "_Xsd" in project "bmpfontSDL.vcxproj".
     1>Target "MakeDirsForMidl" in file "C:\Program Files (x86)\MSBuild\Microsoft.Cpp\v4.0\Microsoft.CppBuild.targets" from project "C:\Users\Tuopelo\Desktop\turbospheresrc\plugins\bmpfontSDL\bmpfontSDL.vcxproj" (target "_Midl" depends on it):
       Task "Makedir"
       Done executing task "Makedir".
     1>Done building target "MakeDirsForMidl" in project "bmpfontSDL.vcxproj".
       Target "Midl" skipped, due to false condition; ('@(Midl)' != '') was evaluated as ('' != '').
       Target "CustomBuild" skipped, due to false condition; ('@(CustomBuild)' != '') was evaluated as ('' != '').
     1>Target "ComputeMIDLGeneratedCompileInputs" in file "C:\Program Files (x86)\MSBuild\Microsoft.Cpp\v4.0\Microsoft.CppBuild.targets" from project "C:\Users\Tuopelo\Desktop\turbospheresrc\plugins\bmpfontSDL\bmpfontSDL.vcxproj" (target "_Midl" depends on it):
     1>Done building target "ComputeMIDLGeneratedCompileInputs" in project "bmpfontSDL.vcxproj".
     1>Target "AfterMidl" in file "C:\Program Files (x86)\MSBuild\Microsoft.Cpp\v4.0\Microsoft.CppBuild.targets" from project "C:\Users\Tuopelo\Desktop\turbospheresrc\plugins\bmpfontSDL\bmpfontSDL.vcxproj" (target "_Midl" depends on it):
     1>Done building target "AfterMidl" in project "bmpfontSDL.vcxproj".
     1>Target "_Midl" in file "C:\Program Files (x86)\MSBuild\Microsoft.Cpp\v4.0\Microsoft.CppBuild.targets" from project "C:\Users\Tuopelo\Desktop\turbospheresrc\plugins\bmpfontSDL\bmpfontSDL.vcxproj" (target "BuildGenerateSources" depends on it):
     1>Done building target "_Midl" in project "bmpfontSDL.vcxproj".
     1>Target "AfterBuildGenerateSources" in file "C:\Program Files (x86)\MSBuild\Microsoft.Cpp\v4.0\Microsoft.BuildSteps.Targets" from project "C:\Users\Tuopelo\Desktop\turbospheresrc\plugins\bmpfontSDL\bmpfontSDL.vcxproj" (target "BuildGenerateSources" depends on it):
     1>Done building target "AfterBuildGenerateSources" in project "bmpfontSDL.vcxproj".
     1>Target "AfterBuildGenerateSourcesEvent" in file "C:\Program Files (x86)\MSBuild\Microsoft.Cpp\v4.0\Microsoft.CppBuild.targets" from project "C:\Users\Tuopelo\Desktop\turbospheresrc\plugins\bmpfontSDL\bmpfontSDL.vcxproj" (target "BuildGenerateSources" depends on it):
     1>Done building target "AfterBuildGenerateSourcesEvent" in project "bmpfontSDL.vcxproj".
     1>Target "BuildGenerateSources" in file "C:\Windows\Microsoft.NET\Framework\v4.0.30319\Microsoft.Common.Targets" from project "C:\Users\Tuopelo\Desktop\turbospheresrc\plugins\bmpfontSDL\bmpfontSDL.vcxproj" (target "Build" depends on it):
     1>Done building target "BuildGenerateSources" in project "bmpfontSDL.vcxproj".
       Target "AssignProjectConfiguration" skipped, due to false condition; ('@(ProjectReference)'!='') was evaluated as (''!='').
       Target "_SplitProjectReferencesByFileExistence" skipped. Previously built successfully.
     1>Target "BuildCompileTraverse" in file "C:\Windows\Microsoft.NET\Framework\v4.0.30319\Microsoft.Common.Targets" from project "C:\Users\Tuopelo\Desktop\turbospheresrc\plugins\bmpfontSDL\bmpfontSDL.vcxproj" (target "BuildCompile" depends on it):
       Task "MSBuild" skipped, due to false condition; ('$(BuildPassReferences)' == 'true' and '@(ProjectReferenceWithConfiguration)' != '' and '@(_MSBuildProjectReferenceExistent)' != ''  and '%(_MSBuildProjectReferenceExistent.BuildReference)' == 'true') was evaluated as ('' == 'true' and '' != '' and '' != ''  and '' == 'true').
     1>Done building target "BuildCompileTraverse" in project "bmpfontSDL.vcxproj".
       Target "SetBuildDefaultEnvironmentVariables" skipped. Previously built successfully.
       Target "SetUserMacroEnvironmentVariables" skipped, due to false condition; ('@(BuildMacro)' != '') was evaluated as ('' != '').
       Target "PrepareForBuild" skipped. Previously built successfully.
       Target "ResolveReferences" skipped. Previously built successfully.
     1>Target "BeforeClCompile" in file "C:\Program Files (x86)\MSBuild\Microsoft.Cpp\v4.0\Microsoft.CppBuild.targets" from project "C:\Users\Tuopelo\Desktop\turbospheresrc\plugins\bmpfontSDL\bmpfontSDL.vcxproj" (target "_ClCompile" depends on it):
     1>Done building target "BeforeClCompile" in project "bmpfontSDL.vcxproj".
       Target "ComputeMIDLGeneratedCompileInputs" skipped. Previously built successfully.
     1>Target "ComputeCLInputPDBName" in file "C:\Program Files (x86)\MSBuild\Microsoft.Cpp\v4.0\Microsoft.CppBuild.targets" from project "C:\Users\Tuopelo\Desktop\turbospheresrc\plugins\bmpfontSDL\bmpfontSDL.vcxproj" (target "_ClCompile" depends on it):
     1>Done building target "ComputeCLInputPDBName" in project "bmpfontSDL.vcxproj".
       Target "ResolveReferences" skipped. Previously built successfully.
     1>Target "ComputeReferenceCLInput" in file "C:\Program Files (x86)\MSBuild\Microsoft.Cpp\v4.0\Microsoft.CppBuild.targets" from project "C:\Users\Tuopelo\Desktop\turbospheresrc\plugins\bmpfontSDL\bmpfontSDL.vcxproj" (target "_ClCompile" depends on it):
       Task "WriteLinesToFile" skipped, due to false condition; (('@(ProjectReference)'!='' or '@(Reference)'!='')) was evaluated as ((''!='' or ''!='')).
       Task "Message" skipped, due to false condition; ('$(_REFERENCE_DEBUG)'=='true' and '%(ClCompile.CompileAsManaged)' != 'false' and '%(ClCompile.CompileAsManaged)' != '') was evaluated as (''=='true' and '' != 'false' and '' != '').
     1>Done building target "ComputeReferenceCLInput" in project "bmpfontSDL.vcxproj".
     1>Target "MakeDirsForCl" in file "C:\Program Files (x86)\MSBuild\Microsoft.Cpp\v4.0\Microsoft.CppBuild.targets" from project "C:\Users\Tuopelo\Desktop\turbospheresrc\plugins\bmpfontSDL\bmpfontSDL.vcxproj" (target "_ClCompile" depends on it):
       Task "MakeDir"
       Done executing task "MakeDir".
     1>Done building target "MakeDirsForCl" in project "bmpfontSDL.vcxproj".
       Target "PrepareForBuild" skipped. Previously built successfully.
       Target "SetBuildDefaultEnvironmentVariables" skipped. Previously built successfully.
       Target "SetUserMacroEnvironmentVariables" skipped, due to false condition; ('@(BuildMacro)' != '') was evaluated as ('' != '').
     1>Target "_SelectedFiles" in file "C:\Program Files (x86)\MSBuild\Microsoft.Cpp\v4.0\Microsoft.CppBuild.targets" from project "C:\Users\Tuopelo\Desktop\turbospheresrc\plugins\bmpfontSDL\bmpfontSDL.vcxproj" (target "SelectClCompile" depends on it):
     1>Done building target "_SelectedFiles" in project "bmpfontSDL.vcxproj".
       Target "ComputeMIDLGeneratedCompileInputs" skipped. Previously built successfully.
       Target "ComputeCLInputPDBName" skipped. Previously built successfully.
       Target "ComputeReferenceCLInput" skipped. Previously built successfully.
       Target "_SelectedFiles" skipped. Previously built successfully.
     1>Target "SelectCustomBuild" in file "C:\Program Files (x86)\MSBuild\Microsoft.Cpp\v4.0\Microsoft.CppBuild.targets" from project "C:\Users\Tuopelo\Desktop\turbospheresrc\plugins\bmpfontSDL\bmpfontSDL.vcxproj" (target "SelectClCompile" depends on it):
     1>Done building target "SelectCustomBuild" in project "bmpfontSDL.vcxproj".
     1>Target "SelectClCompile" in file "C:\Program Files (x86)\MSBuild\Microsoft.Cpp\v4.0\Microsoft.CppBuild.targets" from project "C:\Users\Tuopelo\Desktop\turbospheresrc\plugins\bmpfontSDL\bmpfontSDL.vcxproj" (target "ClCompile" depends on it):
     1>Done building target "SelectClCompile" in project "bmpfontSDL.vcxproj".
       Target "GenerateTargetFrameworkMonikerAttribute" skipped, due to false condition; ('$(GenerateTargetFrameworkAttribute)' == 'true') was evaluated as ('false' == 'true').
     1>Target "ClCompile" in file "C:\Program Files (x86)\MSBuild\Microsoft.Cpp\v4.0\Platforms\Win32\Microsoft.Cpp.Win32.Targets" from project "C:\Users\Tuopelo\Desktop\turbospheresrc\plugins\bmpfontSDL\bmpfontSDL.vcxproj" (target "_ClCompile" depends on it):
       Task "Delete" skipped, due to false condition; ('%(ClCompile.DebugInformationFormat)' != '' and '%(ClCompile.DebugInformationFormat)' != 'OldStyle' and '%(ClCompile.ProgramDataBaseFileName)' != '' and !Exists(%(ClCompile.ProgramDataBaseFileName))) was evaluated as ('ProgramDatabase' != '' and 'ProgramDatabase' != 'OldStyle' and 'Release\vc100.pdb' != '' and !Exists(Release\vc100.pdb)).
       Task "CL" skipped, due to false condition; ('%(ClCompile.PrecompiledHeader)' == 'Create' and '%(ClCompile.ExcludedFromBuild)'!='true') was evaluated as ('NotUsing' == 'Create' and ''!='true').
       Using "CL" task from assembly "Microsoft.Build.CppTasks.Win32, Version=4.0.0.0, Culture=neutral, PublicKeyToken=b03f5f7f11d50a3a".
       Task "CL"
         Read Tracking Logs:
         	Release\cl.read.1.tlog
         Outputs for C:\USERS\TUOPELO\DESKTOP\TURBOSPHERESRC\PLUGINS\BMPFONTSDL\BMPFONT.CPP:
         	C:\USERS\TUOPELO\DESKTOP\TURBOSPHERESRC\PLUGINS\BMPFONTSDL\RELEASE\BMPFONT.OBJ
         C:\Users\Tuopelo\Desktop\turbospheresrc\plugins\bmpfontSDL\bmpfont.cpp was modified at 3/28/2013 6:45:34 PM.
         bmpfont.cpp will be compiled.
         Write Tracking Logs:
         	Release\cl.write.1.tlog
         Environment Variables passed to tool:
           VS_UNICODE_OUTPUT=904
         C:\Program Files (x86)\Microsoft Visual Studio 10.0\VC\bin\CL.exe /c /Zi /nologo /W3 /WX- /O2 /Oi /Oy- /GL /D _WINDLL /D _MBCS /Gm- /EHsc /MD /GS /Gy /fp:precise /Zc:wchar_t /Zc:forScope /Fo"Release\\" /Fd"Release\vc100.pdb" /Gd /TP /analyze- /errorReport:prompt bmpfont.cpp
         Tracking command:
         C:\Program Files (x86)\Microsoft SDKs\Windows\v7.0A\bin\NETFX 4.0 Tools\Tracker.exe /d C:\Windows\Microsoft.NET\Framework\v4.0.30319\FileTracker.dll /i C:\Users\Tuopelo\Desktop\turbospheresrc\plugins\bmpfontSDL\Release /r C:\USERS\TUOPELO\DESKTOP\TURBOSPHERESRC\PLUGINS\BMPFONTSDL\BMPFONT.CPP /b MSBuildConsole_CancelEventc3d4c66e0bb74b7aac468ed1f014d156  /c "C:\Program Files (x86)\Microsoft Visual Studio 10.0\VC\bin\CL.exe"  /c /Zi /nologo /W3 /WX- /O2 /Oi /Oy- /GL /D _WINDLL /D _MBCS /Gm- /EHsc /MD /GS /Gy /fp:precise /Zc:wchar_t /Zc:forScope /Fo"Release\\" /Fd"Release\vc100.pdb" /Gd /TP /analyze- /errorReport:prompt bmpfont.cpp
         bmpfont.cpp
     1>bmpfont.cpp(53): error C2065: 'TS_BMPdrawTextSurface' : undeclared identifier
     1>bmpfont.cpp(285): warning C4244: 'argument' : conversion from 'float' to 'int', possible loss of data
         The command exited with code 2.
       Done executing task "CL" -- FAILED.
     1>Done building target "ClCompile" in project "bmpfontSDL.vcxproj" -- FAILED.
     1>Done Building Project "C:\Users\Tuopelo\Desktop\turbospheresrc\plugins\bmpfontSDL\bmpfontSDL.vcxproj" (build target(s)) -- FAILED.

Build FAILED.

Time Elapsed 00:00:00.48
