C:\Users\Tuopelo\Desktop\turbospheresrc64\configmanager\x64\Release\cl.command.1.tlog
C:\Users\Tuopelo\Desktop\turbospheresrc64\configmanager\x64\Release\CL.read.1.tlog
C:\Users\Tuopelo\Desktop\turbospheresrc64\configmanager\x64\Release\CL.write.1.tlog
C:\USERS\TUOPELO\DESKTOP\TURBOSPHERESRC64\CONFIGMANAGER\X64\RELEASE\CONFIGMANAGER.DLL.INTERMEDIATE.MANIFEST
C:\Users\Tuopelo\Desktop\turbospheresrc64\configmanager\x64\Release\configmanager.write.1.tlog
C:\Users\Tuopelo\Desktop\turbospheresrc64\configmanager\x64\Release\link.command.1.tlog
C:\Users\Tuopelo\Desktop\turbospheresrc64\configmanager\x64\Release\link.read.1.tlog
C:\Users\Tuopelo\Desktop\turbospheresrc64\configmanager\x64\Release\link.write.1.tlog
C:\Users\Tuopelo\Desktop\turbospheresrc64\configmanager\x64\Release\mt.command.1.tlog
C:\Users\Tuopelo\Desktop\turbospheresrc64\configmanager\x64\Release\mt.read.1.tlog
C:\Users\Tuopelo\Desktop\turbospheresrc64\configmanager\x64\Release\mt.write.1.tlog
C:\USERS\TUOPELO\DESKTOP\TURBOSPHERESRC64\CONFIGMANAGER\X64\RELEASE\OPENGAME.OBJ
C:\USERS\TUOPELO\DESKTOP\TURBOSPHERESRC64\CONFIGMANAGER\X64\RELEASE\OPENSCRIPT.OBJ
C:\USERS\TUOPELO\DESKTOP\TURBOSPHERESRC64\CONFIGMANAGER\X64\RELEASE\VCWINDOWS7.1SDK.PDB
C:\USERS\TUOPELO\DESKTOP\TURBOSPHERESRC64\LIB\CONFIGMANAGER.DLL
C:\Users\Tuopelo\Desktop\turbospheresrc64\lib\configmanager.exp
C:\Users\Tuopelo\Desktop\turbospheresrc64\lib\configmanager.lib
C:\USERS\TUOPELO\DESKTOP\TURBOSPHERESRC64\LIB\CONFIGMANAGER.PDB
C:\Users\Tuopelo\Desktop\turbospheresrc64\turbosphere\..\lib\configmanager.dll
C:\Users\Tuopelo\Desktop\turbospheresrc64\turbosphere\..\lib\configmanager.pdb
