Build started 3/20/2013 8:39:54 PM.
     1>Project "C:\Users\Tuopelo\Desktop\ts-new\turbospheresrc\t5\t5.vcxproj" on node 2 (clean target(s)).
     1>Building with tools version "4.0".
     1>Target "_CheckForInvalidConfigurationAndPlatform" in file "C:\Windows\Microsoft.NET\Framework\v4.0.30319\Microsoft.Common.Targets" from project "C:\Users\Tuopelo\Desktop\ts-new\turbospheresrc\t5\t5.vcxproj" (entry point):
       Task "Error" skipped, due to false condition; ( '$(_InvalidConfigurationError)' == 'true' ) was evaluated as ( '' == 'true' ).
       Task "Warning" skipped, due to false condition; ( '$(_InvalidConfigurationWarning)' == 'true' ) was evaluated as ( '' == 'true' ).
       Task "Message"
         Configuration=Release
       Done executing task "Message".
       Task "Message"
         Platform=Win32
       Done executing task "Message".
       Task "Error" skipped, due to false condition; ('$(OutDir)' != '' and !HasTrailingSlash('$(OutDir)')) was evaluated as ('C:\Users\Tuopelo\Desktop\ts-new\turbospheresrc\turbosphere\..\lib\' != '' and !HasTrailingSlash('C:\Users\Tuopelo\Desktop\ts-new\turbospheresrc\turbosphere\..\lib\')).
       Task "Error" skipped, due to false condition; ('$(BaseIntermediateOutputPath)' != '' and !HasTrailingSlash('$(BaseIntermediateOutputPath)')) was evaluated as ('obj\' != '' and !HasTrailingSlash('obj\')).
       Task "Error" skipped, due to false condition; ('$(IntermediateOutputPath)' != '' and !HasTrailingSlash('$(IntermediateOutputPath)')) was evaluated as ('Release\' != '' and !HasTrailingSlash('Release\')).
     1>Done building target "_CheckForInvalidConfigurationAndPlatform" in project "t5.vcxproj".
     1>Target "_PrepareForClean" in file "C:\Program Files (x86)\MSBuild\Microsoft.Cpp\v4.0\Microsoft.BuildSteps.Targets" from project "C:\Users\Tuopelo\Desktop\ts-new\turbospheresrc\t5\t5.vcxproj" (target "Clean" depends on it):
       Task "Delete"
         Deleting file "Release\t5.lastbuildstate".
       Done executing task "Delete".
     1>Done building target "_PrepareForClean" in project "t5.vcxproj".
     1>Target "BeforeClean" in file "C:\Windows\Microsoft.NET\Framework\v4.0.30319\Microsoft.Common.Targets" from project "C:\Users\Tuopelo\Desktop\ts-new\turbospheresrc\t5\t5.vcxproj" (target "Clean" depends on it):
     1>Done building target "BeforeClean" in project "t5.vcxproj".
       Target "UnmanagedUnregistration" skipped, due to false condition; ((('$(_AssemblyTimestampBeforeCompile)' != '$(_AssemblyTimestampAfterCompile)' or '$(RegisterForComInterop)' != 'true' or '$(OutputType)' != 'library') or
                           ('$(_AssemblyTimestampBeforeCompile)' == '')) and
                          Exists('@(_UnmanagedRegistrationCache)')) was evaluated as ((('' != '' or '' != 'true' or 'library' != 'library') or
                           ('' == '')) and
                          Exists('obj\t5.vcxproj.UnmanagedRegistration.cache')).
     1>Target "CoreClean" in file "C:\Windows\Microsoft.NET\Framework\v4.0.30319\Microsoft.Common.Targets" from project "C:\Users\Tuopelo\Desktop\ts-new\turbospheresrc\t5\t5.vcxproj" (target "Clean" depends on it):
       Task "Delete"
       Done executing task "Delete".
       Task "ReadLinesFromFile"
       Done executing task "ReadLinesFromFile".
       Task "FindUnderPath"
         Comparison path is "C:\Users\Tuopelo\Desktop\ts-new\turbospheresrc\turbosphere\..\lib\".
       Done executing task "FindUnderPath".
       Task "FindUnderPath"
         Comparison path is "Release\".
       Done executing task "FindUnderPath".
       Task "Delete"
       Done executing task "Delete".
       Task "RemoveDuplicates"
       Done executing task "RemoveDuplicates".
       Task "MakeDir"
       Done executing task "MakeDir".
       Task "WriteLinesToFile"
       Done executing task "WriteLinesToFile".
     1>Done building target "CoreClean" in project "t5.vcxproj".
       Target "AssignProjectConfiguration" skipped, due to false condition; ('@(ProjectReference)'!='') was evaluated as (''!='').
     1>Target "_SplitProjectReferencesByFileExistence" in file "C:\Windows\Microsoft.NET\Framework\v4.0.30319\Microsoft.Common.Targets" from project "C:\Users\Tuopelo\Desktop\ts-new\turbospheresrc\t5\t5.vcxproj" (target "CleanReferencedProjects" depends on it):
       Task "ResolveNonMSBuildProjectOutput" skipped, due to false condition; ('$(BuildingInsideVisualStudio)'=='true' and '@(ProjectReferenceWithConfiguration)'!='') was evaluated as ('true'=='true' and ''!='').
     1>Done building target "_SplitProjectReferencesByFileExistence" in project "t5.vcxproj".
     1>Target "CleanReferencedProjects" in file "C:\Windows\Microsoft.NET\Framework\v4.0.30319\Microsoft.Common.Targets" from project "C:\Users\Tuopelo\Desktop\ts-new\turbospheresrc\t5\t5.vcxproj" (target "Clean" depends on it):
       Task "MSBuild" skipped, due to false condition; ('$(BuildingInsideVisualStudio)' != 'true' and '$(BuildProjectReferences)' == 'true' and '@(_MSBuildProjectReferenceExistent)' != '') was evaluated as ('true' != 'true' and 'true' == 'true' and '' != '').
     1>Done building target "CleanReferencedProjects" in project "t5.vcxproj".
     1>Target "CleanPublishFolder" in file "C:\Windows\Microsoft.NET\Framework\v4.0.30319\Microsoft.Common.Targets" from project "C:\Users\Tuopelo\Desktop\ts-new\turbospheresrc\t5\t5.vcxproj" (target "Clean" depends on it):
       Task "RemoveDir" skipped, due to false condition; ('$(PublishDir)'=='$(OutputPath)app.publish\' and Exists('$(PublishDir)')) was evaluated as ('C:\Users\Tuopelo\Desktop\ts-new\turbospheresrc\turbosphere\Release\app.publish\'=='C:\Users\Tuopelo\Desktop\ts-new\turbospheresrc\turbosphere\Release\app.publish\' and Exists('C:\Users\Tuopelo\Desktop\ts-new\turbospheresrc\turbosphere\Release\app.publish\')).
     1>Done building target "CleanPublishFolder" in project "t5.vcxproj".
     1>Target "AfterClean" in file "C:\Windows\Microsoft.NET\Framework\v4.0.30319\Microsoft.Common.Targets" from project "C:\Users\Tuopelo\Desktop\ts-new\turbospheresrc\t5\t5.vcxproj" (target "Clean" depends on it):
     1>Done building target "AfterClean" in project "t5.vcxproj".
       Target "EntityClean" skipped, due to false condition; ('@(EntityDeploy)' != '') was evaluated as ('' != '').
     1>Target "BeforeCppClean" in file "C:\Program Files (x86)\MSBuild\Microsoft.Cpp\v4.0\Microsoft.CppClean.targets" from project "C:\Users\Tuopelo\Desktop\ts-new\turbospheresrc\t5\t5.vcxproj" (target "CppClean" depends on it):
     1>Done building target "BeforeCppClean" in project "t5.vcxproj".
     1>Target "CoreCppClean" in file "C:\Program Files (x86)\MSBuild\Microsoft.Cpp\v4.0\Microsoft.CppClean.targets" from project "C:\Users\Tuopelo\Desktop\ts-new\turbospheresrc\t5\t5.vcxproj" (target "CppClean" depends on it):
       Task "MakeDir"
       Done executing task "MakeDir".
       Using "CppClean" task from assembly "Microsoft.Build.CppTasks.Common, Version=4.0.0.0, Culture=neutral, PublicKeyToken=b03f5f7f11d50a3a".
       Task "CppClean"
       Done executing task "CppClean".
       Task "WriteLinesToFile"
       Done executing task "WriteLinesToFile".
     1>Done building target "CoreCppClean" in project "t5.vcxproj".
     1>Target "AfterCppClean" in file "C:\Program Files (x86)\MSBuild\Microsoft.Cpp\v4.0\Microsoft.CppClean.targets" from project "C:\Users\Tuopelo\Desktop\ts-new\turbospheresrc\t5\t5.vcxproj" (target "CppClean" depends on it):
     1>Done building target "AfterCppClean" in project "t5.vcxproj".
     1>Target "PGInstrumentedClean" in file "C:\Program Files (x86)\MSBuild\Microsoft.Cpp\v4.0\Microsoft.CppClean.targets" from project "C:\Users\Tuopelo\Desktop\ts-new\turbospheresrc\t5\t5.vcxproj" (target "CppClean" depends on it):
       Task "Delete"
       Done executing task "Delete".
     1>Done building target "PGInstrumentedClean" in project "t5.vcxproj".
     1>Target "CppClean" in file "C:\Program Files (x86)\MSBuild\Microsoft.Cpp\v4.0\Microsoft.CppClean.targets" from project "C:\Users\Tuopelo\Desktop\ts-new\turbospheresrc\t5\t5.vcxproj" (target "Clean" depends on it):
     1>Done building target "CppClean" in project "t5.vcxproj".
     1>Target "Clean" in file "C:\Windows\Microsoft.NET\Framework\v4.0.30319\Microsoft.Common.Targets" from project "C:\Users\Tuopelo\Desktop\ts-new\turbospheresrc\t5\t5.vcxproj" (entry point):
     1>Done building target "Clean" in project "t5.vcxproj".
     1>Done Building Project "C:\Users\Tuopelo\Desktop\ts-new\turbospheresrc\t5\t5.vcxproj" (clean target(s)).

Build succeeded.

Time Elapsed 00:00:00.00
