C:\Users\Tuopelo\Desktop\turbospheresrc\graphiccommon\Release\cl.command.1.tlog
C:\Users\Tuopelo\Desktop\turbospheresrc\graphiccommon\Release\CL.read.1.tlog
C:\Users\Tuopelo\Desktop\turbospheresrc\graphiccommon\Release\CL.write.1.tlog
C:\USERS\TUOPELO\DESKTOP\TURBOSPHERESRC\GRAPHICCOMMON\RELEASE\COLOR.OBJ
C:\USERS\TUOPELO\DESKTOP\TURBOSPHERESRC\GRAPHICCOMMON\RELEASE\GRAPHICCOMMON.DLL.INTERMEDIATE.MANIFEST
C:\Users\Tuopelo\Desktop\turbospheresrc\graphiccommon\Release\graphiccommon.write.1.tlog
C:\Users\Tuopelo\Desktop\turbospheresrc\graphiccommon\Release\link.command.1.tlog
C:\Users\Tuopelo\Desktop\turbospheresrc\graphiccommon\Release\link.read.1.tlog
C:\Users\Tuopelo\Desktop\turbospheresrc\graphiccommon\Release\link.write.1.tlog
C:\Users\Tuopelo\Desktop\turbospheresrc\graphiccommon\Release\mt.command.1.tlog
C:\Users\Tuopelo\Desktop\turbospheresrc\graphiccommon\Release\mt.read.1.tlog
C:\Users\Tuopelo\Desktop\turbospheresrc\graphiccommon\Release\mt.write.1.tlog
C:\USERS\TUOPELO\DESKTOP\TURBOSPHERESRC\GRAPHICCOMMON\RELEASE\SCREEN.OBJ
C:\USERS\TUOPELO\DESKTOP\TURBOSPHERESRC\GRAPHICCOMMON\RELEASE\VC100.PDB
C:\USERS\TUOPELO\DESKTOP\TURBOSPHERESRC\LIB\GRAPHICCOMMON.DLL
C:\Users\Tuopelo\Desktop\turbospheresrc\lib\graphiccommon.exp
C:\Users\Tuopelo\Desktop\turbospheresrc\lib\graphiccommon.lib
C:\USERS\TUOPELO\DESKTOP\TURBOSPHERESRC\LIB\GRAPHICCOMMON.PDB
C:\Users\Tuopelo\Desktop\turbospheresrc\turbosphere\..\lib\graphiccommon.dll
C:\Users\Tuopelo\Desktop\turbospheresrc\turbosphere\..\lib\graphiccommon.pdb
