C:\Users\Tuopelo\Desktop\turbospheresrc\configmanager\Release\cl.command.1.tlog
C:\Users\Tuopelo\Desktop\turbospheresrc\configmanager\Release\CL.read.1.tlog
C:\Users\Tuopelo\Desktop\turbospheresrc\configmanager\Release\CL.write.1.tlog
C:\USERS\TUOPELO\DESKTOP\TURBOSPHERESRC\CONFIGMANAGER\RELEASE\CONFIGMANAGER.DLL.INTERMEDIATE.MANIFEST
C:\Users\Tuopelo\Desktop\turbospheresrc\configmanager\Release\configmanager.write.1.tlog
C:\Users\Tuopelo\Desktop\turbospheresrc\configmanager\Release\link.command.1.tlog
C:\Users\Tuopelo\Desktop\turbospheresrc\configmanager\Release\link.read.1.tlog
C:\Users\Tuopelo\Desktop\turbospheresrc\configmanager\Release\link.write.1.tlog
C:\Users\Tuopelo\Desktop\turbospheresrc\configmanager\Release\mt.command.1.tlog
C:\Users\Tuopelo\Desktop\turbospheresrc\configmanager\Release\mt.read.1.tlog
C:\Users\Tuopelo\Desktop\turbospheresrc\configmanager\Release\mt.write.1.tlog
C:\USERS\TUOPELO\DESKTOP\TURBOSPHERESRC\CONFIGMANAGER\RELEASE\OPENGAME.OBJ
C:\USERS\TUOPELO\DESKTOP\TURBOSPHERESRC\CONFIGMANAGER\RELEASE\OPENSCRIPT.OBJ
C:\USERS\TUOPELO\DESKTOP\TURBOSPHERESRC\CONFIGMANAGER\RELEASE\VC100.PDB
C:\USERS\TUOPELO\DESKTOP\TURBOSPHERESRC\LIB\CONFIGMANAGER.DLL
C:\Users\Tuopelo\Desktop\turbospheresrc\lib\configmanager.exp
C:\Users\Tuopelo\Desktop\turbospheresrc\lib\configmanager.lib
C:\USERS\TUOPELO\DESKTOP\TURBOSPHERESRC\LIB\CONFIGMANAGER.PDB
C:\Users\Tuopelo\Desktop\turbospheresrc\turbosphere\..\lib\configmanager.dll
C:\Users\Tuopelo\Desktop\turbospheresrc\turbosphere\..\lib\configmanager.pdb
