C:\USERS\TUOPELO\DESKTOP\TURBOSPHERESRC\LIB\GRAPHICSDL.DLL
C:\Users\Tuopelo\Desktop\turbospheresrc\lib\graphicSDL.exp
C:\Users\Tuopelo\Desktop\turbospheresrc\lib\graphicSDL.lib
C:\USERS\TUOPELO\DESKTOP\TURBOSPHERESRC\LIB\GRAPHICSDL.PDB
C:\Users\Tuopelo\Desktop\turbospheresrc\plugins\graphicSDL\Release\cl.command.1.tlog
C:\Users\Tuopelo\Desktop\turbospheresrc\plugins\graphicSDL\Release\CL.read.1.tlog
C:\Users\Tuopelo\Desktop\turbospheresrc\plugins\graphicSDL\Release\CL.write.1.tlog
C:\USERS\TUOPELO\DESKTOP\TURBOSPHERESRC\PLUGINS\GRAPHICSDL\RELEASE\GRAPHIC.OBJ
C:\USERS\TUOPELO\DESKTOP\TURBOSPHERESRC\PLUGINS\GRAPHICSDL\RELEASE\GRAPHICSDL.DLL.INTERMEDIATE.MANIFEST
C:\Users\Tuopelo\Desktop\turbospheresrc\plugins\graphicSDL\Release\graphicSDL.write.1.tlog
C:\Users\Tuopelo\Desktop\turbospheresrc\plugins\graphicSDL\Release\link.command.1.tlog
C:\Users\Tuopelo\Desktop\turbospheresrc\plugins\graphicSDL\Release\link.read.1.tlog
C:\Users\Tuopelo\Desktop\turbospheresrc\plugins\graphicSDL\Release\link.write.1.tlog
C:\USERS\TUOPELO\DESKTOP\TURBOSPHERESRC\PLUGINS\GRAPHICSDL\RELEASE\MAIN.OBJ
C:\Users\Tuopelo\Desktop\turbospheresrc\plugins\graphicSDL\Release\mt.command.1.tlog
C:\Users\Tuopelo\Desktop\turbospheresrc\plugins\graphicSDL\Release\mt.read.1.tlog
C:\Users\Tuopelo\Desktop\turbospheresrc\plugins\graphicSDL\Release\mt.write.1.tlog
C:\USERS\TUOPELO\DESKTOP\TURBOSPHERESRC\PLUGINS\GRAPHICSDL\RELEASE\PRIMITIVES.OBJ
C:\USERS\TUOPELO\DESKTOP\TURBOSPHERESRC\PLUGINS\GRAPHICSDL\RELEASE\SURFACE.OBJ
C:\USERS\TUOPELO\DESKTOP\TURBOSPHERESRC\PLUGINS\GRAPHICSDL\RELEASE\VC100.PDB
C:\Users\Tuopelo\Desktop\turbospheresrc\turbosphere\\..\lib\graphicSDL.dll
C:\Users\Tuopelo\Desktop\turbospheresrc\turbosphere\\..\lib\graphicSDL.pdb
