C:\Users\Tuopelo\Desktop\turbospheresrc64\graphiccommon\x64\Release\cl.command.1.tlog
C:\Users\Tuopelo\Desktop\turbospheresrc64\graphiccommon\x64\Release\CL.read.1.tlog
C:\Users\Tuopelo\Desktop\turbospheresrc64\graphiccommon\x64\Release\CL.write.1.tlog
C:\USERS\TUOPELO\DESKTOP\TURBOSPHERESRC64\GRAPHICCOMMON\X64\RELEASE\COLOR.OBJ
C:\USERS\TUOPELO\DESKTOP\TURBOSPHERESRC64\GRAPHICCOMMON\X64\RELEASE\GRAPHICCOMMON.DLL.INTERMEDIATE.MANIFEST
C:\Users\Tuopelo\Desktop\turbospheresrc64\graphiccommon\x64\Release\graphiccommon.write.1.tlog
C:\Users\Tuopelo\Desktop\turbospheresrc64\graphiccommon\x64\Release\link.command.1.tlog
C:\Users\Tuopelo\Desktop\turbospheresrc64\graphiccommon\x64\Release\link.read.1.tlog
C:\Users\Tuopelo\Desktop\turbospheresrc64\graphiccommon\x64\Release\link.write.1.tlog
C:\Users\Tuopelo\Desktop\turbospheresrc64\graphiccommon\x64\Release\mt.command.1.tlog
C:\Users\Tuopelo\Desktop\turbospheresrc64\graphiccommon\x64\Release\mt.read.1.tlog
C:\Users\Tuopelo\Desktop\turbospheresrc64\graphiccommon\x64\Release\mt.write.1.tlog
C:\USERS\TUOPELO\DESKTOP\TURBOSPHERESRC64\GRAPHICCOMMON\X64\RELEASE\SCREEN.OBJ
C:\USERS\TUOPELO\DESKTOP\TURBOSPHERESRC64\GRAPHICCOMMON\X64\RELEASE\VCWINDOWS7.1SDK.PDB
C:\USERS\TUOPELO\DESKTOP\TURBOSPHERESRC64\LIB\GRAPHICCOMMON.DLL
C:\Users\Tuopelo\Desktop\turbospheresrc64\lib\graphiccommon.exp
C:\Users\Tuopelo\Desktop\turbospheresrc64\lib\graphiccommon.lib
C:\USERS\TUOPELO\DESKTOP\TURBOSPHERESRC64\LIB\GRAPHICCOMMON.PDB
C:\Users\Tuopelo\Desktop\turbospheresrc64\turbosphere\..\lib\graphiccommon.dll
C:\Users\Tuopelo\Desktop\turbospheresrc64\turbosphere\..\lib\graphiccommon.pdb
